2024-05-27 17:03:37.774 INFO  8424 --- [main] org.example.bsproject.BSprojectApplication - Starting BSprojectApplication using Java 1.8.0_402 on LAPTOP-I8OFT18R with PID 8424 (W:\JavaProject\BSproject\target\classes started by huang in W:\JavaProject\BSproject)
2024-05-27 17:03:37.776 INFO  8424 --- [main] org.example.bsproject.BSprojectApplication - No active profile set, falling back to 1 default profile: "default"
2024-05-27 17:03:38.236 INFO  8424 --- [main] o.s.d.r.config.RepositoryConfigurationDelegate - Multiple Spring Data modules found, entering strict repository configuration mode
2024-05-27 17:03:38.237 INFO  8424 --- [main] o.s.d.r.config.RepositoryConfigurationDelegate - Bootstrapping Spring Data JDBC repositories in DEFAULT mode.
2024-05-27 17:03:38.253 INFO  8424 --- [main] o.s.d.r.config.RepositoryConfigurationDelegate - Finished Spring Data repository scanning in 12 ms. Found 0 JDBC repository interfaces.
2024-05-27 17:03:38.262 INFO  8424 --- [main] o.s.d.r.config.RepositoryConfigurationDelegate - Multiple Spring Data modules found, entering strict repository configuration mode
2024-05-27 17:03:38.263 INFO  8424 --- [main] o.s.d.r.config.RepositoryConfigurationDelegate - Bootstrapping Spring Data Redis repositories in DEFAULT mode.
2024-05-27 17:03:38.273 INFO  8424 --- [main] o.s.d.r.config.RepositoryConfigurationDelegate - Finished Spring Data repository scanning in 2 ms. Found 0 Redis repository interfaces.
2024-05-27 17:03:38.572 INFO  8424 --- [main] o.s.boot.web.embedded.tomcat.TomcatWebServer - Tomcat initialized with port(s): 8080 (http)
2024-05-27 17:03:38.576 INFO  8424 --- [main] org.apache.coyote.http11.Http11NioProtocol - Initializing ProtocolHandler ["http-nio-8080"]
2024-05-27 17:03:38.577 INFO  8424 --- [main] org.apache.catalina.core.StandardService - Starting service [Tomcat]
2024-05-27 17:03:38.577 INFO  8424 --- [main] org.apache.catalina.core.StandardEngine - Starting Servlet engine: [Apache Tomcat/9.0.68]
2024-05-27 17:03:38.628 INFO  8424 --- [main] o.a.c.core.ContainerBase.[Tomcat].[localhost].[/] - Initializing Spring embedded WebApplicationContext
2024-05-27 17:03:38.628 INFO  8424 --- [main] o.s.b.w.s.c.ServletWebServerApplicationContext - Root WebApplicationContext: initialization completed in 828 ms
2024-05-27 17:03:39.524 INFO  8424 --- [main] o.s.b.a.web.servlet.WelcomePageHandlerMapping - Adding welcome page: class path resource [static/index.html]
2024-05-27 17:03:39.569 INFO  8424 --- [main] o.s.security.web.DefaultSecurityFilterChain - Will secure any request with [org.springframework.security.web.context.request.async.WebAsyncManagerIntegrationFilter@481558ce, org.springframework.security.web.context.SecurityContextPersistenceFilter@12a470dd, org.springframework.security.web.header.HeaderWriterFilter@726934e2, org.springframework.web.filter.CorsFilter@2668c286, org.springframework.security.web.authentication.logout.LogoutFilter@39f5b723, org.example.bsproject.component.JwtAuthenticationTokenFilter@2aff9dff, org.springframework.security.web.savedrequest.RequestCacheAwareFilter@5568c66f, org.springframework.security.web.servletapi.SecurityContextHolderAwareRequestFilter@2c63762b, org.springframework.security.web.authentication.AnonymousAuthenticationFilter@7f353a0f, org.springframework.security.web.session.SessionManagementFilter@3a7e365, org.springframework.security.web.access.ExceptionTranslationFilter@6a1ef65c, org.springframework.security.web.access.intercept.FilterSecurityInterceptor@6d6d480c]
2024-05-27 17:03:39.660 INFO  8424 --- [main] com.zaxxer.hikari.HikariDataSource - HikariPool-1 - Starting...
2024-05-27 17:03:39.872 INFO  8424 --- [main] com.zaxxer.hikari.HikariDataSource - HikariPool-1 - Start completed.
2024-05-27 17:03:39.947 INFO  8424 --- [main] org.apache.coyote.http11.Http11NioProtocol - Starting ProtocolHandler ["http-nio-8080"]
2024-05-27 17:03:39.958 INFO  8424 --- [main] o.s.boot.web.embedded.tomcat.TomcatWebServer - Tomcat started on port(s): 8080 (http) with context path ''
2024-05-27 17:03:39.963 INFO  8424 --- [main] org.example.bsproject.BSprojectApplication - Started BSprojectApplication in 2.451 seconds (JVM running for 2.95)
2024-05-27 17:13:22.602 INFO  8424 --- [http-nio-8080-exec-1] o.a.c.core.ContainerBase.[Tomcat].[localhost].[/] - Initializing Spring DispatcherServlet 'dispatcherServlet'
2024-05-27 17:13:22.602 INFO  8424 --- [http-nio-8080-exec-1] org.springframework.web.servlet.DispatcherServlet - Initializing Servlet 'dispatcherServlet'
2024-05-27 17:13:22.603 INFO  8424 --- [http-nio-8080-exec-1] org.springframework.web.servlet.DispatcherServlet - Completed initialization in 1 ms
2024-05-27 17:13:22.754 WARN  8424 --- [http-nio-8080-exec-1] com.zaxxer.hikari.pool.PoolBase - HikariPool-1 - Failed to validate connection com.mysql.cj.jdbc.ConnectionImpl@64732201 (No operations allowed after connection closed.). Possibly consider using a shorter maxLifetime value.
2024-05-27 17:13:22.755 WARN  8424 --- [http-nio-8080-exec-1] com.zaxxer.hikari.pool.PoolBase - HikariPool-1 - Failed to validate connection com.mysql.cj.jdbc.ConnectionImpl@78ab8fbf (No operations allowed after connection closed.). Possibly consider using a shorter maxLifetime value.
2024-05-27 17:13:22.755 WARN  8424 --- [http-nio-8080-exec-1] com.zaxxer.hikari.pool.PoolBase - HikariPool-1 - Failed to validate connection com.mysql.cj.jdbc.ConnectionImpl@535d981 (No operations allowed after connection closed.). Possibly consider using a shorter maxLifetime value.
2024-05-27 17:13:22.756 WARN  8424 --- [http-nio-8080-exec-1] com.zaxxer.hikari.pool.PoolBase - HikariPool-1 - Failed to validate connection com.mysql.cj.jdbc.ConnectionImpl@282a640f (No operations allowed after connection closed.). Possibly consider using a shorter maxLifetime value.
2024-05-27 17:13:22.756 WARN  8424 --- [http-nio-8080-exec-1] com.zaxxer.hikari.pool.PoolBase - HikariPool-1 - Failed to validate connection com.mysql.cj.jdbc.ConnectionImpl@2ae5e15e (No operations allowed after connection closed.). Possibly consider using a shorter maxLifetime value.
2024-05-27 17:13:22.756 WARN  8424 --- [http-nio-8080-exec-1] com.zaxxer.hikari.pool.PoolBase - HikariPool-1 - Failed to validate connection com.mysql.cj.jdbc.ConnectionImpl@e9745ca (No operations allowed after connection closed.). Possibly consider using a shorter maxLifetime value.
2024-05-27 17:13:22.758 WARN  8424 --- [http-nio-8080-exec-1] com.zaxxer.hikari.pool.PoolBase - HikariPool-1 - Failed to validate connection com.mysql.cj.jdbc.ConnectionImpl@25c57c48 (No operations allowed after connection closed.). Possibly consider using a shorter maxLifetime value.
2024-05-27 17:13:22.758 WARN  8424 --- [http-nio-8080-exec-1] com.zaxxer.hikari.pool.PoolBase - HikariPool-1 - Failed to validate connection com.mysql.cj.jdbc.ConnectionImpl@5eb46ee3 (No operations allowed after connection closed.). Possibly consider using a shorter maxLifetime value.
2024-05-27 17:13:22.759 WARN  8424 --- [http-nio-8080-exec-1] com.zaxxer.hikari.pool.PoolBase - HikariPool-1 - Failed to validate connection com.mysql.cj.jdbc.ConnectionImpl@5b5e9b7a (No operations allowed after connection closed.). Possibly consider using a shorter maxLifetime value.
2024-05-27 17:13:22.759 WARN  8424 --- [http-nio-8080-exec-1] com.zaxxer.hikari.pool.PoolBase - HikariPool-1 - Failed to validate connection com.mysql.cj.jdbc.ConnectionImpl@6fd33cce (No operations allowed after connection closed.). Possibly consider using a shorter maxLifetime value.
2024-05-27 17:15:00.460 INFO  8424 --- [http-nio-8080-exec-5] o.e.b.component.JwtAuthenticationTokenFilter - checking admin username:root
2024-05-27 17:15:00.469 INFO  8424 --- [http-nio-8080-exec-5] o.e.b.component.JwtAuthenticationTokenFilter - authenticated admin:root failed
2024-05-27 17:15:00.472 ERROR 8424 --- [http-nio-8080-exec-5] o.a.c.c.C.[.[localhost].[/].[dispatcherServlet] - Servlet.service() for servlet [dispatcherServlet] in context with path [] threw exception
org.example.bsproject.common.exception.JwtException: 用户已过期，请重新登录
	at org.example.bsproject.component.JwtAuthenticationTokenFilter.doFilterInternal(JwtAuthenticationTokenFilter.java:93)
	at org.springframework.web.filter.OncePerRequestFilter.doFilter(OncePerRequestFilter.java:117)
	at org.springframework.security.web.FilterChainProxy$VirtualFilterChain.doFilter(FilterChainProxy.java:346)
	at org.springframework.security.web.authentication.logout.LogoutFilter.doFilter(LogoutFilter.java:103)
	at org.springframework.security.web.authentication.logout.LogoutFilter.doFilter(LogoutFilter.java:89)
	at org.springframework.security.web.FilterChainProxy$VirtualFilterChain.doFilter(FilterChainProxy.java:346)
	at org.springframework.web.filter.CorsFilter.doFilterInternal(CorsFilter.java:91)
	at org.springframework.web.filter.OncePerRequestFilter.doFilter(OncePerRequestFilter.java:117)
	at org.springframework.security.web.FilterChainProxy$VirtualFilterChain.doFilter(FilterChainProxy.java:346)
	at org.springframework.security.web.header.HeaderWriterFilter.doHeadersAfter(HeaderWriterFilter.java:90)
	at org.springframework.security.web.header.HeaderWriterFilter.doFilterInternal(HeaderWriterFilter.java:75)
	at org.springframework.web.filter.OncePerRequestFilter.doFilter(OncePerRequestFilter.java:117)
	at org.springframework.security.web.FilterChainProxy$VirtualFilterChain.doFilter(FilterChainProxy.java:346)
	at org.springframework.security.web.context.SecurityContextPersistenceFilter.doFilter(SecurityContextPersistenceFilter.java:110)
	at org.springframework.security.web.context.SecurityContextPersistenceFilter.doFilter(SecurityContextPersistenceFilter.java:80)
	at org.springframework.security.web.FilterChainProxy$VirtualFilterChain.doFilter(FilterChainProxy.java:346)
	at org.springframework.security.web.context.request.async.WebAsyncManagerIntegrationFilter.doFilterInternal(WebAsyncManagerIntegrationFilter.java:55)
	at org.springframework.web.filter.OncePerRequestFilter.doFilter(OncePerRequestFilter.java:117)
	at org.springframework.security.web.FilterChainProxy$VirtualFilterChain.doFilter(FilterChainProxy.java:346)
	at org.springframework.security.web.FilterChainProxy.doFilterInternal(FilterChainProxy.java:221)
	at org.springframework.security.web.FilterChainProxy.doFilter(FilterChainProxy.java:186)
	at org.springframework.web.filter.DelegatingFilterProxy.invokeDelegate(DelegatingFilterProxy.java:354)
	at org.springframework.web.filter.DelegatingFilterProxy.doFilter(DelegatingFilterProxy.java:267)
	at org.apache.catalina.core.ApplicationFilterChain.internalDoFilter(ApplicationFilterChain.java:189)
	at org.apache.catalina.core.ApplicationFilterChain.doFilter(ApplicationFilterChain.java:162)
	at org.springframework.web.filter.RequestContextFilter.doFilterInternal(RequestContextFilter.java:100)
	at org.springframework.web.filter.OncePerRequestFilter.doFilter(OncePerRequestFilter.java:117)
	at org.apache.catalina.core.ApplicationFilterChain.internalDoFilter(ApplicationFilterChain.java:189)
	at org.apache.catalina.core.ApplicationFilterChain.doFilter(ApplicationFilterChain.java:162)
	at org.springframework.web.filter.FormContentFilter.doFilterInternal(FormContentFilter.java:93)
	at org.springframework.web.filter.OncePerRequestFilter.doFilter(OncePerRequestFilter.java:117)
	at org.apache.catalina.core.ApplicationFilterChain.internalDoFilter(ApplicationFilterChain.java:189)
	at org.apache.catalina.core.ApplicationFilterChain.doFilter(ApplicationFilterChain.java:162)
	at org.springframework.web.filter.CharacterEncodingFilter.doFilterInternal(CharacterEncodingFilter.java:201)
	at org.springframework.web.filter.OncePerRequestFilter.doFilter(OncePerRequestFilter.java:117)
	at org.apache.catalina.core.ApplicationFilterChain.internalDoFilter(ApplicationFilterChain.java:189)
	at org.apache.catalina.core.ApplicationFilterChain.doFilter(ApplicationFilterChain.java:162)
	at org.apache.catalina.core.StandardWrapperValve.invoke(StandardWrapperValve.java:197)
	at org.apache.catalina.core.StandardContextValve.invoke(StandardContextValve.java:97)
	at org.apache.catalina.authenticator.AuthenticatorBase.invoke(AuthenticatorBase.java:541)
	at org.apache.catalina.core.StandardHostValve.invoke(StandardHostValve.java:135)
	at org.apache.catalina.valves.ErrorReportValve.invoke(ErrorReportValve.java:92)
	at org.apache.catalina.core.StandardEngineValve.invoke(StandardEngineValve.java:78)
	at org.apache.catalina.connector.CoyoteAdapter.service(CoyoteAdapter.java:360)
	at org.apache.coyote.http11.Http11Processor.service(Http11Processor.java:399)
	at org.apache.coyote.AbstractProcessorLight.process(AbstractProcessorLight.java:65)
	at org.apache.coyote.AbstractProtocol$ConnectionHandler.process(AbstractProtocol.java:893)
	at org.apache.tomcat.util.net.NioEndpoint$SocketProcessor.doRun(NioEndpoint.java:1789)
	at org.apache.tomcat.util.net.SocketProcessorBase.run(SocketProcessorBase.java:49)
	at org.apache.tomcat.util.threads.ThreadPoolExecutor.runWorker(ThreadPoolExecutor.java:1191)
	at org.apache.tomcat.util.threads.ThreadPoolExecutor$Worker.run(ThreadPoolExecutor.java:659)
	at org.apache.tomcat.util.threads.TaskThread$WrappingRunnable.run(TaskThread.java:61)
	at java.lang.Thread.run(Thread.java:750)
2024-05-27 17:15:19.736 INFO  8424 --- [http-nio-8080-exec-7] o.e.b.component.JwtAuthenticationTokenFilter - checking admin username:root
2024-05-27 17:15:19.739 INFO  8424 --- [http-nio-8080-exec-7] o.e.b.component.JwtAuthenticationTokenFilter - authenticated admin:root
2024-05-27 17:16:53.462 INFO  8424 --- [http-nio-8080-exec-8] o.e.b.component.JwtAuthenticationTokenFilter - checking admin username:root
2024-05-27 17:16:53.464 INFO  8424 --- [http-nio-8080-exec-8] o.e.b.component.JwtAuthenticationTokenFilter - authenticated admin:root
2024-05-27 17:20:06.096 INFO  8424 --- [http-nio-8080-exec-1] o.e.b.component.JwtAuthenticationTokenFilter - checking admin username:root
2024-05-27 17:20:06.098 INFO  8424 --- [http-nio-8080-exec-1] o.e.b.component.JwtAuthenticationTokenFilter - authenticated admin:root
2024-05-27 17:23:29.014 INFO  8424 --- [SpringApplicationShutdownHook] com.zaxxer.hikari.HikariDataSource - HikariPool-1 - Shutdown initiated...
2024-05-27 17:23:29.020 INFO  8424 --- [SpringApplicationShutdownHook] com.zaxxer.hikari.HikariDataSource - HikariPool-1 - Shutdown completed.
2024-05-27 17:23:33.100 INFO  91292 --- [main] org.example.bsproject.BSprojectApplication - Starting BSprojectApplication using Java 1.8.0_402 on LAPTOP-I8OFT18R with PID 91292 (W:\JavaProject\BSproject\target\classes started by huang in W:\JavaProject\BSproject)
2024-05-27 17:23:33.101 INFO  91292 --- [main] org.example.bsproject.BSprojectApplication - No active profile set, falling back to 1 default profile: "default"
2024-05-27 17:23:33.409 INFO  91292 --- [main] o.s.d.r.config.RepositoryConfigurationDelegate - Multiple Spring Data modules found, entering strict repository configuration mode
2024-05-27 17:23:33.409 INFO  91292 --- [main] o.s.d.r.config.RepositoryConfigurationDelegate - Bootstrapping Spring Data JDBC repositories in DEFAULT mode.
2024-05-27 17:23:33.418 INFO  91292 --- [main] o.s.d.r.config.RepositoryConfigurationDelegate - Finished Spring Data repository scanning in 7 ms. Found 0 JDBC repository interfaces.
2024-05-27 17:23:33.422 INFO  91292 --- [main] o.s.d.r.config.RepositoryConfigurationDelegate - Multiple Spring Data modules found, entering strict repository configuration mode
2024-05-27 17:23:33.423 INFO  91292 --- [main] o.s.d.r.config.RepositoryConfigurationDelegate - Bootstrapping Spring Data Redis repositories in DEFAULT mode.
2024-05-27 17:23:33.428 INFO  91292 --- [main] o.s.d.r.config.RepositoryConfigurationDelegate - Finished Spring Data repository scanning in 2 ms. Found 0 Redis repository interfaces.
2024-05-27 17:23:33.653 INFO  91292 --- [main] o.s.boot.web.embedded.tomcat.TomcatWebServer - Tomcat initialized with port(s): 8080 (http)
2024-05-27 17:23:33.658 INFO  91292 --- [main] org.apache.coyote.http11.Http11NioProtocol - Initializing ProtocolHandler ["http-nio-8080"]
2024-05-27 17:23:33.658 INFO  91292 --- [main] org.apache.catalina.core.StandardService - Starting service [Tomcat]
2024-05-27 17:23:33.658 INFO  91292 --- [main] org.apache.catalina.core.StandardEngine - Starting Servlet engine: [Apache Tomcat/9.0.68]
2024-05-27 17:23:33.706 INFO  91292 --- [main] o.a.c.core.ContainerBase.[Tomcat].[localhost].[/] - Initializing Spring embedded WebApplicationContext
2024-05-27 17:23:33.706 INFO  91292 --- [main] o.s.b.w.s.c.ServletWebServerApplicationContext - Root WebApplicationContext: initialization completed in 583 ms
2024-05-27 17:23:34.482 INFO  91292 --- [main] o.s.b.a.web.servlet.WelcomePageHandlerMapping - Adding welcome page: class path resource [static/index.html]
2024-05-27 17:23:34.518 INFO  91292 --- [main] o.s.security.web.DefaultSecurityFilterChain - Will secure any request with [org.springframework.security.web.context.request.async.WebAsyncManagerIntegrationFilter@12e12ac9, org.springframework.security.web.context.SecurityContextPersistenceFilter@27abb6ca, org.springframework.security.web.header.HeaderWriterFilter@502a4156, org.springframework.web.filter.CorsFilter@5e230fc6, org.springframework.security.web.authentication.logout.LogoutFilter@7235f92b, org.example.bsproject.component.JwtAuthenticationTokenFilter@50850539, org.springframework.security.web.savedrequest.RequestCacheAwareFilter@6968c1d6, org.springframework.security.web.servletapi.SecurityContextHolderAwareRequestFilter@6968bcec, org.springframework.security.web.authentication.AnonymousAuthenticationFilter@7a8341c1, org.springframework.security.web.session.SessionManagementFilter@42f85fa4, org.springframework.security.web.access.ExceptionTranslationFilter@1163a27, org.springframework.security.web.access.intercept.FilterSecurityInterceptor@4debbf0]
2024-05-27 17:23:34.592 INFO  91292 --- [main] com.zaxxer.hikari.HikariDataSource - HikariPool-1 - Starting...
2024-05-27 17:23:34.730 INFO  91292 --- [main] com.zaxxer.hikari.HikariDataSource - HikariPool-1 - Start completed.
2024-05-27 17:23:34.795 INFO  91292 --- [main] org.apache.coyote.http11.Http11NioProtocol - Starting ProtocolHandler ["http-nio-8080"]
2024-05-27 17:23:34.805 INFO  91292 --- [main] o.s.boot.web.embedded.tomcat.TomcatWebServer - Tomcat started on port(s): 8080 (http) with context path ''
2024-05-27 17:23:34.810 INFO  91292 --- [main] org.example.bsproject.BSprojectApplication - Started BSprojectApplication in 1.917 seconds (JVM running for 2.361)
2024-05-27 17:23:34.849 INFO  91292 --- [http-nio-8080-exec-2] o.a.c.core.ContainerBase.[Tomcat].[localhost].[/] - Initializing Spring DispatcherServlet 'dispatcherServlet'
2024-05-27 17:23:34.849 INFO  91292 --- [http-nio-8080-exec-2] org.springframework.web.servlet.DispatcherServlet - Initializing Servlet 'dispatcherServlet'
2024-05-27 17:23:34.850 INFO  91292 --- [http-nio-8080-exec-2] org.springframework.web.servlet.DispatcherServlet - Completed initialization in 1 ms
2024-05-27 17:25:41.225 INFO  91292 --- [http-nio-8080-exec-3] o.e.b.component.JwtAuthenticationTokenFilter - checking admin username:root
2024-05-27 17:25:41.857 INFO  91292 --- [http-nio-8080-exec-3] o.e.b.component.JwtAuthenticationTokenFilter - authenticated admin:root
2024-05-27 17:41:14.247 INFO  91292 --- [SpringApplicationShutdownHook] com.zaxxer.hikari.HikariDataSource - HikariPool-1 - Shutdown initiated...
2024-05-27 17:41:14.250 INFO  91292 --- [SpringApplicationShutdownHook] com.zaxxer.hikari.HikariDataSource - HikariPool-1 - Shutdown completed.
2024-05-27 17:41:17.664 INFO  70548 --- [main] org.example.bsproject.BSprojectApplication - Starting BSprojectApplication using Java 1.8.0_402 on LAPTOP-I8OFT18R with PID 70548 (W:\JavaProject\BSproject\target\classes started by huang in W:\JavaProject\BSproject)
2024-05-27 17:41:17.665 INFO  70548 --- [main] org.example.bsproject.BSprojectApplication - No active profile set, falling back to 1 default profile: "default"
2024-05-27 17:41:17.988 INFO  70548 --- [main] o.s.d.r.config.RepositoryConfigurationDelegate - Multiple Spring Data modules found, entering strict repository configuration mode
2024-05-27 17:41:17.989 INFO  70548 --- [main] o.s.d.r.config.RepositoryConfigurationDelegate - Bootstrapping Spring Data JDBC repositories in DEFAULT mode.
2024-05-27 17:41:17.998 INFO  70548 --- [main] o.s.d.r.config.RepositoryConfigurationDelegate - Finished Spring Data repository scanning in 7 ms. Found 0 JDBC repository interfaces.
2024-05-27 17:41:18.004 INFO  70548 --- [main] o.s.d.r.config.RepositoryConfigurationDelegate - Multiple Spring Data modules found, entering strict repository configuration mode
2024-05-27 17:41:18.004 INFO  70548 --- [main] o.s.d.r.config.RepositoryConfigurationDelegate - Bootstrapping Spring Data Redis repositories in DEFAULT mode.
2024-05-27 17:41:18.010 INFO  70548 --- [main] o.s.d.r.config.RepositoryConfigurationDelegate - Finished Spring Data repository scanning in 2 ms. Found 0 Redis repository interfaces.
2024-05-27 17:41:18.255 INFO  70548 --- [main] o.s.boot.web.embedded.tomcat.TomcatWebServer - Tomcat initialized with port(s): 8080 (http)
2024-05-27 17:41:18.258 INFO  70548 --- [main] org.apache.coyote.http11.Http11NioProtocol - Initializing ProtocolHandler ["http-nio-8080"]
2024-05-27 17:41:18.259 INFO  70548 --- [main] org.apache.catalina.core.StandardService - Starting service [Tomcat]
2024-05-27 17:41:18.259 INFO  70548 --- [main] org.apache.catalina.core.StandardEngine - Starting Servlet engine: [Apache Tomcat/9.0.68]
2024-05-27 17:41:18.301 INFO  70548 --- [main] o.a.c.core.ContainerBase.[Tomcat].[localhost].[/] - Initializing Spring embedded WebApplicationContext
2024-05-27 17:41:18.302 INFO  70548 --- [main] o.s.b.w.s.c.ServletWebServerApplicationContext - Root WebApplicationContext: initialization completed in 612 ms
2024-05-27 17:41:19.113 INFO  70548 --- [main] o.s.b.a.web.servlet.WelcomePageHandlerMapping - Adding welcome page: class path resource [static/index.html]
2024-05-27 17:41:19.153 INFO  70548 --- [main] o.s.security.web.DefaultSecurityFilterChain - Will secure any request with [org.springframework.security.web.context.request.async.WebAsyncManagerIntegrationFilter@c7f4457, org.springframework.security.web.context.SecurityContextPersistenceFilter@27abb6ca, org.springframework.security.web.header.HeaderWriterFilter@502a4156, org.springframework.web.filter.CorsFilter@12e12ac9, org.springframework.security.web.authentication.logout.LogoutFilter@7235f92b, org.example.bsproject.component.JwtAuthenticationTokenFilter@50850539, org.springframework.security.web.savedrequest.RequestCacheAwareFilter@6968c1d6, org.springframework.security.web.servletapi.SecurityContextHolderAwareRequestFilter@6968bcec, org.springframework.security.web.authentication.AnonymousAuthenticationFilter@5e230fc6, org.springframework.security.web.session.SessionManagementFilter@42f85fa4, org.springframework.security.web.access.ExceptionTranslationFilter@1163a27, org.springframework.security.web.access.intercept.FilterSecurityInterceptor@1faf386c]
2024-05-27 17:41:19.231 INFO  70548 --- [main] com.zaxxer.hikari.HikariDataSource - HikariPool-1 - Starting...
2024-05-27 17:41:19.501 INFO  70548 --- [main] com.zaxxer.hikari.HikariDataSource - HikariPool-1 - Start completed.
2024-05-27 17:41:19.581 INFO  70548 --- [main] org.apache.coyote.http11.Http11NioProtocol - Starting ProtocolHandler ["http-nio-8080"]
2024-05-27 17:41:19.591 INFO  70548 --- [main] o.s.boot.web.embedded.tomcat.TomcatWebServer - Tomcat started on port(s): 8080 (http) with context path ''
2024-05-27 17:41:19.596 INFO  70548 --- [main] org.example.bsproject.BSprojectApplication - Started BSprojectApplication in 2.161 seconds (JVM running for 2.611)
2024-05-27 17:41:19.734 INFO  70548 --- [http-nio-8080-exec-1] o.a.c.core.ContainerBase.[Tomcat].[localhost].[/] - Initializing Spring DispatcherServlet 'dispatcherServlet'
2024-05-27 17:41:19.735 INFO  70548 --- [http-nio-8080-exec-1] org.springframework.web.servlet.DispatcherServlet - Initializing Servlet 'dispatcherServlet'
2024-05-27 17:41:19.735 INFO  70548 --- [http-nio-8080-exec-1] org.springframework.web.servlet.DispatcherServlet - Completed initialization in 0 ms
2024-05-27 17:44:07.859 INFO  70548 --- [SpringApplicationShutdownHook] com.zaxxer.hikari.HikariDataSource - HikariPool-1 - Shutdown initiated...
2024-05-27 17:44:07.861 INFO  70548 --- [SpringApplicationShutdownHook] com.zaxxer.hikari.HikariDataSource - HikariPool-1 - Shutdown completed.
2024-05-27 17:44:10.912 INFO  42244 --- [main] org.example.bsproject.BSprojectApplication - Starting BSprojectApplication using Java 1.8.0_402 on LAPTOP-I8OFT18R with PID 42244 (W:\JavaProject\BSproject\target\classes started by huang in W:\JavaProject\BSproject)
2024-05-27 17:44:10.914 INFO  42244 --- [main] org.example.bsproject.BSprojectApplication - No active profile set, falling back to 1 default profile: "default"
2024-05-27 17:44:11.236 INFO  42244 --- [main] o.s.d.r.config.RepositoryConfigurationDelegate - Multiple Spring Data modules found, entering strict repository configuration mode
2024-05-27 17:44:11.236 INFO  42244 --- [main] o.s.d.r.config.RepositoryConfigurationDelegate - Bootstrapping Spring Data JDBC repositories in DEFAULT mode.
2024-05-27 17:44:11.245 INFO  42244 --- [main] o.s.d.r.config.RepositoryConfigurationDelegate - Finished Spring Data repository scanning in 7 ms. Found 0 JDBC repository interfaces.
2024-05-27 17:44:11.249 INFO  42244 --- [main] o.s.d.r.config.RepositoryConfigurationDelegate - Multiple Spring Data modules found, entering strict repository configuration mode
2024-05-27 17:44:11.250 INFO  42244 --- [main] o.s.d.r.config.RepositoryConfigurationDelegate - Bootstrapping Spring Data Redis repositories in DEFAULT mode.
2024-05-27 17:44:11.255 INFO  42244 --- [main] o.s.d.r.config.RepositoryConfigurationDelegate - Finished Spring Data repository scanning in 2 ms. Found 0 Redis repository interfaces.
2024-05-27 17:44:11.514 INFO  42244 --- [main] o.s.boot.web.embedded.tomcat.TomcatWebServer - Tomcat initialized with port(s): 8080 (http)
2024-05-27 17:44:11.518 INFO  42244 --- [main] org.apache.coyote.http11.Http11NioProtocol - Initializing ProtocolHandler ["http-nio-8080"]
2024-05-27 17:44:11.518 INFO  42244 --- [main] org.apache.catalina.core.StandardService - Starting service [Tomcat]
2024-05-27 17:44:11.519 INFO  42244 --- [main] org.apache.catalina.core.StandardEngine - Starting Servlet engine: [Apache Tomcat/9.0.68]
2024-05-27 17:44:11.569 INFO  42244 --- [main] o.a.c.core.ContainerBase.[Tomcat].[localhost].[/] - Initializing Spring embedded WebApplicationContext
2024-05-27 17:44:11.569 INFO  42244 --- [main] o.s.b.w.s.c.ServletWebServerApplicationContext - Root WebApplicationContext: initialization completed in 634 ms
2024-05-27 17:44:12.380 INFO  42244 --- [main] o.s.b.a.web.servlet.WelcomePageHandlerMapping - Adding welcome page: class path resource [static/index.html]
2024-05-27 17:44:12.431 INFO  42244 --- [main] o.s.security.web.DefaultSecurityFilterChain - Will secure any request with [org.springframework.security.web.context.request.async.WebAsyncManagerIntegrationFilter@ca8ef3a, org.springframework.security.web.context.SecurityContextPersistenceFilter@7885776b, org.springframework.security.web.header.HeaderWriterFilter@7a9eccc4, org.springframework.web.filter.CorsFilter@17043b04, org.springframework.security.web.authentication.logout.LogoutFilter@999b951, org.example.bsproject.component.JwtAuthenticationTokenFilter@726aa968, org.springframework.security.web.savedrequest.RequestCacheAwareFilter@3472947a, org.springframework.security.web.servletapi.SecurityContextHolderAwareRequestFilter@2404b5a, org.springframework.security.web.authentication.AnonymousAuthenticationFilter@511f5b1d, org.springframework.security.web.session.SessionManagementFilter@3069a360, org.springframework.security.web.access.ExceptionTranslationFilter@4cad79bc, org.springframework.security.web.access.intercept.FilterSecurityInterceptor@16ac5d35]
2024-05-27 17:44:12.527 INFO  42244 --- [main] com.zaxxer.hikari.HikariDataSource - HikariPool-1 - Starting...
2024-05-27 17:44:12.678 INFO  42244 --- [main] com.zaxxer.hikari.HikariDataSource - HikariPool-1 - Start completed.
2024-05-27 17:44:12.751 INFO  42244 --- [main] org.apache.coyote.http11.Http11NioProtocol - Starting ProtocolHandler ["http-nio-8080"]
2024-05-27 17:44:12.761 INFO  42244 --- [main] o.s.boot.web.embedded.tomcat.TomcatWebServer - Tomcat started on port(s): 8080 (http) with context path ''
2024-05-27 17:44:12.766 INFO  42244 --- [main] org.example.bsproject.BSprojectApplication - Started BSprojectApplication in 2.054 seconds (JVM running for 2.495)
2024-05-27 17:44:15.876 INFO  42244 --- [http-nio-8080-exec-1] o.a.c.core.ContainerBase.[Tomcat].[localhost].[/] - Initializing Spring DispatcherServlet 'dispatcherServlet'
2024-05-27 17:44:15.876 INFO  42244 --- [http-nio-8080-exec-1] org.springframework.web.servlet.DispatcherServlet - Initializing Servlet 'dispatcherServlet'
2024-05-27 17:44:15.877 INFO  42244 --- [http-nio-8080-exec-1] org.springframework.web.servlet.DispatcherServlet - Completed initialization in 1 ms
2024-05-27 18:08:43.508 INFO  42244 --- [http-nio-8080-exec-5] org.example.bsproject.component.WebSocket - root[websocket消息]有新的连接，总数为:1
2024-05-27 18:09:07.945 INFO  42244 --- [http-nio-8080-exec-3] org.example.bsproject.component.WebSocket - root[websocket消息]有新的连接，总数为:2
2024-05-27 18:09:07.947 INFO  42244 --- [http-nio-8080-exec-4] org.example.bsproject.component.WebSocket - [websocket消息]连接断开，总数为:1
2024-05-27 18:09:14.052 INFO  42244 --- [http-nio-8080-exec-8] o.e.b.component.JwtAuthenticationTokenFilter - checking admin username:root
2024-05-27 18:09:14.680 INFO  42244 --- [http-nio-8080-exec-8] o.e.b.component.JwtAuthenticationTokenFilter - authenticated admin:root failed
2024-05-27 18:09:14.683 ERROR 42244 --- [http-nio-8080-exec-8] o.a.c.c.C.[.[localhost].[/].[dispatcherServlet] - Servlet.service() for servlet [dispatcherServlet] in context with path [] threw exception
java.lang.RuntimeException: 用户未登录
	at org.example.bsproject.component.JwtAuthenticationTokenFilter.doFilterInternal(JwtAuthenticationTokenFilter.java:83)
	at org.springframework.web.filter.OncePerRequestFilter.doFilter(OncePerRequestFilter.java:117)
	at org.springframework.security.web.FilterChainProxy$VirtualFilterChain.doFilter(FilterChainProxy.java:346)
	at org.springframework.security.web.authentication.logout.LogoutFilter.doFilter(LogoutFilter.java:103)
	at org.springframework.security.web.authentication.logout.LogoutFilter.doFilter(LogoutFilter.java:89)
	at org.springframework.security.web.FilterChainProxy$VirtualFilterChain.doFilter(FilterChainProxy.java:346)
	at org.springframework.web.filter.CorsFilter.doFilterInternal(CorsFilter.java:91)
	at org.springframework.web.filter.OncePerRequestFilter.doFilter(OncePerRequestFilter.java:117)
	at org.springframework.security.web.FilterChainProxy$VirtualFilterChain.doFilter(FilterChainProxy.java:346)
	at org.springframework.security.web.header.HeaderWriterFilter.doHeadersAfter(HeaderWriterFilter.java:90)
	at org.springframework.security.web.header.HeaderWriterFilter.doFilterInternal(HeaderWriterFilter.java:75)
	at org.springframework.web.filter.OncePerRequestFilter.doFilter(OncePerRequestFilter.java:117)
	at org.springframework.security.web.FilterChainProxy$VirtualFilterChain.doFilter(FilterChainProxy.java:346)
	at org.springframework.security.web.context.SecurityContextPersistenceFilter.doFilter(SecurityContextPersistenceFilter.java:110)
	at org.springframework.security.web.context.SecurityContextPersistenceFilter.doFilter(SecurityContextPersistenceFilter.java:80)
	at org.springframework.security.web.FilterChainProxy$VirtualFilterChain.doFilter(FilterChainProxy.java:346)
	at org.springframework.security.web.context.request.async.WebAsyncManagerIntegrationFilter.doFilterInternal(WebAsyncManagerIntegrationFilter.java:55)
	at org.springframework.web.filter.OncePerRequestFilter.doFilter(OncePerRequestFilter.java:117)
	at org.springframework.security.web.FilterChainProxy$VirtualFilterChain.doFilter(FilterChainProxy.java:346)
	at org.springframework.security.web.FilterChainProxy.doFilterInternal(FilterChainProxy.java:221)
	at org.springframework.security.web.FilterChainProxy.doFilter(FilterChainProxy.java:186)
	at org.springframework.web.filter.DelegatingFilterProxy.invokeDelegate(DelegatingFilterProxy.java:354)
	at org.springframework.web.filter.DelegatingFilterProxy.doFilter(DelegatingFilterProxy.java:267)
	at org.apache.catalina.core.ApplicationFilterChain.internalDoFilter(ApplicationFilterChain.java:189)
	at org.apache.catalina.core.ApplicationFilterChain.doFilter(ApplicationFilterChain.java:162)
	at org.springframework.web.filter.RequestContextFilter.doFilterInternal(RequestContextFilter.java:100)
	at org.springframework.web.filter.OncePerRequestFilter.doFilter(OncePerRequestFilter.java:117)
	at org.apache.catalina.core.ApplicationFilterChain.internalDoFilter(ApplicationFilterChain.java:189)
	at org.apache.catalina.core.ApplicationFilterChain.doFilter(ApplicationFilterChain.java:162)
	at org.springframework.web.filter.FormContentFilter.doFilterInternal(FormContentFilter.java:93)
	at org.springframework.web.filter.OncePerRequestFilter.doFilter(OncePerRequestFilter.java:117)
	at org.apache.catalina.core.ApplicationFilterChain.internalDoFilter(ApplicationFilterChain.java:189)
	at org.apache.catalina.core.ApplicationFilterChain.doFilter(ApplicationFilterChain.java:162)
	at org.springframework.web.filter.CharacterEncodingFilter.doFilterInternal(CharacterEncodingFilter.java:201)
	at org.springframework.web.filter.OncePerRequestFilter.doFilter(OncePerRequestFilter.java:117)
	at org.apache.catalina.core.ApplicationFilterChain.internalDoFilter(ApplicationFilterChain.java:189)
	at org.apache.catalina.core.ApplicationFilterChain.doFilter(ApplicationFilterChain.java:162)
	at org.apache.catalina.core.StandardWrapperValve.invoke(StandardWrapperValve.java:197)
	at org.apache.catalina.core.StandardContextValve.invoke(StandardContextValve.java:97)
	at org.apache.catalina.authenticator.AuthenticatorBase.invoke(AuthenticatorBase.java:541)
	at org.apache.catalina.core.StandardHostValve.invoke(StandardHostValve.java:135)
	at org.apache.catalina.valves.ErrorReportValve.invoke(ErrorReportValve.java:92)
	at org.apache.catalina.core.StandardEngineValve.invoke(StandardEngineValve.java:78)
	at org.apache.catalina.connector.CoyoteAdapter.service(CoyoteAdapter.java:360)
	at org.apache.coyote.http11.Http11Processor.service(Http11Processor.java:399)
	at org.apache.coyote.AbstractProcessorLight.process(AbstractProcessorLight.java:65)
	at org.apache.coyote.AbstractProtocol$ConnectionHandler.process(AbstractProtocol.java:893)
	at org.apache.tomcat.util.net.NioEndpoint$SocketProcessor.doRun(NioEndpoint.java:1789)
	at org.apache.tomcat.util.net.SocketProcessorBase.run(SocketProcessorBase.java:49)
	at org.apache.tomcat.util.threads.ThreadPoolExecutor.runWorker(ThreadPoolExecutor.java:1191)
	at org.apache.tomcat.util.threads.ThreadPoolExecutor$Worker.run(ThreadPoolExecutor.java:659)
	at org.apache.tomcat.util.threads.TaskThread$WrappingRunnable.run(TaskThread.java:61)
	at java.lang.Thread.run(Thread.java:750)
2024-05-27 18:09:38.142 INFO  42244 --- [http-nio-8080-exec-10] o.e.b.component.JwtAuthenticationTokenFilter - checking admin username:root
2024-05-27 18:09:38.153 INFO  42244 --- [http-nio-8080-exec-10] o.e.b.component.JwtAuthenticationTokenFilter - authenticated admin:root
2024-05-27 18:09:38.165 INFO  42244 --- [http-nio-8080-exec-10] org.example.bsproject.component.WebSocket - [websocket消息]广播消息:系统公告
2024-05-27 18:09:38.165 ERROR 42244 --- [http-nio-8080-exec-10] org.example.bsproject.component.WebSocket - 对null进行广播时失败
2024-05-27 18:10:33.628 INFO  42244 --- [http-nio-8080-exec-1] org.example.bsproject.component.WebSocket - [websocket消息]连接断开，总数为:0
2024-05-27 18:10:33.631 INFO  42244 --- [http-nio-8080-exec-2] org.example.bsproject.component.WebSocket - root[websocket消息]有新的连接，总数为:1
2024-05-27 18:15:07.867 INFO  42244 --- [http-nio-8080-exec-4] o.e.b.component.JwtAuthenticationTokenFilter - checking admin username:root
2024-05-27 18:15:07.869 INFO  42244 --- [http-nio-8080-exec-4] o.e.b.component.JwtAuthenticationTokenFilter - authenticated admin:root
2024-05-27 18:15:07.870 INFO  42244 --- [http-nio-8080-exec-4] org.example.bsproject.component.WebSocket - [websocket消息]广播消息:系统公告
2024-05-27 18:15:07.870 ERROR 42244 --- [http-nio-8080-exec-4] org.example.bsproject.component.WebSocket - 对null进行广播时失败
2024-05-27 18:15:54.125 INFO  42244 --- [http-nio-8080-exec-6] org.example.bsproject.component.WebSocket - [websocket消息]连接断开，总数为:0
2024-05-27 18:15:54.130 INFO  42244 --- [http-nio-8080-exec-7] org.example.bsproject.component.WebSocket - root[websocket消息]有新的连接，总数为:1
2024-05-27 18:15:58.711 INFO  42244 --- [http-nio-8080-exec-8] org.example.bsproject.component.WebSocket - [websocket消息]连接断开，总数为:0
2024-05-27 18:15:59.081 INFO  42244 --- [http-nio-8080-exec-9] org.example.bsproject.component.WebSocket - root[websocket消息]有新的连接，总数为:1
2024-05-27 18:16:03.172 INFO  42244 --- [http-nio-8080-exec-10] o.e.b.component.JwtAuthenticationTokenFilter - checking admin username:root
2024-05-27 18:16:03.174 INFO  42244 --- [http-nio-8080-exec-10] o.e.b.component.JwtAuthenticationTokenFilter - authenticated admin:root
2024-05-27 18:16:03.174 INFO  42244 --- [http-nio-8080-exec-10] org.example.bsproject.component.WebSocket - [websocket消息]广播消息:系统公告
2024-05-27 18:16:03.174 ERROR 42244 --- [http-nio-8080-exec-10] org.example.bsproject.component.WebSocket - 对null进行广播时失败
2024-05-27 18:29:09.242 INFO  42244 --- [SpringApplicationShutdownHook] org.example.bsproject.component.WebSocket - [websocket消息]连接断开，总数为:0
2024-05-27 18:29:09.254 INFO  42244 --- [SpringApplicationShutdownHook] com.zaxxer.hikari.HikariDataSource - HikariPool-1 - Shutdown initiated...
2024-05-27 18:29:09.260 INFO  42244 --- [SpringApplicationShutdownHook] com.zaxxer.hikari.HikariDataSource - HikariPool-1 - Shutdown completed.
2024-05-27 18:29:12.843 INFO  56028 --- [main] org.example.bsproject.BSprojectApplication - Starting BSprojectApplication using Java 1.8.0_402 on LAPTOP-I8OFT18R with PID 56028 (W:\JavaProject\BSproject\target\classes started by huang in W:\JavaProject\BSproject)
2024-05-27 18:29:12.844 INFO  56028 --- [main] org.example.bsproject.BSprojectApplication - No active profile set, falling back to 1 default profile: "default"
2024-05-27 18:29:13.203 INFO  56028 --- [main] o.s.d.r.config.RepositoryConfigurationDelegate - Multiple Spring Data modules found, entering strict repository configuration mode
2024-05-27 18:29:13.203 INFO  56028 --- [main] o.s.d.r.config.RepositoryConfigurationDelegate - Bootstrapping Spring Data JDBC repositories in DEFAULT mode.
2024-05-27 18:29:13.214 INFO  56028 --- [main] o.s.d.r.config.RepositoryConfigurationDelegate - Finished Spring Data repository scanning in 7 ms. Found 0 JDBC repository interfaces.
2024-05-27 18:29:13.220 INFO  56028 --- [main] o.s.d.r.config.RepositoryConfigurationDelegate - Multiple Spring Data modules found, entering strict repository configuration mode
2024-05-27 18:29:13.221 INFO  56028 --- [main] o.s.d.r.config.RepositoryConfigurationDelegate - Bootstrapping Spring Data Redis repositories in DEFAULT mode.
2024-05-27 18:29:13.229 INFO  56028 --- [main] o.s.d.r.config.RepositoryConfigurationDelegate - Finished Spring Data repository scanning in 2 ms. Found 0 Redis repository interfaces.
2024-05-27 18:29:13.488 INFO  56028 --- [main] o.s.boot.web.embedded.tomcat.TomcatWebServer - Tomcat initialized with port(s): 8080 (http)
2024-05-27 18:29:13.492 INFO  56028 --- [main] org.apache.coyote.http11.Http11NioProtocol - Initializing ProtocolHandler ["http-nio-8080"]
2024-05-27 18:29:13.492 INFO  56028 --- [main] org.apache.catalina.core.StandardService - Starting service [Tomcat]
2024-05-27 18:29:13.492 INFO  56028 --- [main] org.apache.catalina.core.StandardEngine - Starting Servlet engine: [Apache Tomcat/9.0.68]
2024-05-27 18:29:13.541 INFO  56028 --- [main] o.a.c.core.ContainerBase.[Tomcat].[localhost].[/] - Initializing Spring embedded WebApplicationContext
2024-05-27 18:29:13.541 INFO  56028 --- [main] o.s.b.w.s.c.ServletWebServerApplicationContext - Root WebApplicationContext: initialization completed in 675 ms
2024-05-27 18:29:14.344 INFO  56028 --- [main] o.s.b.a.web.servlet.WelcomePageHandlerMapping - Adding welcome page: class path resource [static/index.html]
2024-05-27 18:29:14.386 INFO  56028 --- [main] o.s.security.web.DefaultSecurityFilterChain - Will secure any request with [org.springframework.security.web.context.request.async.WebAsyncManagerIntegrationFilter@19bedeb8, org.springframework.security.web.context.SecurityContextPersistenceFilter@7885776b, org.springframework.security.web.header.HeaderWriterFilter@7a9eccc4, org.springframework.web.filter.CorsFilter@1ba467c2, org.springframework.security.web.authentication.logout.LogoutFilter@999b951, org.example.bsproject.component.JwtAuthenticationTokenFilter@726aa968, org.springframework.security.web.savedrequest.RequestCacheAwareFilter@3472947a, org.springframework.security.web.servletapi.SecurityContextHolderAwareRequestFilter@2404b5a, org.springframework.security.web.authentication.AnonymousAuthenticationFilter@63f6bed1, org.springframework.security.web.session.SessionManagementFilter@3069a360, org.springframework.security.web.access.ExceptionTranslationFilter@4cad79bc, org.springframework.security.web.access.intercept.FilterSecurityInterceptor@16ac5d35]
2024-05-27 18:29:14.476 INFO  56028 --- [main] com.zaxxer.hikari.HikariDataSource - HikariPool-1 - Starting...
2024-05-27 18:29:14.644 INFO  56028 --- [main] com.zaxxer.hikari.HikariDataSource - HikariPool-1 - Start completed.
2024-05-27 18:29:14.718 INFO  56028 --- [main] org.apache.coyote.http11.Http11NioProtocol - Starting ProtocolHandler ["http-nio-8080"]
2024-05-27 18:29:14.728 INFO  56028 --- [main] o.s.boot.web.embedded.tomcat.TomcatWebServer - Tomcat started on port(s): 8080 (http) with context path ''
2024-05-27 18:29:14.734 INFO  56028 --- [main] org.example.bsproject.BSprojectApplication - Started BSprojectApplication in 2.127 seconds (JVM running for 2.603)
2024-05-27 18:29:14.855 INFO  56028 --- [http-nio-8080-exec-1] o.a.c.core.ContainerBase.[Tomcat].[localhost].[/] - Initializing Spring DispatcherServlet 'dispatcherServlet'
2024-05-27 18:29:14.855 INFO  56028 --- [http-nio-8080-exec-1] org.springframework.web.servlet.DispatcherServlet - Initializing Servlet 'dispatcherServlet'
2024-05-27 18:29:14.856 INFO  56028 --- [http-nio-8080-exec-1] org.springframework.web.servlet.DispatcherServlet - Completed initialization in 1 ms
2024-05-27 18:29:14.890 INFO  56028 --- [http-nio-8080-exec-1] org.example.bsproject.component.WebSocket - root[websocket消息]有新的连接，总数为:1
2024-05-27 18:29:43.535 INFO  56028 --- [http-nio-8080-exec-3] org.example.bsproject.component.WebSocket - [websocket消息]连接断开，总数为:0
2024-05-27 18:29:43.730 INFO  56028 --- [http-nio-8080-exec-2] org.example.bsproject.component.WebSocket - root[websocket消息]有新的连接，总数为:1
2024-05-27 18:29:56.443 INFO  56028 --- [http-nio-8080-exec-5] o.e.b.component.JwtAuthenticationTokenFilter - checking admin username:root
2024-05-27 18:29:57.054 INFO  56028 --- [http-nio-8080-exec-5] o.e.b.component.JwtAuthenticationTokenFilter - authenticated admin:root
2024-05-27 18:29:57.070 INFO  56028 --- [http-nio-8080-exec-5] org.example.bsproject.component.WebSocket - [websocket消息]广播消息:系统公告
2024-05-27 18:29:57.070 ERROR 56028 --- [http-nio-8080-exec-5] org.example.bsproject.component.WebSocket - 对null进行广播时失败
2024-05-27 18:31:49.133 INFO  56028 --- [http-nio-8080-exec-8] o.e.b.component.JwtAuthenticationTokenFilter - checking admin username:root
2024-05-27 18:31:49.135 INFO  56028 --- [http-nio-8080-exec-8] o.e.b.component.JwtAuthenticationTokenFilter - authenticated admin:root
2024-05-27 18:31:49.136 INFO  56028 --- [http-nio-8080-exec-8] org.example.bsproject.component.WebSocket - [websocket消息]广播消息:系统公告
2024-05-27 18:31:49.137 ERROR 56028 --- [http-nio-8080-exec-8] org.example.bsproject.component.WebSocket - 对null进行广播时失败
2024-05-27 19:35:48.018 INFO  56028 --- [SpringApplicationShutdownHook] org.example.bsproject.component.WebSocket - [websocket消息]连接断开，总数为:0
2024-05-27 19:35:48.029 INFO  56028 --- [SpringApplicationShutdownHook] com.zaxxer.hikari.HikariDataSource - HikariPool-1 - Shutdown initiated...
2024-05-27 19:35:48.034 INFO  56028 --- [SpringApplicationShutdownHook] com.zaxxer.hikari.HikariDataSource - HikariPool-1 - Shutdown completed.
2024-05-27 19:35:51.400 INFO  15812 --- [main] org.example.bsproject.BSprojectApplication - Starting BSprojectApplication using Java 1.8.0_402 on LAPTOP-I8OFT18R with PID 15812 (W:\JavaProject\BSproject\target\classes started by huang in W:\JavaProject\BSproject)
2024-05-27 19:35:51.401 INFO  15812 --- [main] org.example.bsproject.BSprojectApplication - No active profile set, falling back to 1 default profile: "default"
2024-05-27 19:35:51.734 INFO  15812 --- [main] o.s.d.r.config.RepositoryConfigurationDelegate - Multiple Spring Data modules found, entering strict repository configuration mode
2024-05-27 19:35:51.735 INFO  15812 --- [main] o.s.d.r.config.RepositoryConfigurationDelegate - Bootstrapping Spring Data JDBC repositories in DEFAULT mode.
2024-05-27 19:35:51.744 INFO  15812 --- [main] o.s.d.r.config.RepositoryConfigurationDelegate - Finished Spring Data repository scanning in 8 ms. Found 0 JDBC repository interfaces.
2024-05-27 19:35:51.750 INFO  15812 --- [main] o.s.d.r.config.RepositoryConfigurationDelegate - Multiple Spring Data modules found, entering strict repository configuration mode
2024-05-27 19:35:51.750 INFO  15812 --- [main] o.s.d.r.config.RepositoryConfigurationDelegate - Bootstrapping Spring Data Redis repositories in DEFAULT mode.
2024-05-27 19:35:51.755 INFO  15812 --- [main] o.s.d.r.config.RepositoryConfigurationDelegate - Finished Spring Data repository scanning in 2 ms. Found 0 Redis repository interfaces.
2024-05-27 19:35:51.994 INFO  15812 --- [main] o.s.boot.web.embedded.tomcat.TomcatWebServer - Tomcat initialized with port(s): 8080 (http)
2024-05-27 19:35:51.997 INFO  15812 --- [main] org.apache.coyote.http11.Http11NioProtocol - Initializing ProtocolHandler ["http-nio-8080"]
2024-05-27 19:35:51.997 INFO  15812 --- [main] org.apache.catalina.core.StandardService - Starting service [Tomcat]
2024-05-27 19:35:51.997 INFO  15812 --- [main] org.apache.catalina.core.StandardEngine - Starting Servlet engine: [Apache Tomcat/9.0.68]
2024-05-27 19:35:52.047 INFO  15812 --- [main] o.a.c.core.ContainerBase.[Tomcat].[localhost].[/] - Initializing Spring embedded WebApplicationContext
2024-05-27 19:35:52.047 INFO  15812 --- [main] o.s.b.w.s.c.ServletWebServerApplicationContext - Root WebApplicationContext: initialization completed in 622 ms
2024-05-27 19:35:52.835 INFO  15812 --- [main] o.s.b.a.web.servlet.WelcomePageHandlerMapping - Adding welcome page: class path resource [static/index.html]
2024-05-27 19:35:52.877 INFO  15812 --- [main] o.s.security.web.DefaultSecurityFilterChain - Will secure any request with [org.springframework.security.web.context.request.async.WebAsyncManagerIntegrationFilter@ca8ef3a, org.springframework.security.web.context.SecurityContextPersistenceFilter@7885776b, org.springframework.security.web.header.HeaderWriterFilter@7a9eccc4, org.springframework.web.filter.CorsFilter@17043b04, org.springframework.security.web.authentication.logout.LogoutFilter@999b951, org.example.bsproject.component.JwtAuthenticationTokenFilter@726aa968, org.springframework.security.web.savedrequest.RequestCacheAwareFilter@3472947a, org.springframework.security.web.servletapi.SecurityContextHolderAwareRequestFilter@2404b5a, org.springframework.security.web.authentication.AnonymousAuthenticationFilter@511f5b1d, org.springframework.security.web.session.SessionManagementFilter@3069a360, org.springframework.security.web.access.ExceptionTranslationFilter@4cad79bc, org.springframework.security.web.access.intercept.FilterSecurityInterceptor@16ac5d35]
2024-05-27 19:35:52.957 INFO  15812 --- [main] com.zaxxer.hikari.HikariDataSource - HikariPool-1 - Starting...
2024-05-27 19:35:53.100 INFO  15812 --- [main] com.zaxxer.hikari.HikariDataSource - HikariPool-1 - Start completed.
2024-05-27 19:35:53.168 INFO  15812 --- [main] org.apache.coyote.http11.Http11NioProtocol - Starting ProtocolHandler ["http-nio-8080"]
2024-05-27 19:35:53.177 INFO  15812 --- [main] o.s.boot.web.embedded.tomcat.TomcatWebServer - Tomcat started on port(s): 8080 (http) with context path ''
2024-05-27 19:35:53.183 INFO  15812 --- [main] org.example.bsproject.BSprojectApplication - Started BSprojectApplication in 2.022 seconds (JVM running for 2.504)
2024-05-27 19:35:53.340 INFO  15812 --- [http-nio-8080-exec-1] o.a.c.core.ContainerBase.[Tomcat].[localhost].[/] - Initializing Spring DispatcherServlet 'dispatcherServlet'
2024-05-27 19:35:53.340 INFO  15812 --- [http-nio-8080-exec-1] org.springframework.web.servlet.DispatcherServlet - Initializing Servlet 'dispatcherServlet'
2024-05-27 19:35:53.341 INFO  15812 --- [http-nio-8080-exec-1] org.springframework.web.servlet.DispatcherServlet - Completed initialization in 1 ms
2024-05-27 19:35:53.382 INFO  15812 --- [http-nio-8080-exec-1] org.example.bsproject.component.WebSocket - root[websocket消息]有新的连接，总数为:1
2024-05-27 20:08:33.826 INFO  15812 --- [http-nio-8080-exec-3] o.e.b.component.JwtAuthenticationTokenFilter - checking admin username:root
2024-05-27 20:08:34.503 INFO  15812 --- [http-nio-8080-exec-3] o.e.b.component.JwtAuthenticationTokenFilter - authenticated admin:root failed
2024-05-27 20:08:34.506 ERROR 15812 --- [http-nio-8080-exec-3] o.a.c.c.C.[.[localhost].[/].[dispatcherServlet] - Servlet.service() for servlet [dispatcherServlet] in context with path [] threw exception
java.lang.RuntimeException: 用户未登录
	at org.example.bsproject.component.JwtAuthenticationTokenFilter.doFilterInternal(JwtAuthenticationTokenFilter.java:83)
	at org.springframework.web.filter.OncePerRequestFilter.doFilter(OncePerRequestFilter.java:117)
	at org.springframework.security.web.FilterChainProxy$VirtualFilterChain.doFilter(FilterChainProxy.java:346)
	at org.springframework.security.web.authentication.logout.LogoutFilter.doFilter(LogoutFilter.java:103)
	at org.springframework.security.web.authentication.logout.LogoutFilter.doFilter(LogoutFilter.java:89)
	at org.springframework.security.web.FilterChainProxy$VirtualFilterChain.doFilter(FilterChainProxy.java:346)
	at org.springframework.web.filter.CorsFilter.doFilterInternal(CorsFilter.java:91)
	at org.springframework.web.filter.OncePerRequestFilter.doFilter(OncePerRequestFilter.java:117)
	at org.springframework.security.web.FilterChainProxy$VirtualFilterChain.doFilter(FilterChainProxy.java:346)
	at org.springframework.security.web.header.HeaderWriterFilter.doHeadersAfter(HeaderWriterFilter.java:90)
	at org.springframework.security.web.header.HeaderWriterFilter.doFilterInternal(HeaderWriterFilter.java:75)
	at org.springframework.web.filter.OncePerRequestFilter.doFilter(OncePerRequestFilter.java:117)
	at org.springframework.security.web.FilterChainProxy$VirtualFilterChain.doFilter(FilterChainProxy.java:346)
	at org.springframework.security.web.context.SecurityContextPersistenceFilter.doFilter(SecurityContextPersistenceFilter.java:110)
	at org.springframework.security.web.context.SecurityContextPersistenceFilter.doFilter(SecurityContextPersistenceFilter.java:80)
	at org.springframework.security.web.FilterChainProxy$VirtualFilterChain.doFilter(FilterChainProxy.java:346)
	at org.springframework.security.web.context.request.async.WebAsyncManagerIntegrationFilter.doFilterInternal(WebAsyncManagerIntegrationFilter.java:55)
	at org.springframework.web.filter.OncePerRequestFilter.doFilter(OncePerRequestFilter.java:117)
	at org.springframework.security.web.FilterChainProxy$VirtualFilterChain.doFilter(FilterChainProxy.java:346)
	at org.springframework.security.web.FilterChainProxy.doFilterInternal(FilterChainProxy.java:221)
	at org.springframework.security.web.FilterChainProxy.doFilter(FilterChainProxy.java:186)
	at org.springframework.web.filter.DelegatingFilterProxy.invokeDelegate(DelegatingFilterProxy.java:354)
	at org.springframework.web.filter.DelegatingFilterProxy.doFilter(DelegatingFilterProxy.java:267)
	at org.apache.catalina.core.ApplicationFilterChain.internalDoFilter(ApplicationFilterChain.java:189)
	at org.apache.catalina.core.ApplicationFilterChain.doFilter(ApplicationFilterChain.java:162)
	at org.springframework.web.filter.RequestContextFilter.doFilterInternal(RequestContextFilter.java:100)
	at org.springframework.web.filter.OncePerRequestFilter.doFilter(OncePerRequestFilter.java:117)
	at org.apache.catalina.core.ApplicationFilterChain.internalDoFilter(ApplicationFilterChain.java:189)
	at org.apache.catalina.core.ApplicationFilterChain.doFilter(ApplicationFilterChain.java:162)
	at org.springframework.web.filter.FormContentFilter.doFilterInternal(FormContentFilter.java:93)
	at org.springframework.web.filter.OncePerRequestFilter.doFilter(OncePerRequestFilter.java:117)
	at org.apache.catalina.core.ApplicationFilterChain.internalDoFilter(ApplicationFilterChain.java:189)
	at org.apache.catalina.core.ApplicationFilterChain.doFilter(ApplicationFilterChain.java:162)
	at org.springframework.web.filter.CharacterEncodingFilter.doFilterInternal(CharacterEncodingFilter.java:201)
	at org.springframework.web.filter.OncePerRequestFilter.doFilter(OncePerRequestFilter.java:117)
	at org.apache.catalina.core.ApplicationFilterChain.internalDoFilter(ApplicationFilterChain.java:189)
	at org.apache.catalina.core.ApplicationFilterChain.doFilter(ApplicationFilterChain.java:162)
	at org.apache.catalina.core.StandardWrapperValve.invoke(StandardWrapperValve.java:197)
	at org.apache.catalina.core.StandardContextValve.invoke(StandardContextValve.java:97)
	at org.apache.catalina.authenticator.AuthenticatorBase.invoke(AuthenticatorBase.java:541)
	at org.apache.catalina.core.StandardHostValve.invoke(StandardHostValve.java:135)
	at org.apache.catalina.valves.ErrorReportValve.invoke(ErrorReportValve.java:92)
	at org.apache.catalina.core.StandardEngineValve.invoke(StandardEngineValve.java:78)
	at org.apache.catalina.connector.CoyoteAdapter.service(CoyoteAdapter.java:360)
	at org.apache.coyote.http11.Http11Processor.service(Http11Processor.java:399)
	at org.apache.coyote.AbstractProcessorLight.process(AbstractProcessorLight.java:65)
	at org.apache.coyote.AbstractProtocol$ConnectionHandler.process(AbstractProtocol.java:893)
	at org.apache.tomcat.util.net.NioEndpoint$SocketProcessor.doRun(NioEndpoint.java:1789)
	at org.apache.tomcat.util.net.SocketProcessorBase.run(SocketProcessorBase.java:49)
	at org.apache.tomcat.util.threads.ThreadPoolExecutor.runWorker(ThreadPoolExecutor.java:1191)
	at org.apache.tomcat.util.threads.ThreadPoolExecutor$Worker.run(ThreadPoolExecutor.java:659)
	at org.apache.tomcat.util.threads.TaskThread$WrappingRunnable.run(TaskThread.java:61)
	at java.lang.Thread.run(Thread.java:750)
2024-05-27 20:08:52.455 INFO  15812 --- [http-nio-8080-exec-5] o.e.b.component.JwtAuthenticationTokenFilter - checking admin username:root
2024-05-27 20:08:52.463 INFO  15812 --- [http-nio-8080-exec-5] o.e.b.component.JwtAuthenticationTokenFilter - authenticated admin:root
2024-05-27 20:08:52.474 INFO  15812 --- [http-nio-8080-exec-5] org.example.bsproject.component.WebSocket - [websocket消息]广播消息:系统公告
2024-05-27 20:27:59.412 INFO  15812 --- [lettuce-eventExecutorLoop-1-24] io.lettuce.core.protocol.ConnectionWatchdog - Reconnecting, last destination was /192.168.153.129:7001
2024-05-27 20:27:59.446 INFO  15812 --- [lettuce-nioEventLoop-4-9] io.lettuce.core.protocol.ReconnectionHandler - Reconnected to 192.168.153.129:7004
2024-05-27 20:28:00.605 INFO  15812 --- [lettuce-eventExecutorLoop-1-25] io.lettuce.core.protocol.ConnectionWatchdog - Reconnecting, last destination was /192.168.153.129:7002
2024-05-27 20:28:02.702 WARN  15812 --- [lettuce-nioEventLoop-4-10] io.lettuce.core.protocol.ConnectionWatchdog - Cannot reconnect to [192.168.153.129:7002]: Connection refused: no further information: /192.168.153.129:7002
2024-05-27 20:28:04.830 INFO  15812 --- [http-nio-8080-exec-7] org.example.bsproject.component.WebSocket - [websocket消息]连接断开，总数为:0
2024-05-27 20:28:07.100 INFO  15812 --- [lettuce-eventExecutorLoop-1-30] io.lettuce.core.protocol.ConnectionWatchdog - Reconnecting, last destination was 192.168.153.129:7002
2024-05-27 20:28:09.180 WARN  15812 --- [lettuce-nioEventLoop-4-13] io.lettuce.core.protocol.ConnectionWatchdog - Cannot reconnect to [192.168.153.129:7002]: Connection refused: no further information: /192.168.153.129:7002
2024-05-27 20:28:13.598 INFO  15812 --- [lettuce-eventExecutorLoop-1-1] io.lettuce.core.protocol.ConnectionWatchdog - Reconnecting, last destination was 192.168.153.129:7002
2024-05-27 20:28:15.651 WARN  15812 --- [lettuce-nioEventLoop-4-16] io.lettuce.core.protocol.ConnectionWatchdog - Cannot reconnect to [192.168.153.129:7002]: Connection refused: no further information: /192.168.153.129:7002
2024-05-27 20:28:19.958 INFO  15812 --- [SpringApplicationShutdownHook] com.zaxxer.hikari.HikariDataSource - HikariPool-1 - Shutdown initiated...
2024-05-27 20:28:19.966 INFO  15812 --- [SpringApplicationShutdownHook] com.zaxxer.hikari.HikariDataSource - HikariPool-1 - Shutdown completed.
