2024-05-24 12:55:54.995 INFO  46768 --- [main] org.example.bsproject.BSprojectApplicationTests - Starting BSprojectApplicationTests using Java 1.8.0_402 on LAPTOP-I8OFT18R with PID 46768 (started by huang in W:\JavaProject\BSproject)
2024-05-24 12:55:54.997 INFO  46768 --- [main] org.example.bsproject.BSprojectApplicationTests - No active profile set, falling back to 1 default profile: "default"
2024-05-24 12:55:55.517 INFO  46768 --- [main] o.s.d.r.config.RepositoryConfigurationDelegate - Multiple Spring Data modules found, entering strict repository configuration mode
2024-05-24 12:55:55.518 INFO  46768 --- [main] o.s.d.r.config.RepositoryConfigurationDelegate - Bootstrapping Spring Data JDBC repositories in DEFAULT mode.
2024-05-24 12:55:55.535 INFO  46768 --- [main] o.s.d.r.config.RepositoryConfigurationDelegate - Finished Spring Data repository scanning in 12 ms. Found 0 JDBC repository interfaces.
2024-05-24 12:55:55.546 INFO  46768 --- [main] o.s.d.r.config.RepositoryConfigurationDelegate - Multiple Spring Data modules found, entering strict repository configuration mode
2024-05-24 12:55:55.548 INFO  46768 --- [main] o.s.d.r.config.RepositoryConfigurationDelegate - Bootstrapping Spring Data Redis repositories in DEFAULT mode.
2024-05-24 12:55:55.559 INFO  46768 --- [main] o.s.d.r.config.RepositoryConfigurationDelegate - Finished Spring Data repository scanning in 2 ms. Found 0 Redis repository interfaces.
2024-05-24 12:55:56.373 INFO  46768 --- [main] o.s.boot.web.embedded.tomcat.TomcatWebServer - Tomcat initialized with port(s): 0 (http)
2024-05-24 12:55:56.381 INFO  46768 --- [main] org.apache.coyote.http11.Http11NioProtocol - Initializing ProtocolHandler ["http-nio-auto-1"]
2024-05-24 12:55:56.382 INFO  46768 --- [main] org.apache.catalina.core.StandardService - Starting service [Tomcat]
2024-05-24 12:55:56.382 INFO  46768 --- [main] org.apache.catalina.core.StandardEngine - Starting Servlet engine: [Apache Tomcat/9.0.68]
2024-05-24 12:55:56.466 INFO  46768 --- [main] o.a.c.core.ContainerBase.[Tomcat].[localhost].[/] - Initializing Spring embedded WebApplicationContext
2024-05-24 12:55:56.466 INFO  46768 --- [main] o.s.b.w.s.c.ServletWebServerApplicationContext - Root WebApplicationContext: initialization completed in 1450 ms
2024-05-24 12:55:57.876 INFO  46768 --- [main] o.s.b.a.web.servlet.WelcomePageHandlerMapping - Adding welcome page: class path resource [static/index.html]
2024-05-24 12:55:57.970 INFO  46768 --- [main] o.s.security.web.DefaultSecurityFilterChain - Will secure any request with [org.springframework.security.web.context.request.async.WebAsyncManagerIntegrationFilter@2bcda694, org.springframework.security.web.context.SecurityContextPersistenceFilter@788e3702, org.springframework.security.web.header.HeaderWriterFilter@6c2a95d5, org.springframework.web.filter.CorsFilter@2cc75b25, org.springframework.security.web.authentication.logout.LogoutFilter@34c62fdf, org.example.bsproject.component.JwtAuthenticationTokenFilter@5f8d9767, org.springframework.security.web.savedrequest.RequestCacheAwareFilter@47187f50, org.springframework.security.web.servletapi.SecurityContextHolderAwareRequestFilter@578c3fd9, org.springframework.security.web.authentication.AnonymousAuthenticationFilter@30036a18, org.springframework.security.web.session.SessionManagementFilter@3869a6e5, org.springframework.security.web.access.ExceptionTranslationFilter@527937d0, org.springframework.security.web.access.intercept.FilterSecurityInterceptor@9408857]
2024-05-24 12:55:58.145 INFO  46768 --- [main] com.zaxxer.hikari.HikariDataSource - HikariPool-1 - Starting...
2024-05-24 12:55:58.530 INFO  46768 --- [main] com.zaxxer.hikari.HikariDataSource - HikariPool-1 - Start completed.
2024-05-24 12:55:58.673 INFO  46768 --- [main] org.apache.coyote.http11.Http11NioProtocol - Starting ProtocolHandler ["http-nio-auto-1"]
2024-05-24 12:55:58.688 INFO  46768 --- [main] o.s.boot.web.embedded.tomcat.TomcatWebServer - Tomcat started on port(s): 59150 (http) with context path ''
2024-05-24 12:55:58.693 INFO  46768 --- [main] org.example.bsproject.BSprojectApplicationTests - Started BSprojectApplicationTests in 4.022 seconds (JVM running for 4.748)
2024-05-24 12:55:59.132 INFO  46768 --- [SpringApplicationShutdownHook] com.zaxxer.hikari.HikariDataSource - HikariPool-1 - Shutdown initiated...
2024-05-24 12:55:59.140 INFO  46768 --- [SpringApplicationShutdownHook] com.zaxxer.hikari.HikariDataSource - HikariPool-1 - Shutdown completed.
2024-05-24 13:12:59.294 INFO  5124 --- [main] org.example.bsproject.BSprojectApplicationTests - Starting BSprojectApplicationTests using Java 1.8.0_402 on LAPTOP-I8OFT18R with PID 5124 (started by huang in W:\JavaProject\BSproject)
2024-05-24 13:12:59.294 INFO  5124 --- [main] org.example.bsproject.BSprojectApplicationTests - No active profile set, falling back to 1 default profile: "default"
2024-05-24 13:12:59.622 INFO  5124 --- [main] o.s.d.r.config.RepositoryConfigurationDelegate - Multiple Spring Data modules found, entering strict repository configuration mode
2024-05-24 13:12:59.622 INFO  5124 --- [main] o.s.d.r.config.RepositoryConfigurationDelegate - Bootstrapping Spring Data JDBC repositories in DEFAULT mode.
2024-05-24 13:12:59.635 INFO  5124 --- [main] o.s.d.r.config.RepositoryConfigurationDelegate - Finished Spring Data repository scanning in 10 ms. Found 0 JDBC repository interfaces.
2024-05-24 13:12:59.641 INFO  5124 --- [main] o.s.d.r.config.RepositoryConfigurationDelegate - Multiple Spring Data modules found, entering strict repository configuration mode
2024-05-24 13:12:59.642 INFO  5124 --- [main] o.s.d.r.config.RepositoryConfigurationDelegate - Bootstrapping Spring Data Redis repositories in DEFAULT mode.
2024-05-24 13:12:59.649 INFO  5124 --- [main] o.s.d.r.config.RepositoryConfigurationDelegate - Finished Spring Data repository scanning in 2 ms. Found 0 Redis repository interfaces.
2024-05-24 13:13:00.266 INFO  5124 --- [main] o.s.boot.web.embedded.tomcat.TomcatWebServer - Tomcat initialized with port(s): 0 (http)
2024-05-24 13:13:00.272 INFO  5124 --- [main] org.apache.coyote.http11.Http11NioProtocol - Initializing ProtocolHandler ["http-nio-auto-1"]
2024-05-24 13:13:00.272 INFO  5124 --- [main] org.apache.catalina.core.StandardService - Starting service [Tomcat]
2024-05-24 13:13:00.272 INFO  5124 --- [main] org.apache.catalina.core.StandardEngine - Starting Servlet engine: [Apache Tomcat/9.0.68]
2024-05-24 13:13:00.338 INFO  5124 --- [main] o.a.c.core.ContainerBase.[Tomcat].[localhost].[/] - Initializing Spring embedded WebApplicationContext
2024-05-24 13:13:00.339 INFO  5124 --- [main] o.s.b.w.s.c.ServletWebServerApplicationContext - Root WebApplicationContext: initialization completed in 1032 ms
2024-05-24 13:13:01.571 INFO  5124 --- [main] o.s.b.a.web.servlet.WelcomePageHandlerMapping - Adding welcome page: class path resource [static/index.html]
2024-05-24 13:13:01.665 INFO  5124 --- [main] o.s.security.web.DefaultSecurityFilterChain - Will secure any request with [org.springframework.security.web.context.request.async.WebAsyncManagerIntegrationFilter@ac4915e, org.springframework.security.web.context.SecurityContextPersistenceFilter@61b60600, org.springframework.security.web.header.HeaderWriterFilter@115c946b, org.springframework.web.filter.CorsFilter@10fb4575, org.springframework.security.web.authentication.logout.LogoutFilter@78116659, org.example.bsproject.component.JwtAuthenticationTokenFilter@ee8e7ff, org.springframework.security.web.savedrequest.RequestCacheAwareFilter@340afaf8, org.springframework.security.web.servletapi.SecurityContextHolderAwareRequestFilter@4fb57fb3, org.springframework.security.web.authentication.AnonymousAuthenticationFilter@7cc2c551, org.springframework.security.web.session.SessionManagementFilter@5122e4bf, org.springframework.security.web.access.ExceptionTranslationFilter@4d4c1ba9, org.springframework.security.web.access.intercept.FilterSecurityInterceptor@6f3bd37f]
2024-05-24 13:13:01.818 INFO  5124 --- [main] com.zaxxer.hikari.HikariDataSource - HikariPool-1 - Starting...
2024-05-24 13:13:02.127 INFO  5124 --- [main] com.zaxxer.hikari.HikariDataSource - HikariPool-1 - Start completed.
2024-05-24 13:13:02.266 INFO  5124 --- [main] org.apache.coyote.http11.Http11NioProtocol - Starting ProtocolHandler ["http-nio-auto-1"]
2024-05-24 13:13:02.282 INFO  5124 --- [main] o.s.boot.web.embedded.tomcat.TomcatWebServer - Tomcat started on port(s): 59194 (http) with context path ''
2024-05-24 13:13:02.288 INFO  5124 --- [main] org.example.bsproject.BSprojectApplicationTests - Started BSprojectApplicationTests in 3.221 seconds (JVM running for 3.79)
2024-05-24 13:13:02.634 INFO  5124 --- [SpringApplicationShutdownHook] com.zaxxer.hikari.HikariDataSource - HikariPool-1 - Shutdown initiated...
2024-05-24 13:13:02.637 INFO  5124 --- [SpringApplicationShutdownHook] com.zaxxer.hikari.HikariDataSource - HikariPool-1 - Shutdown completed.
2024-05-24 13:13:24.610 INFO  9704 --- [main] org.example.bsproject.BSprojectApplicationTests - Starting BSprojectApplicationTests using Java 1.8.0_402 on LAPTOP-I8OFT18R with PID 9704 (started by huang in W:\JavaProject\BSproject)
2024-05-24 13:13:24.611 INFO  9704 --- [main] org.example.bsproject.BSprojectApplicationTests - No active profile set, falling back to 1 default profile: "default"
2024-05-24 13:13:24.941 INFO  9704 --- [main] o.s.d.r.config.RepositoryConfigurationDelegate - Multiple Spring Data modules found, entering strict repository configuration mode
2024-05-24 13:13:24.942 INFO  9704 --- [main] o.s.d.r.config.RepositoryConfigurationDelegate - Bootstrapping Spring Data JDBC repositories in DEFAULT mode.
2024-05-24 13:13:24.954 INFO  9704 --- [main] o.s.d.r.config.RepositoryConfigurationDelegate - Finished Spring Data repository scanning in 9 ms. Found 0 JDBC repository interfaces.
2024-05-24 13:13:24.960 INFO  9704 --- [main] o.s.d.r.config.RepositoryConfigurationDelegate - Multiple Spring Data modules found, entering strict repository configuration mode
2024-05-24 13:13:24.960 INFO  9704 --- [main] o.s.d.r.config.RepositoryConfigurationDelegate - Bootstrapping Spring Data Redis repositories in DEFAULT mode.
2024-05-24 13:13:24.967 INFO  9704 --- [main] o.s.d.r.config.RepositoryConfigurationDelegate - Finished Spring Data repository scanning in 2 ms. Found 0 Redis repository interfaces.
2024-05-24 13:13:25.571 INFO  9704 --- [main] o.s.boot.web.embedded.tomcat.TomcatWebServer - Tomcat initialized with port(s): 0 (http)
2024-05-24 13:13:25.576 INFO  9704 --- [main] org.apache.coyote.http11.Http11NioProtocol - Initializing ProtocolHandler ["http-nio-auto-1"]
2024-05-24 13:13:25.576 INFO  9704 --- [main] org.apache.catalina.core.StandardService - Starting service [Tomcat]
2024-05-24 13:13:25.576 INFO  9704 --- [main] org.apache.catalina.core.StandardEngine - Starting Servlet engine: [Apache Tomcat/9.0.68]
2024-05-24 13:13:25.640 INFO  9704 --- [main] o.a.c.core.ContainerBase.[Tomcat].[localhost].[/] - Initializing Spring embedded WebApplicationContext
2024-05-24 13:13:25.640 INFO  9704 --- [main] o.s.b.w.s.c.ServletWebServerApplicationContext - Root WebApplicationContext: initialization completed in 1017 ms
2024-05-24 13:13:26.809 INFO  9704 --- [main] o.s.b.a.web.servlet.WelcomePageHandlerMapping - Adding welcome page: class path resource [static/index.html]
2024-05-24 13:13:26.894 INFO  9704 --- [main] o.s.security.web.DefaultSecurityFilterChain - Will secure any request with [org.springframework.security.web.context.request.async.WebAsyncManagerIntegrationFilter@64a1116a, org.springframework.security.web.context.SecurityContextPersistenceFilter@61b60600, org.springframework.security.web.header.HeaderWriterFilter@115c946b, org.springframework.web.filter.CorsFilter@11e17893, org.springframework.security.web.authentication.logout.LogoutFilter@78116659, org.example.bsproject.component.JwtAuthenticationTokenFilter@ee8e7ff, org.springframework.security.web.savedrequest.RequestCacheAwareFilter@340afaf8, org.springframework.security.web.servletapi.SecurityContextHolderAwareRequestFilter@4fb57fb3, org.springframework.security.web.authentication.AnonymousAuthenticationFilter@19eea77c, org.springframework.security.web.session.SessionManagementFilter@5122e4bf, org.springframework.security.web.access.ExceptionTranslationFilter@4d4c1ba9, org.springframework.security.web.access.intercept.FilterSecurityInterceptor@6f3bd37f]
2024-05-24 13:13:27.041 INFO  9704 --- [main] com.zaxxer.hikari.HikariDataSource - HikariPool-1 - Starting...
2024-05-24 13:13:27.338 INFO  9704 --- [main] com.zaxxer.hikari.HikariDataSource - HikariPool-1 - Start completed.
2024-05-24 13:13:27.470 INFO  9704 --- [main] org.apache.coyote.http11.Http11NioProtocol - Starting ProtocolHandler ["http-nio-auto-1"]
2024-05-24 13:13:27.485 INFO  9704 --- [main] o.s.boot.web.embedded.tomcat.TomcatWebServer - Tomcat started on port(s): 59216 (http) with context path ''
2024-05-24 13:13:27.491 INFO  9704 --- [main] org.example.bsproject.BSprojectApplicationTests - Started BSprojectApplicationTests in 3.116 seconds (JVM running for 3.696)
2024-05-24 13:13:27.839 INFO  9704 --- [SpringApplicationShutdownHook] com.zaxxer.hikari.HikariDataSource - HikariPool-1 - Shutdown initiated...
2024-05-24 13:13:27.842 INFO  9704 --- [SpringApplicationShutdownHook] com.zaxxer.hikari.HikariDataSource - HikariPool-1 - Shutdown completed.
2024-05-24 14:23:11.054 INFO  24408 --- [main] org.example.bsproject.BSprojectApplicationTests - Starting BSprojectApplicationTests using Java 1.8.0_402 on LAPTOP-I8OFT18R with PID 24408 (started by huang in W:\JavaProject\BSproject)
2024-05-24 14:23:11.055 INFO  24408 --- [main] org.example.bsproject.BSprojectApplicationTests - No active profile set, falling back to 1 default profile: "default"
2024-05-24 14:23:11.397 INFO  24408 --- [main] o.s.d.r.config.RepositoryConfigurationDelegate - Multiple Spring Data modules found, entering strict repository configuration mode
2024-05-24 14:23:11.398 INFO  24408 --- [main] o.s.d.r.config.RepositoryConfigurationDelegate - Bootstrapping Spring Data JDBC repositories in DEFAULT mode.
2024-05-24 14:23:11.410 INFO  24408 --- [main] o.s.d.r.config.RepositoryConfigurationDelegate - Finished Spring Data repository scanning in 9 ms. Found 0 JDBC repository interfaces.
2024-05-24 14:23:11.417 INFO  24408 --- [main] o.s.d.r.config.RepositoryConfigurationDelegate - Multiple Spring Data modules found, entering strict repository configuration mode
2024-05-24 14:23:11.417 INFO  24408 --- [main] o.s.d.r.config.RepositoryConfigurationDelegate - Bootstrapping Spring Data Redis repositories in DEFAULT mode.
2024-05-24 14:23:11.424 INFO  24408 --- [main] o.s.d.r.config.RepositoryConfigurationDelegate - Finished Spring Data repository scanning in 2 ms. Found 0 Redis repository interfaces.
2024-05-24 14:23:12.040 INFO  24408 --- [main] o.s.boot.web.embedded.tomcat.TomcatWebServer - Tomcat initialized with port(s): 0 (http)
2024-05-24 14:23:12.046 INFO  24408 --- [main] org.apache.coyote.http11.Http11NioProtocol - Initializing ProtocolHandler ["http-nio-auto-1"]
2024-05-24 14:23:12.046 INFO  24408 --- [main] org.apache.catalina.core.StandardService - Starting service [Tomcat]
2024-05-24 14:23:12.046 INFO  24408 --- [main] org.apache.catalina.core.StandardEngine - Starting Servlet engine: [Apache Tomcat/9.0.68]
2024-05-24 14:23:12.115 INFO  24408 --- [main] o.a.c.core.ContainerBase.[Tomcat].[localhost].[/] - Initializing Spring embedded WebApplicationContext
2024-05-24 14:23:12.115 INFO  24408 --- [main] o.s.b.w.s.c.ServletWebServerApplicationContext - Root WebApplicationContext: initialization completed in 1048 ms
2024-05-24 14:23:13.332 INFO  24408 --- [main] o.s.b.a.web.servlet.WelcomePageHandlerMapping - Adding welcome page: class path resource [static/index.html]
2024-05-24 14:23:13.419 INFO  24408 --- [main] o.s.security.web.DefaultSecurityFilterChain - Will secure any request with [org.springframework.security.web.context.request.async.WebAsyncManagerIntegrationFilter@33de7f3d, org.springframework.security.web.context.SecurityContextPersistenceFilter@336f49a1, org.springframework.security.web.header.HeaderWriterFilter@3e43f049, org.springframework.web.filter.CorsFilter@30159886, org.springframework.security.web.authentication.logout.LogoutFilter@245cb8df, org.example.bsproject.component.JwtAuthenticationTokenFilter@38f981b6, org.springframework.security.web.savedrequest.RequestCacheAwareFilter@4fb57fb3, org.springframework.security.web.servletapi.SecurityContextHolderAwareRequestFilter@36d582cb, org.springframework.security.web.authentication.AnonymousAuthenticationFilter@5d66ae3a, org.springframework.security.web.session.SessionManagementFilter@27f71195, org.springframework.security.web.access.ExceptionTranslationFilter@54f6b629, org.springframework.security.web.access.intercept.FilterSecurityInterceptor@1ecf0ac6]
2024-05-24 14:23:13.572 INFO  24408 --- [main] com.zaxxer.hikari.HikariDataSource - HikariPool-1 - Starting...
2024-05-24 14:23:13.868 INFO  24408 --- [main] com.zaxxer.hikari.HikariDataSource - HikariPool-1 - Start completed.
2024-05-24 14:23:13.993 INFO  24408 --- [main] org.apache.coyote.http11.Http11NioProtocol - Starting ProtocolHandler ["http-nio-auto-1"]
2024-05-24 14:23:14.007 INFO  24408 --- [main] o.s.boot.web.embedded.tomcat.TomcatWebServer - Tomcat started on port(s): 59000 (http) with context path ''
2024-05-24 14:23:14.012 INFO  24408 --- [main] org.example.bsproject.BSprojectApplicationTests - Started BSprojectApplicationTests in 3.197 seconds (JVM running for 3.776)
2024-05-24 14:23:14.365 INFO  24408 --- [SpringApplicationShutdownHook] com.zaxxer.hikari.HikariDataSource - HikariPool-1 - Shutdown initiated...
2024-05-24 14:23:14.368 INFO  24408 --- [SpringApplicationShutdownHook] com.zaxxer.hikari.HikariDataSource - HikariPool-1 - Shutdown completed.
2024-05-24 14:23:59.121 INFO  26108 --- [main] org.example.bsproject.BSprojectApplicationTests - Starting BSprojectApplicationTests using Java 1.8.0_402 on LAPTOP-I8OFT18R with PID 26108 (started by huang in W:\JavaProject\BSproject)
2024-05-24 14:23:59.122 INFO  26108 --- [main] org.example.bsproject.BSprojectApplicationTests - No active profile set, falling back to 1 default profile: "default"
2024-05-24 14:23:59.468 INFO  26108 --- [main] o.s.d.r.config.RepositoryConfigurationDelegate - Multiple Spring Data modules found, entering strict repository configuration mode
2024-05-24 14:23:59.469 INFO  26108 --- [main] o.s.d.r.config.RepositoryConfigurationDelegate - Bootstrapping Spring Data JDBC repositories in DEFAULT mode.
2024-05-24 14:23:59.481 INFO  26108 --- [main] o.s.d.r.config.RepositoryConfigurationDelegate - Finished Spring Data repository scanning in 10 ms. Found 0 JDBC repository interfaces.
2024-05-24 14:23:59.487 INFO  26108 --- [main] o.s.d.r.config.RepositoryConfigurationDelegate - Multiple Spring Data modules found, entering strict repository configuration mode
2024-05-24 14:23:59.488 INFO  26108 --- [main] o.s.d.r.config.RepositoryConfigurationDelegate - Bootstrapping Spring Data Redis repositories in DEFAULT mode.
2024-05-24 14:23:59.495 INFO  26108 --- [main] o.s.d.r.config.RepositoryConfigurationDelegate - Finished Spring Data repository scanning in 2 ms. Found 0 Redis repository interfaces.
2024-05-24 14:24:00.138 INFO  26108 --- [main] o.s.boot.web.embedded.tomcat.TomcatWebServer - Tomcat initialized with port(s): 0 (http)
2024-05-24 14:24:00.144 INFO  26108 --- [main] org.apache.coyote.http11.Http11NioProtocol - Initializing ProtocolHandler ["http-nio-auto-1"]
2024-05-24 14:24:00.144 INFO  26108 --- [main] org.apache.catalina.core.StandardService - Starting service [Tomcat]
2024-05-24 14:24:00.145 INFO  26108 --- [main] org.apache.catalina.core.StandardEngine - Starting Servlet engine: [Apache Tomcat/9.0.68]
2024-05-24 14:24:00.213 INFO  26108 --- [main] o.a.c.core.ContainerBase.[Tomcat].[localhost].[/] - Initializing Spring embedded WebApplicationContext
2024-05-24 14:24:00.214 INFO  26108 --- [main] o.s.b.w.s.c.ServletWebServerApplicationContext - Root WebApplicationContext: initialization completed in 1079 ms
2024-05-24 14:24:01.488 INFO  26108 --- [main] o.s.b.a.web.servlet.WelcomePageHandlerMapping - Adding welcome page: class path resource [static/index.html]
2024-05-24 14:24:01.579 INFO  26108 --- [main] o.s.security.web.DefaultSecurityFilterChain - Will secure any request with [org.springframework.security.web.context.request.async.WebAsyncManagerIntegrationFilter@50f4b83d, org.springframework.security.web.context.SecurityContextPersistenceFilter@61b60600, org.springframework.security.web.header.HeaderWriterFilter@115c946b, org.springframework.web.filter.CorsFilter@10131289, org.springframework.security.web.authentication.logout.LogoutFilter@78116659, org.example.bsproject.component.JwtAuthenticationTokenFilter@ee8e7ff, org.springframework.security.web.savedrequest.RequestCacheAwareFilter@340afaf8, org.springframework.security.web.servletapi.SecurityContextHolderAwareRequestFilter@4fb57fb3, org.springframework.security.web.authentication.AnonymousAuthenticationFilter@c5e69a5, org.springframework.security.web.session.SessionManagementFilter@5122e4bf, org.springframework.security.web.access.ExceptionTranslationFilter@4d4c1ba9, org.springframework.security.web.access.intercept.FilterSecurityInterceptor@6f3bd37f]
2024-05-24 14:24:01.726 INFO  26108 --- [main] com.zaxxer.hikari.HikariDataSource - HikariPool-1 - Starting...
2024-05-24 14:24:02.019 INFO  26108 --- [main] com.zaxxer.hikari.HikariDataSource - HikariPool-1 - Start completed.
2024-05-24 14:24:02.155 INFO  26108 --- [main] org.apache.coyote.http11.Http11NioProtocol - Starting ProtocolHandler ["http-nio-auto-1"]
2024-05-24 14:24:02.170 INFO  26108 --- [main] o.s.boot.web.embedded.tomcat.TomcatWebServer - Tomcat started on port(s): 61272 (http) with context path ''
2024-05-24 14:24:02.176 INFO  26108 --- [main] org.example.bsproject.BSprojectApplicationTests - Started BSprojectApplicationTests in 3.295 seconds (JVM running for 3.883)
2024-05-24 14:24:02.532 INFO  26108 --- [SpringApplicationShutdownHook] com.zaxxer.hikari.HikariDataSource - HikariPool-1 - Shutdown initiated...
2024-05-24 14:24:02.534 INFO  26108 --- [SpringApplicationShutdownHook] com.zaxxer.hikari.HikariDataSource - HikariPool-1 - Shutdown completed.
2024-05-24 14:24:11.862 INFO  49148 --- [main] org.example.bsproject.BSprojectApplication - Starting BSprojectApplication using Java 1.8.0_402 on LAPTOP-I8OFT18R with PID 49148 (W:\JavaProject\BSproject\target\classes started by huang in W:\JavaProject\BSproject)
2024-05-24 14:24:11.863 INFO  49148 --- [main] org.example.bsproject.BSprojectApplication - No active profile set, falling back to 1 default profile: "default"
2024-05-24 14:24:12.182 INFO  49148 --- [main] o.s.d.r.config.RepositoryConfigurationDelegate - Multiple Spring Data modules found, entering strict repository configuration mode
2024-05-24 14:24:12.182 INFO  49148 --- [main] o.s.d.r.config.RepositoryConfigurationDelegate - Bootstrapping Spring Data JDBC repositories in DEFAULT mode.
2024-05-24 14:24:12.191 INFO  49148 --- [main] o.s.d.r.config.RepositoryConfigurationDelegate - Finished Spring Data repository scanning in 7 ms. Found 0 JDBC repository interfaces.
2024-05-24 14:24:12.195 INFO  49148 --- [main] o.s.d.r.config.RepositoryConfigurationDelegate - Multiple Spring Data modules found, entering strict repository configuration mode
2024-05-24 14:24:12.196 INFO  49148 --- [main] o.s.d.r.config.RepositoryConfigurationDelegate - Bootstrapping Spring Data Redis repositories in DEFAULT mode.
2024-05-24 14:24:12.202 INFO  49148 --- [main] o.s.d.r.config.RepositoryConfigurationDelegate - Finished Spring Data repository scanning in 2 ms. Found 0 Redis repository interfaces.
2024-05-24 14:24:12.432 INFO  49148 --- [main] o.s.boot.web.embedded.tomcat.TomcatWebServer - Tomcat initialized with port(s): 8080 (http)
2024-05-24 14:24:12.438 INFO  49148 --- [main] org.apache.coyote.http11.Http11NioProtocol - Initializing ProtocolHandler ["http-nio-8080"]
2024-05-24 14:24:12.438 INFO  49148 --- [main] org.apache.catalina.core.StandardService - Starting service [Tomcat]
2024-05-24 14:24:12.438 INFO  49148 --- [main] org.apache.catalina.core.StandardEngine - Starting Servlet engine: [Apache Tomcat/9.0.68]
2024-05-24 14:24:12.492 INFO  49148 --- [main] o.a.c.core.ContainerBase.[Tomcat].[localhost].[/] - Initializing Spring embedded WebApplicationContext
2024-05-24 14:24:12.492 INFO  49148 --- [main] o.s.b.w.s.c.ServletWebServerApplicationContext - Root WebApplicationContext: initialization completed in 608 ms
2024-05-24 14:24:13.337 INFO  49148 --- [main] o.s.b.a.web.servlet.WelcomePageHandlerMapping - Adding welcome page: class path resource [static/index.html]
2024-05-24 14:24:13.381 INFO  49148 --- [main] o.s.security.web.DefaultSecurityFilterChain - Will secure any request with [org.springframework.security.web.context.request.async.WebAsyncManagerIntegrationFilter@7ba93755, org.springframework.security.web.context.SecurityContextPersistenceFilter@3af58f76, org.springframework.security.web.header.HeaderWriterFilter@1a256d80, org.springframework.web.filter.CorsFilter@22dc59b2, org.springframework.security.web.authentication.logout.LogoutFilter@550e9be6, org.example.bsproject.component.JwtAuthenticationTokenFilter@7100dea, org.springframework.security.web.savedrequest.RequestCacheAwareFilter@31a2a9fa, org.springframework.security.web.servletapi.SecurityContextHolderAwareRequestFilter@152c4495, org.springframework.security.web.authentication.AnonymousAuthenticationFilter@33e434c8, org.springframework.security.web.session.SessionManagementFilter@4eaa375c, org.springframework.security.web.access.ExceptionTranslationFilter@7cfac39f, org.springframework.security.web.access.intercept.FilterSecurityInterceptor@4dde8976]
2024-05-24 14:24:13.461 INFO  49148 --- [main] com.zaxxer.hikari.HikariDataSource - HikariPool-1 - Starting...
2024-05-24 14:24:13.603 INFO  49148 --- [main] com.zaxxer.hikari.HikariDataSource - HikariPool-1 - Start completed.
2024-05-24 14:24:13.684 INFO  49148 --- [main] org.apache.coyote.http11.Http11NioProtocol - Starting ProtocolHandler ["http-nio-8080"]
2024-05-24 14:24:13.695 INFO  49148 --- [main] o.s.boot.web.embedded.tomcat.TomcatWebServer - Tomcat started on port(s): 8080 (http) with context path ''
2024-05-24 14:24:13.701 INFO  49148 --- [main] org.example.bsproject.BSprojectApplication - Started BSprojectApplication in 2.057 seconds (JVM running for 2.522)
2024-05-24 14:24:19.943 INFO  49148 --- [http-nio-8080-exec-4] o.a.c.core.ContainerBase.[Tomcat].[localhost].[/] - Initializing Spring DispatcherServlet 'dispatcherServlet'
2024-05-24 14:24:19.943 INFO  49148 --- [http-nio-8080-exec-4] org.springframework.web.servlet.DispatcherServlet - Initializing Servlet 'dispatcherServlet'
2024-05-24 14:24:19.944 INFO  49148 --- [http-nio-8080-exec-4] org.springframework.web.servlet.DispatcherServlet - Completed initialization in 1 ms
2024-05-24 14:25:33.969 INFO  49148 --- [http-nio-8080-exec-3] o.e.b.component.JwtAuthenticationTokenFilter - checking admin username:root
2024-05-24 14:25:33.977 INFO  49148 --- [http-nio-8080-exec-3] o.e.b.component.JwtAuthenticationTokenFilter - authenticated admin:root
2024-05-24 20:08:05.657 INFO  49148 --- [SpringApplicationShutdownHook] com.zaxxer.hikari.HikariDataSource - HikariPool-1 - Shutdown initiated...
2024-05-24 20:08:05.665 INFO  49148 --- [SpringApplicationShutdownHook] com.zaxxer.hikari.HikariDataSource - HikariPool-1 - Shutdown completed.
