2024-05-20 14:25:33.430 INFO  25568 --- [main] org.example.bsproject.BSprojectApplication - Starting BSprojectApplication using Java 1.8.0_402 on LAPTOP-I8OFT18R with PID 25568 (W:\JavaProject\BSproject\target\classes started by huang in W:\JavaProject\BSproject)
2024-05-20 14:25:33.433 INFO  25568 --- [main] org.example.bsproject.BSprojectApplication - No active profile set, falling back to 1 default profile: "default"
2024-05-20 14:25:34.298 INFO  25568 --- [main] o.s.d.r.config.RepositoryConfigurationDelegate - Multiple Spring Data modules found, entering strict repository configuration mode
2024-05-20 14:25:34.299 INFO  25568 --- [main] o.s.d.r.config.RepositoryConfigurationDelegate - Bootstrapping Spring Data JDBC repositories in DEFAULT mode.
2024-05-20 14:25:34.313 INFO  25568 --- [main] o.s.d.r.config.RepositoryConfigurationDelegate - Finished Spring Data repository scanning in 10 ms. Found 0 JDBC repository interfaces.
2024-05-20 14:25:34.320 INFO  25568 --- [main] o.s.d.r.config.RepositoryConfigurationDelegate - Multiple Spring Data modules found, entering strict repository configuration mode
2024-05-20 14:25:34.321 INFO  25568 --- [main] o.s.d.r.config.RepositoryConfigurationDelegate - Bootstrapping Spring Data Redis repositories in DEFAULT mode.
2024-05-20 14:25:34.329 INFO  25568 --- [main] o.s.d.r.config.RepositoryConfigurationDelegate - Finished Spring Data repository scanning in 2 ms. Found 0 Redis repository interfaces.
2024-05-20 14:25:34.660 INFO  25568 --- [main] o.s.boot.web.embedded.tomcat.TomcatWebServer - Tomcat initialized with port(s): 8080 (http)
2024-05-20 14:25:34.666 INFO  25568 --- [main] org.apache.coyote.http11.Http11NioProtocol - Initializing ProtocolHandler ["http-nio-8080"]
2024-05-20 14:25:34.666 INFO  25568 --- [main] org.apache.catalina.core.StandardService - Starting service [Tomcat]
2024-05-20 14:25:34.667 INFO  25568 --- [main] org.apache.catalina.core.StandardEngine - Starting Servlet engine: [Apache Tomcat/9.0.68]
2024-05-20 14:25:34.733 INFO  25568 --- [main] o.a.c.core.ContainerBase.[Tomcat].[localhost].[/] - Initializing Spring embedded WebApplicationContext
2024-05-20 14:25:34.733 INFO  25568 --- [main] o.s.b.w.s.c.ServletWebServerApplicationContext - Root WebApplicationContext: initialization completed in 1270 ms
2024-05-20 14:25:35.699 INFO  25568 --- [main] o.s.b.a.web.servlet.WelcomePageHandlerMapping - Adding welcome page: class path resource [static/index.html]
2024-05-20 14:25:35.749 INFO  25568 --- [main] o.s.security.web.DefaultSecurityFilterChain - Will secure any request with [org.springframework.security.web.context.request.async.WebAsyncManagerIntegrationFilter@17043b04, org.springframework.security.web.context.SecurityContextPersistenceFilter@7cfac39f, org.springframework.security.web.header.HeaderWriterFilter@e784320, org.springframework.web.filter.CorsFilter@511f5b1d, org.springframework.security.web.authentication.logout.LogoutFilter@1d06f16f, org.example.bsproject.component.JwtAuthenticationTokenFilter@6c3659be, org.springframework.security.web.savedrequest.RequestCacheAwareFilter@50eb4a2c, org.springframework.security.web.servletapi.SecurityContextHolderAwareRequestFilter@3472947a, org.springframework.security.web.authentication.AnonymousAuthenticationFilter@31f295b6, org.springframework.security.web.session.SessionManagementFilter@64942607, org.springframework.security.web.access.ExceptionTranslationFilter@6968bcec, org.springframework.security.web.access.intercept.FilterSecurityInterceptor@3d24420b]
2024-05-20 14:25:35.848 INFO  25568 --- [main] com.zaxxer.hikari.HikariDataSource - HikariPool-1 - Starting...
2024-05-20 14:25:36.108 INFO  25568 --- [main] com.zaxxer.hikari.HikariDataSource - HikariPool-1 - Start completed.
2024-05-20 14:25:36.185 INFO  25568 --- [main] org.apache.coyote.http11.Http11NioProtocol - Starting ProtocolHandler ["http-nio-8080"]
2024-05-20 14:25:36.202 INFO  25568 --- [main] o.s.boot.web.embedded.tomcat.TomcatWebServer - Tomcat started on port(s): 8080 (http) with context path ''
2024-05-20 14:25:36.207 INFO  25568 --- [main] org.example.bsproject.BSprojectApplication - Started BSprojectApplication in 3.112 seconds (JVM running for 3.671)
2024-05-20 20:47:50.801 INFO  25568 --- [http-nio-8080-exec-1] o.a.c.core.ContainerBase.[Tomcat].[localhost].[/] - Initializing Spring DispatcherServlet 'dispatcherServlet'
2024-05-20 20:47:50.802 INFO  25568 --- [http-nio-8080-exec-1] org.springframework.web.servlet.DispatcherServlet - Initializing Servlet 'dispatcherServlet'
2024-05-20 20:47:50.826 INFO  25568 --- [http-nio-8080-exec-1] org.springframework.web.servlet.DispatcherServlet - Completed initialization in 24 ms
2024-05-20 20:47:54.008 INFO  25568 --- [http-nio-8080-exec-3] o.e.b.component.JwtAuthenticationTokenFilter - checking admin username:root
2024-05-20 20:47:54.018 INFO  25568 --- [http-nio-8080-exec-3] o.e.b.component.JwtAuthenticationTokenFilter - authenticated admin:root
2024-05-20 20:50:01.420 INFO  25568 --- [http-nio-8080-exec-6] o.e.b.component.JwtAuthenticationTokenFilter - checking admin username:root
2024-05-20 20:50:01.423 INFO  25568 --- [http-nio-8080-exec-6] o.e.b.component.JwtAuthenticationTokenFilter - authenticated admin:root
2024-05-20 20:53:48.638 INFO  25568 --- [http-nio-8080-exec-9] o.e.b.component.JwtAuthenticationTokenFilter - checking admin username:root
2024-05-20 20:53:48.640 INFO  25568 --- [http-nio-8080-exec-9] o.e.b.component.JwtAuthenticationTokenFilter - authenticated admin:root
2024-05-20 20:53:50.673 INFO  25568 --- [http-nio-8080-exec-1] o.e.b.component.JwtAuthenticationTokenFilter - checking admin username:root
2024-05-20 20:53:50.674 INFO  25568 --- [http-nio-8080-exec-1] o.e.b.component.JwtAuthenticationTokenFilter - authenticated admin:root
2024-05-20 20:56:29.841 INFO  25568 --- [http-nio-8080-exec-3] o.e.b.component.JwtAuthenticationTokenFilter - checking admin username:root
2024-05-20 20:56:29.843 INFO  25568 --- [http-nio-8080-exec-3] o.e.b.component.JwtAuthenticationTokenFilter - authenticated admin:root
2024-05-20 20:56:31.726 INFO  25568 --- [http-nio-8080-exec-5] o.e.b.component.JwtAuthenticationTokenFilter - checking admin username:root
2024-05-20 20:56:31.729 INFO  25568 --- [http-nio-8080-exec-5] o.e.b.component.JwtAuthenticationTokenFilter - authenticated admin:root
2024-05-20 20:58:40.073 INFO  25568 --- [http-nio-8080-exec-6] o.e.b.component.JwtAuthenticationTokenFilter - checking admin username:root
2024-05-20 20:58:40.089 INFO  25568 --- [http-nio-8080-exec-6] o.e.b.component.JwtAuthenticationTokenFilter - authenticated admin:root
2024-05-20 20:59:17.765 INFO  25568 --- [http-nio-8080-exec-7] o.e.b.component.JwtAuthenticationTokenFilter - checking admin username:root
2024-05-20 20:59:17.767 INFO  25568 --- [http-nio-8080-exec-7] o.e.b.component.JwtAuthenticationTokenFilter - authenticated admin:root
2024-05-20 21:01:51.348 INFO  25568 --- [http-nio-8080-exec-9] o.e.b.component.JwtAuthenticationTokenFilter - checking admin username:root
2024-05-20 21:01:51.350 INFO  25568 --- [http-nio-8080-exec-9] o.e.b.component.JwtAuthenticationTokenFilter - authenticated admin:root
2024-05-20 21:05:14.469 INFO  25568 --- [http-nio-8080-exec-4] o.e.b.component.JwtAuthenticationTokenFilter - checking admin username:root
2024-05-20 21:05:14.472 INFO  25568 --- [http-nio-8080-exec-4] o.e.b.component.JwtAuthenticationTokenFilter - authenticated admin:root
2024-05-20 21:05:19.563 INFO  25568 --- [http-nio-8080-exec-3] o.e.b.component.JwtAuthenticationTokenFilter - checking admin username:root
2024-05-20 21:05:19.565 INFO  25568 --- [http-nio-8080-exec-3] o.e.b.component.JwtAuthenticationTokenFilter - authenticated admin:root
2024-05-20 21:06:36.119 INFO  25568 --- [http-nio-8080-exec-2] o.e.b.component.JwtAuthenticationTokenFilter - checking admin username:root
2024-05-20 21:06:36.121 INFO  25568 --- [http-nio-8080-exec-2] o.e.b.component.JwtAuthenticationTokenFilter - authenticated admin:root
2024-05-20 21:07:33.501 INFO  25568 --- [http-nio-8080-exec-7] o.e.b.component.JwtAuthenticationTokenFilter - checking admin username:root
2024-05-20 21:07:33.503 INFO  25568 --- [http-nio-8080-exec-7] o.e.b.component.JwtAuthenticationTokenFilter - authenticated admin:root
2024-05-20 21:07:33.517 INFO  25568 --- [http-nio-8080-exec-8] o.e.b.component.JwtAuthenticationTokenFilter - checking admin username:root
2024-05-20 21:07:33.518 INFO  25568 --- [http-nio-8080-exec-8] o.e.b.component.JwtAuthenticationTokenFilter - authenticated admin:root
2024-05-20 21:07:37.049 INFO  25568 --- [http-nio-8080-exec-10] o.e.b.component.JwtAuthenticationTokenFilter - checking admin username:root
2024-05-20 21:07:37.051 INFO  25568 --- [http-nio-8080-exec-10] o.e.b.component.JwtAuthenticationTokenFilter - authenticated admin:root
2024-05-20 21:08:34.170 INFO  25568 --- [http-nio-8080-exec-4] o.e.b.component.JwtAuthenticationTokenFilter - checking admin username:root
2024-05-20 21:08:34.186 INFO  25568 --- [http-nio-8080-exec-4] o.e.b.component.JwtAuthenticationTokenFilter - authenticated admin:root
2024-05-20 21:09:46.146 INFO  25568 --- [SpringApplicationShutdownHook] com.zaxxer.hikari.HikariDataSource - HikariPool-1 - Shutdown initiated...
2024-05-20 21:09:46.152 INFO  25568 --- [SpringApplicationShutdownHook] com.zaxxer.hikari.HikariDataSource - HikariPool-1 - Shutdown completed.
