2024-05-28 10:12:08.166 INFO  103772 --- [main] org.example.bsproject.BSprojectApplication - Starting BSprojectApplication using Java 1.8.0_402 on LAPTOP-I8OFT18R with PID 103772 (W:\JavaProject\BSproject\target\classes started by huang in W:\JavaProject\BSproject)
2024-05-28 10:12:08.168 INFO  103772 --- [main] org.example.bsproject.BSprojectApplication - No active profile set, falling back to 1 default profile: "default"
2024-05-28 10:12:08.635 INFO  103772 --- [main] o.s.d.r.config.RepositoryConfigurationDelegate - Multiple Spring Data modules found, entering strict repository configuration mode
2024-05-28 10:12:08.635 INFO  103772 --- [main] o.s.d.r.config.RepositoryConfigurationDelegate - Bootstrapping Spring Data JDBC repositories in DEFAULT mode.
2024-05-28 10:12:08.647 INFO  103772 --- [main] o.s.d.r.config.RepositoryConfigurationDelegate - Finished Spring Data repository scanning in 9 ms. Found 0 JDBC repository interfaces.
2024-05-28 10:12:08.655 INFO  103772 --- [main] o.s.d.r.config.RepositoryConfigurationDelegate - Multiple Spring Data modules found, entering strict repository configuration mode
2024-05-28 10:12:08.656 INFO  103772 --- [main] o.s.d.r.config.RepositoryConfigurationDelegate - Bootstrapping Spring Data Redis repositories in DEFAULT mode.
2024-05-28 10:12:08.664 INFO  103772 --- [main] o.s.d.r.config.RepositoryConfigurationDelegate - Finished Spring Data repository scanning in 2 ms. Found 0 Redis repository interfaces.
2024-05-28 10:12:08.974 INFO  103772 --- [main] o.s.boot.web.embedded.tomcat.TomcatWebServer - Tomcat initialized with port(s): 8080 (http)
2024-05-28 10:12:08.979 INFO  103772 --- [main] org.apache.coyote.http11.Http11NioProtocol - Initializing ProtocolHandler ["http-nio-8080"]
2024-05-28 10:12:08.979 INFO  103772 --- [main] org.apache.catalina.core.StandardService - Starting service [Tomcat]
2024-05-28 10:12:08.980 INFO  103772 --- [main] org.apache.catalina.core.StandardEngine - Starting Servlet engine: [Apache Tomcat/9.0.68]
2024-05-28 10:12:09.046 INFO  103772 --- [main] o.a.c.core.ContainerBase.[Tomcat].[localhost].[/] - Initializing Spring embedded WebApplicationContext
2024-05-28 10:12:09.046 INFO  103772 --- [main] o.s.b.w.s.c.ServletWebServerApplicationContext - Root WebApplicationContext: initialization completed in 850 ms
2024-05-28 10:12:09.963 INFO  103772 --- [main] o.s.b.a.web.servlet.WelcomePageHandlerMapping - Adding welcome page: class path resource [static/index.html]
2024-05-28 10:12:10.008 INFO  103772 --- [main] o.s.security.web.DefaultSecurityFilterChain - Will secure any request with [org.springframework.security.web.context.request.async.WebAsyncManagerIntegrationFilter@7ea2412c, org.springframework.security.web.context.SecurityContextPersistenceFilter@42f85fa4, org.springframework.security.web.header.HeaderWriterFilter@1163a27, org.springframework.web.filter.CorsFilter@1c93b51e, org.springframework.security.web.authentication.logout.LogoutFilter@1a256d80, org.example.bsproject.component.JwtAuthenticationTokenFilter@7cbeac65, org.springframework.security.web.savedrequest.RequestCacheAwareFilter@27abb6ca, org.springframework.security.web.servletapi.SecurityContextHolderAwareRequestFilter@2ceee4b6, org.springframework.security.web.authentication.AnonymousAuthenticationFilter@7c0f28f8, org.springframework.security.web.session.SessionManagementFilter@1319bc2a, org.springframework.security.web.access.ExceptionTranslationFilter@28a9494b, org.springframework.security.web.access.intercept.FilterSecurityInterceptor@6870c3c2]
2024-05-28 10:12:10.106 INFO  103772 --- [main] com.zaxxer.hikari.HikariDataSource - HikariPool-1 - Starting...
2024-05-28 10:12:10.339 INFO  103772 --- [main] com.zaxxer.hikari.HikariDataSource - HikariPool-1 - Start completed.
2024-05-28 10:12:10.416 INFO  103772 --- [main] org.apache.coyote.http11.Http11NioProtocol - Starting ProtocolHandler ["http-nio-8080"]
2024-05-28 10:12:10.425 INFO  103772 --- [main] o.s.boot.web.embedded.tomcat.TomcatWebServer - Tomcat started on port(s): 8080 (http) with context path ''
2024-05-28 10:12:10.431 INFO  103772 --- [main] org.example.bsproject.BSprojectApplication - Started BSprojectApplication in 2.546 seconds (JVM running for 3.08)
2024-05-28 10:13:10.865 INFO  103772 --- [http-nio-8080-exec-2] o.a.c.core.ContainerBase.[Tomcat].[localhost].[/] - Initializing Spring DispatcherServlet 'dispatcherServlet'
2024-05-28 10:13:10.865 INFO  103772 --- [http-nio-8080-exec-2] org.springframework.web.servlet.DispatcherServlet - Initializing Servlet 'dispatcherServlet'
2024-05-28 10:13:10.865 INFO  103772 --- [http-nio-8080-exec-2] org.springframework.web.servlet.DispatcherServlet - Completed initialization in 0 ms
2024-05-28 10:13:10.913 INFO  103772 --- [http-nio-8080-exec-2] org.example.bsproject.component.WebSocket - root[websocket消息]有新的连接，总数为:1
2024-05-28 10:14:08.716 INFO  103772 --- [http-nio-8080-exec-4] o.e.b.component.JwtAuthenticationTokenFilter - checking admin username:root
2024-05-28 10:14:08.727 INFO  103772 --- [http-nio-8080-exec-4] o.e.b.component.JwtAuthenticationTokenFilter - authenticated admin:root
2024-05-28 10:14:08.742 INFO  103772 --- [http-nio-8080-exec-4] org.example.bsproject.component.WebSocket - [websocket消息]广播消息:系统公告
2024-05-28 10:15:52.699 INFO  103772 --- [http-nio-8080-exec-6] org.example.bsproject.component.WebSocket - [websocket消息]连接断开，总数为:0
2024-05-28 10:15:52.702 INFO  103772 --- [http-nio-8080-exec-7] org.example.bsproject.component.WebSocket - root[websocket消息]有新的连接，总数为:1
2024-05-28 10:15:56.417 INFO  103772 --- [http-nio-8080-exec-9] o.e.b.component.JwtAuthenticationTokenFilter - checking admin username:root
2024-05-28 10:15:56.420 INFO  103772 --- [http-nio-8080-exec-9] o.e.b.component.JwtAuthenticationTokenFilter - authenticated admin:root
2024-05-28 10:15:56.421 INFO  103772 --- [http-nio-8080-exec-9] org.example.bsproject.component.WebSocket - [websocket消息]广播消息:系统公告
2024-05-28 10:22:44.044 INFO  103772 --- [http-nio-8080-exec-2] org.example.bsproject.component.WebSocket - [websocket消息]连接断开，总数为:0
2024-05-28 10:22:44.047 INFO  103772 --- [http-nio-8080-exec-1] org.example.bsproject.component.WebSocket - root[websocket消息]有新的连接，总数为:1
2024-05-28 10:26:17.034 INFO  103772 --- [http-nio-8080-exec-3] org.example.bsproject.component.WebSocket - [websocket消息]连接断开，总数为:0
2024-05-28 10:26:17.036 INFO  103772 --- [http-nio-8080-exec-4] org.example.bsproject.component.WebSocket - root[websocket消息]有新的连接，总数为:1
2024-05-28 10:26:32.814 INFO  103772 --- [http-nio-8080-exec-5] org.example.bsproject.component.WebSocket - [websocket消息]连接断开，总数为:0
2024-05-28 10:26:32.817 INFO  103772 --- [http-nio-8080-exec-6] org.example.bsproject.component.WebSocket - root[websocket消息]有新的连接，总数为:1
2024-05-28 10:26:38.608 INFO  103772 --- [http-nio-8080-exec-7] org.example.bsproject.component.WebSocket - [websocket消息]连接断开，总数为:0
2024-05-28 10:26:38.611 INFO  103772 --- [http-nio-8080-exec-8] org.example.bsproject.component.WebSocket - root[websocket消息]有新的连接，总数为:1
2024-05-28 10:26:45.651 INFO  103772 --- [http-nio-8080-exec-10] o.e.b.component.JwtAuthenticationTokenFilter - checking admin username:root
2024-05-28 10:26:45.654 INFO  103772 --- [http-nio-8080-exec-10] o.e.b.component.JwtAuthenticationTokenFilter - authenticated admin:root
2024-05-28 10:26:45.655 INFO  103772 --- [http-nio-8080-exec-10] org.example.bsproject.component.WebSocket - [websocket消息]广播消息:系统公告
2024-05-28 10:27:01.820 INFO  103772 --- [http-nio-8080-exec-2] org.example.bsproject.component.WebSocket - [websocket消息]连接断开，总数为:0
2024-05-28 10:27:01.823 INFO  103772 --- [http-nio-8080-exec-1] org.example.bsproject.component.WebSocket - root[websocket消息]有新的连接，总数为:1
2024-05-28 10:27:04.270 INFO  103772 --- [http-nio-8080-exec-3] org.example.bsproject.component.WebSocket - [websocket消息]连接断开，总数为:0
2024-05-28 10:27:04.577 INFO  103772 --- [http-nio-8080-exec-4] org.example.bsproject.component.WebSocket - root[websocket消息]有新的连接，总数为:1
2024-05-28 10:27:14.401 INFO  103772 --- [http-nio-8080-exec-5] o.e.b.component.JwtAuthenticationTokenFilter - checking admin username:root
2024-05-28 10:27:14.403 INFO  103772 --- [http-nio-8080-exec-5] o.e.b.component.JwtAuthenticationTokenFilter - authenticated admin:root
2024-05-28 10:27:14.404 INFO  103772 --- [http-nio-8080-exec-5] org.example.bsproject.component.WebSocket - [websocket消息]广播消息:系统公告
2024-05-28 10:41:03.858 INFO  103772 --- [http-nio-8080-exec-7] org.example.bsproject.component.WebSocket - [websocket消息]连接断开，总数为:0
2024-05-28 10:41:04.134 INFO  103772 --- [http-nio-8080-exec-8] org.example.bsproject.component.WebSocket - root[websocket消息]有新的连接，总数为:1
2024-05-28 10:41:05.803 INFO  103772 --- [http-nio-8080-exec-9] org.example.bsproject.component.WebSocket - [websocket消息]连接断开，总数为:0
2024-05-28 10:41:05.873 INFO  103772 --- [http-nio-8080-exec-10] org.example.bsproject.component.WebSocket - root[websocket消息]有新的连接，总数为:1
2024-05-28 10:41:40.027 INFO  103772 --- [http-nio-8080-exec-1] o.e.b.component.JwtAuthenticationTokenFilter - checking admin username:root
2024-05-28 10:41:40.029 INFO  103772 --- [http-nio-8080-exec-1] o.e.b.component.JwtAuthenticationTokenFilter - authenticated admin:root
2024-05-28 10:41:40.029 INFO  103772 --- [http-nio-8080-exec-1] org.example.bsproject.component.WebSocket - [websocket消息]广播消息:系统公告
2024-05-28 11:37:47.655 INFO  103772 --- [http-nio-8080-exec-4] org.example.bsproject.component.WebSocket - [websocket消息]连接断开，总数为:0
2024-05-28 11:37:47.917 INFO  103772 --- [http-nio-8080-exec-5] org.example.bsproject.component.WebSocket - root[websocket消息]有新的连接，总数为:1
2024-05-28 11:37:53.214 INFO  103772 --- [http-nio-8080-exec-7] o.e.b.component.JwtAuthenticationTokenFilter - checking admin username:root
2024-05-28 11:37:53.216 INFO  103772 --- [http-nio-8080-exec-7] o.e.b.component.JwtAuthenticationTokenFilter - authenticated admin:root failed
2024-05-28 11:37:53.224 ERROR 103772 --- [http-nio-8080-exec-7] o.a.c.c.C.[.[localhost].[/].[dispatcherServlet] - Servlet.service() for servlet [dispatcherServlet] in context with path [] threw exception
java.lang.RuntimeException: 用户未登录
	at org.example.bsproject.component.JwtAuthenticationTokenFilter.doFilterInternal(JwtAuthenticationTokenFilter.java:83)
	at org.springframework.web.filter.OncePerRequestFilter.doFilter(OncePerRequestFilter.java:117)
	at org.springframework.security.web.FilterChainProxy$VirtualFilterChain.doFilter(FilterChainProxy.java:346)
	at org.springframework.security.web.authentication.logout.LogoutFilter.doFilter(LogoutFilter.java:103)
	at org.springframework.security.web.authentication.logout.LogoutFilter.doFilter(LogoutFilter.java:89)
	at org.springframework.security.web.FilterChainProxy$VirtualFilterChain.doFilter(FilterChainProxy.java:346)
	at org.springframework.web.filter.CorsFilter.doFilterInternal(CorsFilter.java:91)
	at org.springframework.web.filter.OncePerRequestFilter.doFilter(OncePerRequestFilter.java:117)
	at org.springframework.security.web.FilterChainProxy$VirtualFilterChain.doFilter(FilterChainProxy.java:346)
	at org.springframework.security.web.header.HeaderWriterFilter.doHeadersAfter(HeaderWriterFilter.java:90)
	at org.springframework.security.web.header.HeaderWriterFilter.doFilterInternal(HeaderWriterFilter.java:75)
	at org.springframework.web.filter.OncePerRequestFilter.doFilter(OncePerRequestFilter.java:117)
	at org.springframework.security.web.FilterChainProxy$VirtualFilterChain.doFilter(FilterChainProxy.java:346)
	at org.springframework.security.web.context.SecurityContextPersistenceFilter.doFilter(SecurityContextPersistenceFilter.java:110)
	at org.springframework.security.web.context.SecurityContextPersistenceFilter.doFilter(SecurityContextPersistenceFilter.java:80)
	at org.springframework.security.web.FilterChainProxy$VirtualFilterChain.doFilter(FilterChainProxy.java:346)
	at org.springframework.security.web.context.request.async.WebAsyncManagerIntegrationFilter.doFilterInternal(WebAsyncManagerIntegrationFilter.java:55)
	at org.springframework.web.filter.OncePerRequestFilter.doFilter(OncePerRequestFilter.java:117)
	at org.springframework.security.web.FilterChainProxy$VirtualFilterChain.doFilter(FilterChainProxy.java:346)
	at org.springframework.security.web.FilterChainProxy.doFilterInternal(FilterChainProxy.java:221)
	at org.springframework.security.web.FilterChainProxy.doFilter(FilterChainProxy.java:186)
	at org.springframework.web.filter.DelegatingFilterProxy.invokeDelegate(DelegatingFilterProxy.java:354)
	at org.springframework.web.filter.DelegatingFilterProxy.doFilter(DelegatingFilterProxy.java:267)
	at org.apache.catalina.core.ApplicationFilterChain.internalDoFilter(ApplicationFilterChain.java:189)
	at org.apache.catalina.core.ApplicationFilterChain.doFilter(ApplicationFilterChain.java:162)
	at org.springframework.web.filter.RequestContextFilter.doFilterInternal(RequestContextFilter.java:100)
	at org.springframework.web.filter.OncePerRequestFilter.doFilter(OncePerRequestFilter.java:117)
	at org.apache.catalina.core.ApplicationFilterChain.internalDoFilter(ApplicationFilterChain.java:189)
	at org.apache.catalina.core.ApplicationFilterChain.doFilter(ApplicationFilterChain.java:162)
	at org.springframework.web.filter.FormContentFilter.doFilterInternal(FormContentFilter.java:93)
	at org.springframework.web.filter.OncePerRequestFilter.doFilter(OncePerRequestFilter.java:117)
	at org.apache.catalina.core.ApplicationFilterChain.internalDoFilter(ApplicationFilterChain.java:189)
	at org.apache.catalina.core.ApplicationFilterChain.doFilter(ApplicationFilterChain.java:162)
	at org.springframework.web.filter.CharacterEncodingFilter.doFilterInternal(CharacterEncodingFilter.java:201)
	at org.springframework.web.filter.OncePerRequestFilter.doFilter(OncePerRequestFilter.java:117)
	at org.apache.catalina.core.ApplicationFilterChain.internalDoFilter(ApplicationFilterChain.java:189)
	at org.apache.catalina.core.ApplicationFilterChain.doFilter(ApplicationFilterChain.java:162)
	at org.apache.catalina.core.StandardWrapperValve.invoke(StandardWrapperValve.java:197)
	at org.apache.catalina.core.StandardContextValve.invoke(StandardContextValve.java:97)
	at org.apache.catalina.authenticator.AuthenticatorBase.invoke(AuthenticatorBase.java:541)
	at org.apache.catalina.core.StandardHostValve.invoke(StandardHostValve.java:135)
	at org.apache.catalina.valves.ErrorReportValve.invoke(ErrorReportValve.java:92)
	at org.apache.catalina.core.StandardEngineValve.invoke(StandardEngineValve.java:78)
	at org.apache.catalina.connector.CoyoteAdapter.service(CoyoteAdapter.java:360)
	at org.apache.coyote.http11.Http11Processor.service(Http11Processor.java:399)
	at org.apache.coyote.AbstractProcessorLight.process(AbstractProcessorLight.java:65)
	at org.apache.coyote.AbstractProtocol$ConnectionHandler.process(AbstractProtocol.java:893)
	at org.apache.tomcat.util.net.NioEndpoint$SocketProcessor.doRun(NioEndpoint.java:1789)
	at org.apache.tomcat.util.net.SocketProcessorBase.run(SocketProcessorBase.java:49)
	at org.apache.tomcat.util.threads.ThreadPoolExecutor.runWorker(ThreadPoolExecutor.java:1191)
	at org.apache.tomcat.util.threads.ThreadPoolExecutor$Worker.run(ThreadPoolExecutor.java:659)
	at org.apache.tomcat.util.threads.TaskThread$WrappingRunnable.run(TaskThread.java:61)
	at java.lang.Thread.run(Thread.java:750)
2024-05-28 11:38:05.201 INFO  103772 --- [http-nio-8080-exec-8] o.e.b.component.JwtAuthenticationTokenFilter - checking admin username:root
2024-05-28 11:38:05.202 INFO  103772 --- [http-nio-8080-exec-8] o.e.b.component.JwtAuthenticationTokenFilter - authenticated admin:root failed
2024-05-28 11:38:05.203 ERROR 103772 --- [http-nio-8080-exec-8] o.a.c.c.C.[.[localhost].[/].[dispatcherServlet] - Servlet.service() for servlet [dispatcherServlet] in context with path [] threw exception
java.lang.RuntimeException: 用户未登录
	at org.example.bsproject.component.JwtAuthenticationTokenFilter.doFilterInternal(JwtAuthenticationTokenFilter.java:83)
	at org.springframework.web.filter.OncePerRequestFilter.doFilter(OncePerRequestFilter.java:117)
	at org.springframework.security.web.FilterChainProxy$VirtualFilterChain.doFilter(FilterChainProxy.java:346)
	at org.springframework.security.web.authentication.logout.LogoutFilter.doFilter(LogoutFilter.java:103)
	at org.springframework.security.web.authentication.logout.LogoutFilter.doFilter(LogoutFilter.java:89)
	at org.springframework.security.web.FilterChainProxy$VirtualFilterChain.doFilter(FilterChainProxy.java:346)
	at org.springframework.web.filter.CorsFilter.doFilterInternal(CorsFilter.java:91)
	at org.springframework.web.filter.OncePerRequestFilter.doFilter(OncePerRequestFilter.java:117)
	at org.springframework.security.web.FilterChainProxy$VirtualFilterChain.doFilter(FilterChainProxy.java:346)
	at org.springframework.security.web.header.HeaderWriterFilter.doHeadersAfter(HeaderWriterFilter.java:90)
	at org.springframework.security.web.header.HeaderWriterFilter.doFilterInternal(HeaderWriterFilter.java:75)
	at org.springframework.web.filter.OncePerRequestFilter.doFilter(OncePerRequestFilter.java:117)
	at org.springframework.security.web.FilterChainProxy$VirtualFilterChain.doFilter(FilterChainProxy.java:346)
	at org.springframework.security.web.context.SecurityContextPersistenceFilter.doFilter(SecurityContextPersistenceFilter.java:110)
	at org.springframework.security.web.context.SecurityContextPersistenceFilter.doFilter(SecurityContextPersistenceFilter.java:80)
	at org.springframework.security.web.FilterChainProxy$VirtualFilterChain.doFilter(FilterChainProxy.java:346)
	at org.springframework.security.web.context.request.async.WebAsyncManagerIntegrationFilter.doFilterInternal(WebAsyncManagerIntegrationFilter.java:55)
	at org.springframework.web.filter.OncePerRequestFilter.doFilter(OncePerRequestFilter.java:117)
	at org.springframework.security.web.FilterChainProxy$VirtualFilterChain.doFilter(FilterChainProxy.java:346)
	at org.springframework.security.web.FilterChainProxy.doFilterInternal(FilterChainProxy.java:221)
	at org.springframework.security.web.FilterChainProxy.doFilter(FilterChainProxy.java:186)
	at org.springframework.web.filter.DelegatingFilterProxy.invokeDelegate(DelegatingFilterProxy.java:354)
	at org.springframework.web.filter.DelegatingFilterProxy.doFilter(DelegatingFilterProxy.java:267)
	at org.apache.catalina.core.ApplicationFilterChain.internalDoFilter(ApplicationFilterChain.java:189)
	at org.apache.catalina.core.ApplicationFilterChain.doFilter(ApplicationFilterChain.java:162)
	at org.springframework.web.filter.RequestContextFilter.doFilterInternal(RequestContextFilter.java:100)
	at org.springframework.web.filter.OncePerRequestFilter.doFilter(OncePerRequestFilter.java:117)
	at org.apache.catalina.core.ApplicationFilterChain.internalDoFilter(ApplicationFilterChain.java:189)
	at org.apache.catalina.core.ApplicationFilterChain.doFilter(ApplicationFilterChain.java:162)
	at org.springframework.web.filter.FormContentFilter.doFilterInternal(FormContentFilter.java:93)
	at org.springframework.web.filter.OncePerRequestFilter.doFilter(OncePerRequestFilter.java:117)
	at org.apache.catalina.core.ApplicationFilterChain.internalDoFilter(ApplicationFilterChain.java:189)
	at org.apache.catalina.core.ApplicationFilterChain.doFilter(ApplicationFilterChain.java:162)
	at org.springframework.web.filter.CharacterEncodingFilter.doFilterInternal(CharacterEncodingFilter.java:201)
	at org.springframework.web.filter.OncePerRequestFilter.doFilter(OncePerRequestFilter.java:117)
	at org.apache.catalina.core.ApplicationFilterChain.internalDoFilter(ApplicationFilterChain.java:189)
	at org.apache.catalina.core.ApplicationFilterChain.doFilter(ApplicationFilterChain.java:162)
	at org.apache.catalina.core.StandardWrapperValve.invoke(StandardWrapperValve.java:197)
	at org.apache.catalina.core.StandardContextValve.invoke(StandardContextValve.java:97)
	at org.apache.catalina.authenticator.AuthenticatorBase.invoke(AuthenticatorBase.java:541)
	at org.apache.catalina.core.StandardHostValve.invoke(StandardHostValve.java:135)
	at org.apache.catalina.valves.ErrorReportValve.invoke(ErrorReportValve.java:92)
	at org.apache.catalina.core.StandardEngineValve.invoke(StandardEngineValve.java:78)
	at org.apache.catalina.connector.CoyoteAdapter.service(CoyoteAdapter.java:360)
	at org.apache.coyote.http11.Http11Processor.service(Http11Processor.java:399)
	at org.apache.coyote.AbstractProcessorLight.process(AbstractProcessorLight.java:65)
	at org.apache.coyote.AbstractProtocol$ConnectionHandler.process(AbstractProtocol.java:893)
	at org.apache.tomcat.util.net.NioEndpoint$SocketProcessor.doRun(NioEndpoint.java:1789)
	at org.apache.tomcat.util.net.SocketProcessorBase.run(SocketProcessorBase.java:49)
	at org.apache.tomcat.util.threads.ThreadPoolExecutor.runWorker(ThreadPoolExecutor.java:1191)
	at org.apache.tomcat.util.threads.ThreadPoolExecutor$Worker.run(ThreadPoolExecutor.java:659)
	at org.apache.tomcat.util.threads.TaskThread$WrappingRunnable.run(TaskThread.java:61)
	at java.lang.Thread.run(Thread.java:750)
2024-05-28 11:38:45.248 INFO  103772 --- [http-nio-8080-exec-10] o.e.b.component.JwtAuthenticationTokenFilter - checking admin username:root
2024-05-28 11:38:45.249 INFO  103772 --- [http-nio-8080-exec-10] o.e.b.component.JwtAuthenticationTokenFilter - authenticated admin:root
2024-05-28 11:38:45.250 INFO  103772 --- [http-nio-8080-exec-10] org.example.bsproject.component.WebSocket - [websocket消息]广播消息:系统公告
2024-05-28 11:39:19.088 INFO  103772 --- [http-nio-8080-exec-2] org.example.bsproject.component.WebSocket - [websocket消息]连接断开，总数为:0
2024-05-28 11:39:19.097 INFO  103772 --- [http-nio-8080-exec-1] org.example.bsproject.component.WebSocket - root[websocket消息]有新的连接，总数为:1
2024-05-28 11:39:20.087 INFO  103772 --- [http-nio-8080-exec-3] org.example.bsproject.component.WebSocket - [websocket消息]连接断开，总数为:0
2024-05-28 11:39:20.186 INFO  103772 --- [http-nio-8080-exec-4] org.example.bsproject.component.WebSocket - root[websocket消息]有新的连接，总数为:1
2024-05-28 11:39:20.835 INFO  103772 --- [http-nio-8080-exec-5] org.example.bsproject.component.WebSocket - [websocket消息]连接断开，总数为:0
2024-05-28 11:39:20.849 INFO  103772 --- [http-nio-8080-exec-6] org.example.bsproject.component.WebSocket - root[websocket消息]有新的连接，总数为:1
2024-05-28 11:44:48.152 INFO  103772 --- [http-nio-8080-exec-8] org.example.bsproject.component.WebSocket - [websocket消息]连接断开，总数为:0
2024-05-28 11:44:48.267 INFO  103772 --- [http-nio-8080-exec-9] org.example.bsproject.component.WebSocket - root[websocket消息]有新的连接，总数为:1
2024-05-28 11:44:49.123 INFO  103772 --- [http-nio-8080-exec-10] org.example.bsproject.component.WebSocket - [websocket消息]连接断开，总数为:0
2024-05-28 11:44:49.232 INFO  103772 --- [http-nio-8080-exec-2] org.example.bsproject.component.WebSocket - root[websocket消息]有新的连接，总数为:1
2024-05-28 11:44:49.949 INFO  103772 --- [http-nio-8080-exec-1] org.example.bsproject.component.WebSocket - [websocket消息]连接断开，总数为:0
2024-05-28 11:44:50.055 INFO  103772 --- [http-nio-8080-exec-3] org.example.bsproject.component.WebSocket - root[websocket消息]有新的连接，总数为:1
2024-05-28 11:47:54.335 INFO  103772 --- [http-nio-8080-exec-4] org.example.bsproject.component.WebSocket - [websocket消息]连接断开，总数为:0
2024-05-28 11:47:54.344 INFO  103772 --- [http-nio-8080-exec-5] org.example.bsproject.component.WebSocket - root[websocket消息]有新的连接，总数为:1
2024-05-28 11:48:26.057 INFO  103772 --- [http-nio-8080-exec-6] org.example.bsproject.component.WebSocket - [websocket消息]连接断开，总数为:0
2024-05-28 11:48:26.276 INFO  103772 --- [http-nio-8080-exec-7] org.example.bsproject.component.WebSocket - root[websocket消息]有新的连接，总数为:1
2024-05-28 11:48:36.081 INFO  103772 --- [http-nio-8080-exec-8] org.example.bsproject.component.WebSocket - root[websocket消息]有新的连接，总数为:2
2024-05-28 11:48:44.663 INFO  103772 --- [http-nio-8080-exec-9] org.example.bsproject.component.WebSocket - [websocket消息]连接断开，总数为:1
2024-05-28 11:48:44.940 INFO  103772 --- [http-nio-8080-exec-10] org.example.bsproject.component.WebSocket - root[websocket消息]有新的连接，总数为:2
2024-05-28 11:48:45.014 INFO  103772 --- [http-nio-8080-exec-2] org.example.bsproject.component.WebSocket - [websocket消息]连接断开，总数为:1
2024-05-28 11:48:45.342 INFO  103772 --- [http-nio-8080-exec-1] org.example.bsproject.component.WebSocket - root[websocket消息]有新的连接，总数为:2
2024-05-28 11:49:15.498 INFO  103772 --- [http-nio-8080-exec-3] org.example.bsproject.component.WebSocket - [websocket消息]连接断开，总数为:1
2024-05-28 11:49:54.420 INFO  103772 --- [http-nio-8080-exec-4] org.example.bsproject.component.WebSocket - root[websocket消息]有新的连接，总数为:2
2024-05-28 11:49:56.961 INFO  103772 --- [http-nio-8080-exec-5] org.example.bsproject.component.WebSocket - [websocket消息]连接断开，总数为:1
2024-05-28 12:03:33.698 INFO  103772 --- [http-nio-8080-exec-6] org.example.bsproject.component.WebSocket - [websocket消息]连接断开，总数为:0
2024-05-28 12:03:33.701 INFO  103772 --- [http-nio-8080-exec-7] org.example.bsproject.component.WebSocket - root[websocket消息]有新的连接，总数为:1
2024-05-28 12:04:02.263 INFO  103772 --- [http-nio-8080-exec-8] org.example.bsproject.component.WebSocket - [websocket消息]连接断开，总数为:0
2024-05-28 12:04:02.266 INFO  103772 --- [http-nio-8080-exec-9] org.example.bsproject.component.WebSocket - root[websocket消息]有新的连接，总数为:1
2024-05-28 12:08:44.250 INFO  103772 --- [http-nio-8080-exec-10] org.example.bsproject.component.WebSocket - [websocket消息]连接断开，总数为:0
2024-05-28 12:08:44.252 INFO  103772 --- [http-nio-8080-exec-2] org.example.bsproject.component.WebSocket - root[websocket消息]有新的连接，总数为:1
2024-05-28 12:08:45.886 INFO  103772 --- [http-nio-8080-exec-1] org.example.bsproject.component.WebSocket - [websocket消息]连接断开，总数为:0
2024-05-28 12:08:46.309 INFO  103772 --- [http-nio-8080-exec-3] org.example.bsproject.component.WebSocket - root[websocket消息]有新的连接，总数为:1
2024-05-28 12:09:43.689 INFO  103772 --- [http-nio-8080-exec-4] org.example.bsproject.component.WebSocket - [websocket消息]连接断开，总数为:0
2024-05-28 12:09:43.692 INFO  103772 --- [http-nio-8080-exec-5] org.example.bsproject.component.WebSocket - root[websocket消息]有新的连接，总数为:1
2024-05-28 12:14:34.038 INFO  103772 --- [http-nio-8080-exec-6] org.example.bsproject.component.WebSocket - [websocket消息]连接断开，总数为:0
2024-05-28 12:14:34.041 INFO  103772 --- [http-nio-8080-exec-7] org.example.bsproject.component.WebSocket - root[websocket消息]有新的连接，总数为:1
2024-05-28 12:18:36.802 INFO  103772 --- [http-nio-8080-exec-8] org.example.bsproject.component.WebSocket - [websocket消息]连接断开，总数为:0
2024-05-28 12:18:36.804 INFO  103772 --- [http-nio-8080-exec-9] org.example.bsproject.component.WebSocket - root[websocket消息]有新的连接，总数为:1
2024-05-28 12:19:21.772 INFO  103772 --- [http-nio-8080-exec-10] org.example.bsproject.component.WebSocket - [websocket消息]连接断开，总数为:0
2024-05-28 12:19:21.776 INFO  103772 --- [http-nio-8080-exec-2] org.example.bsproject.component.WebSocket - root[websocket消息]有新的连接，总数为:1
2024-05-28 12:21:51.597 INFO  103772 --- [http-nio-8080-exec-1] org.example.bsproject.component.WebSocket - [websocket消息]连接断开，总数为:0
2024-05-28 12:21:51.599 INFO  103772 --- [http-nio-8080-exec-3] org.example.bsproject.component.WebSocket - root[websocket消息]有新的连接，总数为:1
2024-05-28 12:22:30.607 INFO  103772 --- [http-nio-8080-exec-4] org.example.bsproject.component.WebSocket - [websocket消息]连接断开，总数为:0
2024-05-28 12:22:30.609 INFO  103772 --- [http-nio-8080-exec-5] org.example.bsproject.component.WebSocket - root[websocket消息]有新的连接，总数为:1
2024-05-28 12:22:48.223 INFO  103772 --- [http-nio-8080-exec-6] org.example.bsproject.component.WebSocket - [websocket消息]连接断开，总数为:0
2024-05-28 12:22:48.226 INFO  103772 --- [http-nio-8080-exec-7] org.example.bsproject.component.WebSocket - root[websocket消息]有新的连接，总数为:1
2024-05-28 12:58:02.116 INFO  103772 --- [http-nio-8080-exec-8] org.example.bsproject.component.WebSocket - [websocket消息]连接断开，总数为:0
2024-05-28 12:58:02.119 INFO  103772 --- [http-nio-8080-exec-9] org.example.bsproject.component.WebSocket - root[websocket消息]有新的连接，总数为:1
2024-05-28 12:59:08.593 INFO  103772 --- [http-nio-8080-exec-10] org.example.bsproject.component.WebSocket - [websocket消息]连接断开，总数为:0
2024-05-28 12:59:08.596 INFO  103772 --- [http-nio-8080-exec-2] org.example.bsproject.component.WebSocket - root[websocket消息]有新的连接，总数为:1
2024-05-28 12:59:33.927 INFO  103772 --- [http-nio-8080-exec-1] org.example.bsproject.component.WebSocket - [websocket消息]连接断开，总数为:0
2024-05-28 12:59:33.929 INFO  103772 --- [http-nio-8080-exec-3] org.example.bsproject.component.WebSocket - root[websocket消息]有新的连接，总数为:1
2024-05-28 13:00:39.690 INFO  103772 --- [http-nio-8080-exec-4] org.example.bsproject.component.WebSocket - [websocket消息]连接断开，总数为:0
2024-05-28 13:00:39.692 INFO  103772 --- [http-nio-8080-exec-5] org.example.bsproject.component.WebSocket - root[websocket消息]有新的连接，总数为:1
2024-05-28 13:01:38.234 INFO  103772 --- [http-nio-8080-exec-6] org.example.bsproject.component.WebSocket - [websocket消息]连接断开，总数为:0
2024-05-28 13:01:38.236 INFO  103772 --- [http-nio-8080-exec-7] org.example.bsproject.component.WebSocket - root[websocket消息]有新的连接，总数为:1
2024-05-28 13:02:04.614 INFO  103772 --- [http-nio-8080-exec-8] org.example.bsproject.component.WebSocket - [websocket消息]连接断开，总数为:0
2024-05-28 13:02:04.617 INFO  103772 --- [http-nio-8080-exec-9] org.example.bsproject.component.WebSocket - root[websocket消息]有新的连接，总数为:1
2024-05-28 13:02:07.664 INFO  103772 --- [http-nio-8080-exec-10] org.example.bsproject.component.WebSocket - [websocket消息]连接断开，总数为:0
2024-05-28 13:02:07.927 INFO  103772 --- [http-nio-8080-exec-2] org.example.bsproject.component.WebSocket - root[websocket消息]有新的连接，总数为:1
2024-05-28 13:02:36.887 INFO  103772 --- [http-nio-8080-exec-1] org.example.bsproject.component.WebSocket - [websocket消息]连接断开，总数为:0
2024-05-28 13:02:36.890 INFO  103772 --- [http-nio-8080-exec-3] org.example.bsproject.component.WebSocket - root[websocket消息]有新的连接，总数为:1
2024-05-28 13:03:29.079 INFO  103772 --- [http-nio-8080-exec-4] org.example.bsproject.component.WebSocket - [websocket消息]连接断开，总数为:0
2024-05-28 13:03:29.081 INFO  103772 --- [http-nio-8080-exec-5] org.example.bsproject.component.WebSocket - root[websocket消息]有新的连接，总数为:1
2024-05-28 13:03:35.357 INFO  103772 --- [http-nio-8080-exec-7] o.e.b.component.JwtAuthenticationTokenFilter - checking admin username:root
2024-05-28 13:03:35.363 INFO  103772 --- [http-nio-8080-exec-7] o.e.b.component.JwtAuthenticationTokenFilter - authenticated admin:root failed
2024-05-28 13:03:35.366 ERROR 103772 --- [http-nio-8080-exec-7] o.a.c.c.C.[.[localhost].[/].[dispatcherServlet] - Servlet.service() for servlet [dispatcherServlet] in context with path [] threw exception
java.lang.RuntimeException: 用户未登录
	at org.example.bsproject.component.JwtAuthenticationTokenFilter.doFilterInternal(JwtAuthenticationTokenFilter.java:83)
	at org.springframework.web.filter.OncePerRequestFilter.doFilter(OncePerRequestFilter.java:117)
	at org.springframework.security.web.FilterChainProxy$VirtualFilterChain.doFilter(FilterChainProxy.java:346)
	at org.springframework.security.web.authentication.logout.LogoutFilter.doFilter(LogoutFilter.java:103)
	at org.springframework.security.web.authentication.logout.LogoutFilter.doFilter(LogoutFilter.java:89)
	at org.springframework.security.web.FilterChainProxy$VirtualFilterChain.doFilter(FilterChainProxy.java:346)
	at org.springframework.web.filter.CorsFilter.doFilterInternal(CorsFilter.java:91)
	at org.springframework.web.filter.OncePerRequestFilter.doFilter(OncePerRequestFilter.java:117)
	at org.springframework.security.web.FilterChainProxy$VirtualFilterChain.doFilter(FilterChainProxy.java:346)
	at org.springframework.security.web.header.HeaderWriterFilter.doHeadersAfter(HeaderWriterFilter.java:90)
	at org.springframework.security.web.header.HeaderWriterFilter.doFilterInternal(HeaderWriterFilter.java:75)
	at org.springframework.web.filter.OncePerRequestFilter.doFilter(OncePerRequestFilter.java:117)
	at org.springframework.security.web.FilterChainProxy$VirtualFilterChain.doFilter(FilterChainProxy.java:346)
	at org.springframework.security.web.context.SecurityContextPersistenceFilter.doFilter(SecurityContextPersistenceFilter.java:110)
	at org.springframework.security.web.context.SecurityContextPersistenceFilter.doFilter(SecurityContextPersistenceFilter.java:80)
	at org.springframework.security.web.FilterChainProxy$VirtualFilterChain.doFilter(FilterChainProxy.java:346)
	at org.springframework.security.web.context.request.async.WebAsyncManagerIntegrationFilter.doFilterInternal(WebAsyncManagerIntegrationFilter.java:55)
	at org.springframework.web.filter.OncePerRequestFilter.doFilter(OncePerRequestFilter.java:117)
	at org.springframework.security.web.FilterChainProxy$VirtualFilterChain.doFilter(FilterChainProxy.java:346)
	at org.springframework.security.web.FilterChainProxy.doFilterInternal(FilterChainProxy.java:221)
	at org.springframework.security.web.FilterChainProxy.doFilter(FilterChainProxy.java:186)
	at org.springframework.web.filter.DelegatingFilterProxy.invokeDelegate(DelegatingFilterProxy.java:354)
	at org.springframework.web.filter.DelegatingFilterProxy.doFilter(DelegatingFilterProxy.java:267)
	at org.apache.catalina.core.ApplicationFilterChain.internalDoFilter(ApplicationFilterChain.java:189)
	at org.apache.catalina.core.ApplicationFilterChain.doFilter(ApplicationFilterChain.java:162)
	at org.springframework.web.filter.RequestContextFilter.doFilterInternal(RequestContextFilter.java:100)
	at org.springframework.web.filter.OncePerRequestFilter.doFilter(OncePerRequestFilter.java:117)
	at org.apache.catalina.core.ApplicationFilterChain.internalDoFilter(ApplicationFilterChain.java:189)
	at org.apache.catalina.core.ApplicationFilterChain.doFilter(ApplicationFilterChain.java:162)
	at org.springframework.web.filter.FormContentFilter.doFilterInternal(FormContentFilter.java:93)
	at org.springframework.web.filter.OncePerRequestFilter.doFilter(OncePerRequestFilter.java:117)
	at org.apache.catalina.core.ApplicationFilterChain.internalDoFilter(ApplicationFilterChain.java:189)
	at org.apache.catalina.core.ApplicationFilterChain.doFilter(ApplicationFilterChain.java:162)
	at org.springframework.web.filter.CharacterEncodingFilter.doFilterInternal(CharacterEncodingFilter.java:201)
	at org.springframework.web.filter.OncePerRequestFilter.doFilter(OncePerRequestFilter.java:117)
	at org.apache.catalina.core.ApplicationFilterChain.internalDoFilter(ApplicationFilterChain.java:189)
	at org.apache.catalina.core.ApplicationFilterChain.doFilter(ApplicationFilterChain.java:162)
	at org.apache.catalina.core.StandardWrapperValve.invoke(StandardWrapperValve.java:197)
	at org.apache.catalina.core.StandardContextValve.invoke(StandardContextValve.java:97)
	at org.apache.catalina.authenticator.AuthenticatorBase.invoke(AuthenticatorBase.java:541)
	at org.apache.catalina.core.StandardHostValve.invoke(StandardHostValve.java:135)
	at org.apache.catalina.valves.ErrorReportValve.invoke(ErrorReportValve.java:92)
	at org.apache.catalina.core.StandardEngineValve.invoke(StandardEngineValve.java:78)
	at org.apache.catalina.connector.CoyoteAdapter.service(CoyoteAdapter.java:360)
	at org.apache.coyote.http11.Http11Processor.service(Http11Processor.java:399)
	at org.apache.coyote.AbstractProcessorLight.process(AbstractProcessorLight.java:65)
	at org.apache.coyote.AbstractProtocol$ConnectionHandler.process(AbstractProtocol.java:893)
	at org.apache.tomcat.util.net.NioEndpoint$SocketProcessor.doRun(NioEndpoint.java:1789)
	at org.apache.tomcat.util.net.SocketProcessorBase.run(SocketProcessorBase.java:49)
	at org.apache.tomcat.util.threads.ThreadPoolExecutor.runWorker(ThreadPoolExecutor.java:1191)
	at org.apache.tomcat.util.threads.ThreadPoolExecutor$Worker.run(ThreadPoolExecutor.java:659)
	at org.apache.tomcat.util.threads.TaskThread$WrappingRunnable.run(TaskThread.java:61)
	at java.lang.Thread.run(Thread.java:750)
2024-05-28 13:04:08.667 INFO  103772 --- [http-nio-8080-exec-9] o.e.b.component.JwtAuthenticationTokenFilter - checking admin username:root
2024-05-28 13:04:08.670 INFO  103772 --- [http-nio-8080-exec-9] o.e.b.component.JwtAuthenticationTokenFilter - authenticated admin:root
2024-05-28 13:04:08.672 INFO  103772 --- [http-nio-8080-exec-9] org.example.bsproject.component.WebSocket - [websocket消息]广播消息:系统公告
2024-05-28 13:04:12.519 INFO  103772 --- [http-nio-8080-exec-10] org.example.bsproject.component.WebSocket - [websocket消息]连接断开，总数为:0
2024-05-28 13:04:12.799 INFO  103772 --- [http-nio-8080-exec-2] org.example.bsproject.component.WebSocket - root[websocket消息]有新的连接，总数为:1
2024-05-28 13:09:03.691 INFO  103772 --- [http-nio-8080-exec-3] org.example.bsproject.component.WebSocket - [websocket消息]连接断开，总数为:0
2024-05-28 13:09:03.695 INFO  103772 --- [http-nio-8080-exec-4] org.example.bsproject.component.WebSocket - root[websocket消息]有新的连接，总数为:1
2024-05-28 13:09:49.341 INFO  103772 --- [http-nio-8080-exec-5] org.example.bsproject.component.WebSocket - [websocket消息]连接断开，总数为:0
2024-05-28 13:09:49.343 INFO  103772 --- [http-nio-8080-exec-6] org.example.bsproject.component.WebSocket - root[websocket消息]有新的连接，总数为:1
2024-05-28 13:09:51.355 INFO  103772 --- [http-nio-8080-exec-8] o.e.b.component.JwtAuthenticationTokenFilter - checking admin username:root
2024-05-28 13:09:51.358 INFO  103772 --- [http-nio-8080-exec-8] o.e.b.component.JwtAuthenticationTokenFilter - authenticated admin:root
2024-05-28 13:09:51.359 INFO  103772 --- [http-nio-8080-exec-8] org.example.bsproject.component.WebSocket - [websocket消息]广播消息:系统公告
2024-05-28 13:10:58.700 INFO  103772 --- [http-nio-8080-exec-10] org.example.bsproject.component.WebSocket - [websocket消息]连接断开，总数为:0
2024-05-28 13:10:58.704 INFO  103772 --- [http-nio-8080-exec-2] org.example.bsproject.component.WebSocket - root[websocket消息]有新的连接，总数为:1
2024-05-28 13:11:02.672 INFO  103772 --- [http-nio-8080-exec-3] o.e.b.component.JwtAuthenticationTokenFilter - checking admin username:root
2024-05-28 13:11:02.675 INFO  103772 --- [http-nio-8080-exec-3] o.e.b.component.JwtAuthenticationTokenFilter - authenticated admin:root
2024-05-28 13:11:02.676 INFO  103772 --- [http-nio-8080-exec-3] org.example.bsproject.component.WebSocket - [websocket消息]广播消息:系统公告
2024-05-28 13:11:11.508 INFO  103772 --- [http-nio-8080-exec-4] o.e.b.component.JwtAuthenticationTokenFilter - checking admin username:root
2024-05-28 13:11:11.510 INFO  103772 --- [http-nio-8080-exec-4] o.e.b.component.JwtAuthenticationTokenFilter - authenticated admin:root
2024-05-28 13:11:11.511 INFO  103772 --- [http-nio-8080-exec-4] org.example.bsproject.component.WebSocket - [websocket消息]广播消息:系统公告
2024-05-28 13:13:46.047 INFO  103772 --- [http-nio-8080-exec-6] org.example.bsproject.component.WebSocket - [websocket消息]连接断开，总数为:0
2024-05-28 13:13:46.357 INFO  103772 --- [http-nio-8080-exec-7] org.example.bsproject.component.WebSocket - root[websocket消息]有新的连接，总数为:1
2024-05-28 13:13:48.599 INFO  103772 --- [http-nio-8080-exec-9] o.e.b.component.JwtAuthenticationTokenFilter - checking admin username:root
2024-05-28 13:13:48.601 INFO  103772 --- [http-nio-8080-exec-9] o.e.b.component.JwtAuthenticationTokenFilter - authenticated admin:root
2024-05-28 13:13:48.603 INFO  103772 --- [http-nio-8080-exec-9] org.example.bsproject.component.WebSocket - [websocket消息]广播消息:系统公告
2024-05-28 13:32:48.693 INFO  103772 --- [http-nio-8080-exec-2] org.example.bsproject.component.WebSocket - [websocket消息]连接断开，总数为:0
2024-05-28 13:32:48.695 INFO  103772 --- [http-nio-8080-exec-1] org.example.bsproject.component.WebSocket - root[websocket消息]有新的连接，总数为:1
2024-05-28 14:10:43.261 INFO  103772 --- [http-nio-8080-exec-4] o.e.b.component.JwtAuthenticationTokenFilter - checking admin username:root
2024-05-28 14:10:43.262 INFO  103772 --- [http-nio-8080-exec-4] o.e.b.component.JwtAuthenticationTokenFilter - authenticated admin:root failed
2024-05-28 14:10:43.263 ERROR 103772 --- [http-nio-8080-exec-4] o.a.c.c.C.[.[localhost].[/].[dispatcherServlet] - Servlet.service() for servlet [dispatcherServlet] in context with path [] threw exception
java.lang.RuntimeException: 用户未登录
	at org.example.bsproject.component.JwtAuthenticationTokenFilter.doFilterInternal(JwtAuthenticationTokenFilter.java:83)
	at org.springframework.web.filter.OncePerRequestFilter.doFilter(OncePerRequestFilter.java:117)
	at org.springframework.security.web.FilterChainProxy$VirtualFilterChain.doFilter(FilterChainProxy.java:346)
	at org.springframework.security.web.authentication.logout.LogoutFilter.doFilter(LogoutFilter.java:103)
	at org.springframework.security.web.authentication.logout.LogoutFilter.doFilter(LogoutFilter.java:89)
	at org.springframework.security.web.FilterChainProxy$VirtualFilterChain.doFilter(FilterChainProxy.java:346)
	at org.springframework.web.filter.CorsFilter.doFilterInternal(CorsFilter.java:91)
	at org.springframework.web.filter.OncePerRequestFilter.doFilter(OncePerRequestFilter.java:117)
	at org.springframework.security.web.FilterChainProxy$VirtualFilterChain.doFilter(FilterChainProxy.java:346)
	at org.springframework.security.web.header.HeaderWriterFilter.doHeadersAfter(HeaderWriterFilter.java:90)
	at org.springframework.security.web.header.HeaderWriterFilter.doFilterInternal(HeaderWriterFilter.java:75)
	at org.springframework.web.filter.OncePerRequestFilter.doFilter(OncePerRequestFilter.java:117)
	at org.springframework.security.web.FilterChainProxy$VirtualFilterChain.doFilter(FilterChainProxy.java:346)
	at org.springframework.security.web.context.SecurityContextPersistenceFilter.doFilter(SecurityContextPersistenceFilter.java:110)
	at org.springframework.security.web.context.SecurityContextPersistenceFilter.doFilter(SecurityContextPersistenceFilter.java:80)
	at org.springframework.security.web.FilterChainProxy$VirtualFilterChain.doFilter(FilterChainProxy.java:346)
	at org.springframework.security.web.context.request.async.WebAsyncManagerIntegrationFilter.doFilterInternal(WebAsyncManagerIntegrationFilter.java:55)
	at org.springframework.web.filter.OncePerRequestFilter.doFilter(OncePerRequestFilter.java:117)
	at org.springframework.security.web.FilterChainProxy$VirtualFilterChain.doFilter(FilterChainProxy.java:346)
	at org.springframework.security.web.FilterChainProxy.doFilterInternal(FilterChainProxy.java:221)
	at org.springframework.security.web.FilterChainProxy.doFilter(FilterChainProxy.java:186)
	at org.springframework.web.filter.DelegatingFilterProxy.invokeDelegate(DelegatingFilterProxy.java:354)
	at org.springframework.web.filter.DelegatingFilterProxy.doFilter(DelegatingFilterProxy.java:267)
	at org.apache.catalina.core.ApplicationFilterChain.internalDoFilter(ApplicationFilterChain.java:189)
	at org.apache.catalina.core.ApplicationFilterChain.doFilter(ApplicationFilterChain.java:162)
	at org.springframework.web.filter.RequestContextFilter.doFilterInternal(RequestContextFilter.java:100)
	at org.springframework.web.filter.OncePerRequestFilter.doFilter(OncePerRequestFilter.java:117)
	at org.apache.catalina.core.ApplicationFilterChain.internalDoFilter(ApplicationFilterChain.java:189)
	at org.apache.catalina.core.ApplicationFilterChain.doFilter(ApplicationFilterChain.java:162)
	at org.springframework.web.filter.FormContentFilter.doFilterInternal(FormContentFilter.java:93)
	at org.springframework.web.filter.OncePerRequestFilter.doFilter(OncePerRequestFilter.java:117)
	at org.apache.catalina.core.ApplicationFilterChain.internalDoFilter(ApplicationFilterChain.java:189)
	at org.apache.catalina.core.ApplicationFilterChain.doFilter(ApplicationFilterChain.java:162)
	at org.springframework.web.filter.CharacterEncodingFilter.doFilterInternal(CharacterEncodingFilter.java:201)
	at org.springframework.web.filter.OncePerRequestFilter.doFilter(OncePerRequestFilter.java:117)
	at org.apache.catalina.core.ApplicationFilterChain.internalDoFilter(ApplicationFilterChain.java:189)
	at org.apache.catalina.core.ApplicationFilterChain.doFilter(ApplicationFilterChain.java:162)
	at org.apache.catalina.core.StandardWrapperValve.invoke(StandardWrapperValve.java:197)
	at org.apache.catalina.core.StandardContextValve.invoke(StandardContextValve.java:97)
	at org.apache.catalina.authenticator.AuthenticatorBase.invoke(AuthenticatorBase.java:541)
	at org.apache.catalina.core.StandardHostValve.invoke(StandardHostValve.java:135)
	at org.apache.catalina.valves.ErrorReportValve.invoke(ErrorReportValve.java:92)
	at org.apache.catalina.core.StandardEngineValve.invoke(StandardEngineValve.java:78)
	at org.apache.catalina.connector.CoyoteAdapter.service(CoyoteAdapter.java:360)
	at org.apache.coyote.http11.Http11Processor.service(Http11Processor.java:399)
	at org.apache.coyote.AbstractProcessorLight.process(AbstractProcessorLight.java:65)
	at org.apache.coyote.AbstractProtocol$ConnectionHandler.process(AbstractProtocol.java:893)
	at org.apache.tomcat.util.net.NioEndpoint$SocketProcessor.doRun(NioEndpoint.java:1789)
	at org.apache.tomcat.util.net.SocketProcessorBase.run(SocketProcessorBase.java:49)
	at org.apache.tomcat.util.threads.ThreadPoolExecutor.runWorker(ThreadPoolExecutor.java:1191)
	at org.apache.tomcat.util.threads.ThreadPoolExecutor$Worker.run(ThreadPoolExecutor.java:659)
	at org.apache.tomcat.util.threads.TaskThread$WrappingRunnable.run(TaskThread.java:61)
	at java.lang.Thread.run(Thread.java:750)
2024-05-28 15:57:12.112 INFO  103772 --- [http-nio-8080-exec-6] org.example.bsproject.component.WebSocket - [websocket消息]连接断开，总数为:0
2024-05-28 15:57:12.457 INFO  103772 --- [http-nio-8080-exec-7] org.example.bsproject.component.WebSocket - root[websocket消息]有新的连接，总数为:1
2024-05-28 15:57:14.241 INFO  103772 --- [http-nio-8080-exec-8] org.example.bsproject.component.WebSocket - [websocket消息]连接断开，总数为:0
2024-05-28 15:57:14.254 INFO  103772 --- [http-nio-8080-exec-9] org.example.bsproject.component.WebSocket - root[websocket消息]有新的连接，总数为:1
2024-05-28 15:58:39.791 INFO  103772 --- [http-nio-8080-exec-10] org.example.bsproject.component.WebSocket - [websocket消息]连接断开，总数为:0
2024-05-28 15:58:40.105 INFO  103772 --- [http-nio-8080-exec-2] org.example.bsproject.component.WebSocket - root[websocket消息]有新的连接，总数为:1
2024-05-28 15:58:50.899 INFO  103772 --- [http-nio-8080-exec-1] org.example.bsproject.component.WebSocket - [websocket消息]连接断开，总数为:0
2024-05-28 15:58:51.113 INFO  103772 --- [http-nio-8080-exec-3] org.example.bsproject.component.WebSocket - root[websocket消息]有新的连接，总数为:1
2024-05-28 15:59:07.237 INFO  103772 --- [http-nio-8080-exec-6] org.example.bsproject.component.WebSocket - [websocket消息]连接断开，总数为:0
2024-05-28 15:59:07.351 INFO  103772 --- [http-nio-8080-exec-7] org.example.bsproject.component.WebSocket - root[websocket消息]有新的连接，总数为:1
2024-05-28 15:59:08.033 INFO  103772 --- [http-nio-8080-exec-8] org.example.bsproject.component.WebSocket - [websocket消息]连接断开，总数为:0
2024-05-28 15:59:08.142 INFO  103772 --- [http-nio-8080-exec-9] org.example.bsproject.component.WebSocket - root[websocket消息]有新的连接，总数为:1
2024-05-28 15:59:28.168 INFO  103772 --- [http-nio-8080-exec-10] org.example.bsproject.component.WebSocket - [websocket消息]连接断开，总数为:0
2024-05-28 15:59:28.283 INFO  103772 --- [http-nio-8080-exec-2] org.example.bsproject.component.WebSocket - root[websocket消息]有新的连接，总数为:1
2024-05-28 15:59:28.760 INFO  103772 --- [http-nio-8080-exec-1] org.example.bsproject.component.WebSocket - [websocket消息]连接断开，总数为:0
2024-05-28 15:59:28.872 INFO  103772 --- [http-nio-8080-exec-3] org.example.bsproject.component.WebSocket - root[websocket消息]有新的连接，总数为:1
2024-05-28 15:59:45.259 INFO  103772 --- [http-nio-8080-exec-4] o.e.b.component.JwtAuthenticationTokenFilter - checking admin username:root
2024-05-28 15:59:45.262 INFO  103772 --- [http-nio-8080-exec-4] o.e.b.component.JwtAuthenticationTokenFilter - authenticated admin:root
2024-05-28 15:59:45.262 INFO  103772 --- [http-nio-8080-exec-4] org.example.bsproject.component.WebSocket - [websocket消息]广播消息:系统公告
2024-05-28 16:05:53.408 INFO  103772 --- [http-nio-8080-exec-6] org.example.bsproject.component.WebSocket - [websocket消息]连接断开，总数为:0
2024-05-28 16:05:53.508 INFO  103772 --- [http-nio-8080-exec-7] org.example.bsproject.component.WebSocket - root[websocket消息]有新的连接，总数为:1
2024-05-28 16:12:49.216 INFO  103772 --- [http-nio-8080-exec-8] org.example.bsproject.component.WebSocket - [websocket消息]连接断开，总数为:0
2024-05-28 16:12:49.532 INFO  103772 --- [http-nio-8080-exec-9] org.example.bsproject.component.WebSocket - root[websocket消息]有新的连接，总数为:1
2024-05-28 16:48:22.806 INFO  103772 --- [http-nio-8080-exec-10] org.example.bsproject.component.WebSocket - [websocket消息]连接断开，总数为:0
2024-05-28 16:48:23.092 INFO  103772 --- [http-nio-8080-exec-2] org.example.bsproject.component.WebSocket - root[websocket消息]有新的连接，总数为:1
2024-05-28 16:48:23.330 INFO  103772 --- [http-nio-8080-exec-1] org.example.bsproject.component.WebSocket - [websocket消息]连接断开，总数为:0
2024-05-28 16:48:23.397 INFO  103772 --- [http-nio-8080-exec-3] org.example.bsproject.component.WebSocket - root[websocket消息]有新的连接，总数为:1
2024-05-28 16:58:23.347 INFO  103772 --- [SpringApplicationShutdownHook] org.example.bsproject.component.WebSocket - [websocket消息]连接断开，总数为:0
2024-05-28 16:58:23.364 INFO  103772 --- [SpringApplicationShutdownHook] com.zaxxer.hikari.HikariDataSource - HikariPool-1 - Shutdown initiated...
2024-05-28 16:58:23.368 INFO  103772 --- [SpringApplicationShutdownHook] com.zaxxer.hikari.HikariDataSource - HikariPool-1 - Shutdown completed.
2024-05-28 17:00:08.541 INFO  33212 --- [main] org.example.bsproject.BSprojectApplication - Starting BSprojectApplication using Java 1.8.0_402 on LAPTOP-I8OFT18R with PID 33212 (W:\JavaProject\BSproject\target\classes started by huang in W:\JavaProject\BSproject)
2024-05-28 17:00:08.543 INFO  33212 --- [main] org.example.bsproject.BSprojectApplication - No active profile set, falling back to 1 default profile: "default"
2024-05-28 17:00:08.921 INFO  33212 --- [main] o.s.d.r.config.RepositoryConfigurationDelegate - Multiple Spring Data modules found, entering strict repository configuration mode
2024-05-28 17:00:08.921 INFO  33212 --- [main] o.s.d.r.config.RepositoryConfigurationDelegate - Bootstrapping Spring Data JDBC repositories in DEFAULT mode.
2024-05-28 17:00:08.931 INFO  33212 --- [main] o.s.d.r.config.RepositoryConfigurationDelegate - Finished Spring Data repository scanning in 8 ms. Found 0 JDBC repository interfaces.
2024-05-28 17:00:08.938 INFO  33212 --- [main] o.s.d.r.config.RepositoryConfigurationDelegate - Multiple Spring Data modules found, entering strict repository configuration mode
2024-05-28 17:00:08.939 INFO  33212 --- [main] o.s.d.r.config.RepositoryConfigurationDelegate - Bootstrapping Spring Data Redis repositories in DEFAULT mode.
2024-05-28 17:00:08.947 INFO  33212 --- [main] o.s.d.r.config.RepositoryConfigurationDelegate - Finished Spring Data repository scanning in 2 ms. Found 0 Redis repository interfaces.
2024-05-28 17:00:09.199 INFO  33212 --- [main] o.s.boot.web.embedded.tomcat.TomcatWebServer - Tomcat initialized with port(s): 8080 (http)
2024-05-28 17:00:09.203 INFO  33212 --- [main] org.apache.coyote.http11.Http11NioProtocol - Initializing ProtocolHandler ["http-nio-8080"]
2024-05-28 17:00:09.204 INFO  33212 --- [main] org.apache.catalina.core.StandardService - Starting service [Tomcat]
2024-05-28 17:00:09.204 INFO  33212 --- [main] org.apache.catalina.core.StandardEngine - Starting Servlet engine: [Apache Tomcat/9.0.68]
2024-05-28 17:00:09.262 INFO  33212 --- [main] o.a.c.core.ContainerBase.[Tomcat].[localhost].[/] - Initializing Spring embedded WebApplicationContext
2024-05-28 17:00:09.262 INFO  33212 --- [main] o.s.b.w.s.c.ServletWebServerApplicationContext - Root WebApplicationContext: initialization completed in 696 ms
2024-05-28 17:00:10.083 INFO  33212 --- [main] o.s.b.a.web.servlet.WelcomePageHandlerMapping - Adding welcome page: class path resource [static/index.html]
2024-05-28 17:00:10.127 INFO  33212 --- [main] o.s.security.web.DefaultSecurityFilterChain - Will secure any request with [org.springframework.security.web.context.request.async.WebAsyncManagerIntegrationFilter@2668c286, org.springframework.security.web.context.SecurityContextPersistenceFilter@6968bcec, org.springframework.security.web.header.HeaderWriterFilter@1319bc2a, org.springframework.web.filter.CorsFilter@7f353a0f, org.springframework.security.web.authentication.logout.LogoutFilter@4eaa375c, org.example.bsproject.component.JwtAuthenticationTokenFilter@7fe82967, org.springframework.security.web.savedrequest.RequestCacheAwareFilter@e784320, org.springframework.security.web.servletapi.SecurityContextHolderAwareRequestFilter@7a9eccc4, org.springframework.security.web.authentication.AnonymousAuthenticationFilter@7ea2412c, org.springframework.security.web.session.SessionManagementFilter@2ceee4b6, org.springframework.security.web.access.ExceptionTranslationFilter@1163a27, org.springframework.security.web.access.intercept.FilterSecurityInterceptor@5a917723]
2024-05-28 17:00:10.207 INFO  33212 --- [main] com.zaxxer.hikari.HikariDataSource - HikariPool-1 - Starting...
2024-05-28 17:00:10.368 INFO  33212 --- [main] com.zaxxer.hikari.HikariDataSource - HikariPool-1 - Start completed.
2024-05-28 17:00:10.436 INFO  33212 --- [main] org.apache.coyote.http11.Http11NioProtocol - Starting ProtocolHandler ["http-nio-8080"]
2024-05-28 17:00:10.452 INFO  33212 --- [main] o.s.boot.web.embedded.tomcat.TomcatWebServer - Tomcat started on port(s): 8080 (http) with context path ''
2024-05-28 17:00:10.457 INFO  33212 --- [main] org.example.bsproject.BSprojectApplication - Started BSprojectApplication in 2.177 seconds (JVM running for 2.85)
2024-05-28 17:06:14.691 INFO  33212 --- [http-nio-8080-exec-1] o.a.c.core.ContainerBase.[Tomcat].[localhost].[/] - Initializing Spring DispatcherServlet 'dispatcherServlet'
2024-05-28 17:06:14.691 INFO  33212 --- [http-nio-8080-exec-1] org.springframework.web.servlet.DispatcherServlet - Initializing Servlet 'dispatcherServlet'
2024-05-28 17:06:14.692 INFO  33212 --- [http-nio-8080-exec-1] org.springframework.web.servlet.DispatcherServlet - Completed initialization in 1 ms
2024-05-28 17:06:14.730 INFO  33212 --- [http-nio-8080-exec-1] org.example.bsproject.component.WebSocket - root[websocket消息]有新的连接，总数为:1
2024-05-28 17:06:22.950 INFO  33212 --- [http-nio-8080-exec-2] org.example.bsproject.component.WebSocket - [websocket消息]连接断开，总数为:0
2024-05-28 17:06:23.175 INFO  33212 --- [http-nio-8080-exec-3] org.example.bsproject.component.WebSocket - root[websocket消息]有新的连接，总数为:1
2024-05-28 17:06:23.691 INFO  33212 --- [http-nio-8080-exec-4] org.example.bsproject.component.WebSocket - [websocket消息]连接断开，总数为:0
2024-05-28 17:06:23.701 INFO  33212 --- [http-nio-8080-exec-5] org.example.bsproject.component.WebSocket - root[websocket消息]有新的连接，总数为:1
2024-05-28 17:06:24.566 INFO  33212 --- [http-nio-8080-exec-10] org.example.bsproject.component.WebSocket - [websocket消息]连接断开，总数为:0
2024-05-28 17:06:24.572 INFO  33212 --- [http-nio-8080-exec-7] org.example.bsproject.component.WebSocket - root[websocket消息]有新的连接，总数为:1
2024-05-28 17:12:36.642 INFO  33212 --- [http-nio-8080-exec-8] org.example.bsproject.component.WebSocket - [websocket消息]连接断开，总数为:0
2024-05-28 17:12:36.959 INFO  33212 --- [http-nio-8080-exec-9] org.example.bsproject.component.WebSocket - root[websocket消息]有新的连接，总数为:1
2024-05-28 17:18:08.508 INFO  33212 --- [http-nio-8080-exec-6] org.example.bsproject.component.WebSocket - [websocket消息]连接断开，总数为:0
2024-05-28 17:18:08.811 INFO  33212 --- [http-nio-8080-exec-1] org.example.bsproject.component.WebSocket - root[websocket消息]有新的连接，总数为:1
2024-05-28 17:21:33.963 INFO  33212 --- [http-nio-8080-exec-2] org.example.bsproject.component.WebSocket - [websocket消息]连接断开，总数为:0
2024-05-28 17:21:34.203 INFO  33212 --- [http-nio-8080-exec-3] org.example.bsproject.component.WebSocket - root[websocket消息]有新的连接，总数为:1
2024-05-28 18:01:01.302 INFO  33212 --- [http-nio-8080-exec-4] org.example.bsproject.component.WebSocket - [websocket消息]连接断开，总数为:0
2024-05-28 18:01:01.622 INFO  33212 --- [http-nio-8080-exec-5] org.example.bsproject.component.WebSocket - root[websocket消息]有新的连接，总数为:1
2024-05-28 18:01:02.085 INFO  33212 --- [http-nio-8080-exec-10] org.example.bsproject.component.WebSocket - [websocket消息]连接断开，总数为:0
2024-05-28 18:01:02.098 INFO  33212 --- [http-nio-8080-exec-7] org.example.bsproject.component.WebSocket - root[websocket消息]有新的连接，总数为:1
2024-05-28 18:01:10.898 INFO  33212 --- [http-nio-8080-exec-8] org.example.bsproject.component.WebSocket - [websocket消息]连接断开，总数为:0
2024-05-28 18:01:10.992 INFO  33212 --- [http-nio-8080-exec-9] org.example.bsproject.component.WebSocket - root[websocket消息]有新的连接，总数为:1
2024-05-28 19:22:49.560 INFO  33212 --- [http-nio-8080-exec-6] org.example.bsproject.component.WebSocket - [websocket消息]连接断开，总数为:0
2024-05-28 19:22:49.788 INFO  33212 --- [http-nio-8080-exec-1] org.example.bsproject.component.WebSocket - root[websocket消息]有新的连接，总数为:1
2024-05-28 19:25:32.886 INFO  33212 --- [http-nio-8080-exec-2] org.example.bsproject.component.WebSocket - [websocket消息]连接断开，总数为:0
2024-05-28 19:25:49.475 INFO  33212 --- [http-nio-8080-exec-3] org.example.bsproject.component.WebSocket - root[websocket消息]有新的连接，总数为:1
2024-05-28 19:30:24.412 INFO  33212 --- [http-nio-8080-exec-4] org.example.bsproject.component.WebSocket - [websocket消息]连接断开，总数为:0
2024-05-28 19:30:24.725 INFO  33212 --- [http-nio-8080-exec-5] org.example.bsproject.component.WebSocket - root[websocket消息]有新的连接，总数为:1
2024-05-28 19:50:36.902 INFO  33212 --- [http-nio-8080-exec-10] org.example.bsproject.component.WebSocket - [websocket消息]连接断开，总数为:0
2024-05-28 19:50:37.211 INFO  33212 --- [http-nio-8080-exec-7] org.example.bsproject.component.WebSocket - root[websocket消息]有新的连接，总数为:1
2024-05-28 19:52:26.247 INFO  33212 --- [http-nio-8080-exec-8] org.example.bsproject.component.WebSocket - [websocket消息]连接断开，总数为:0
2024-05-28 19:52:26.581 INFO  33212 --- [http-nio-8080-exec-9] org.example.bsproject.component.WebSocket - root[websocket消息]有新的连接，总数为:1
2024-05-28 19:52:29.375 INFO  33212 --- [http-nio-8080-exec-1] o.e.b.component.JwtAuthenticationTokenFilter - checking admin username:root
2024-05-28 19:52:30.082 INFO  33212 --- [http-nio-8080-exec-1] o.e.b.component.JwtAuthenticationTokenFilter - authenticated admin:root
2024-05-28 19:52:30.087 WARN  33212 --- [http-nio-8080-exec-1] o.s.w.s.m.support.DefaultHandlerExceptionResolver - Resolved [org.springframework.web.HttpRequestMethodNotSupportedException: Request method 'POST' not supported]
2024-05-28 19:53:05.321 INFO  33212 --- [http-nio-8080-exec-2] org.example.bsproject.component.WebSocket - [websocket消息]连接断开，总数为:0
2024-05-28 19:53:05.547 INFO  33212 --- [http-nio-8080-exec-3] org.example.bsproject.component.WebSocket - root[websocket消息]有新的连接，总数为:1
2024-05-28 19:56:17.302 INFO  33212 --- [http-nio-8080-exec-5] org.example.bsproject.component.WebSocket - [websocket消息]连接断开，总数为:0
2024-05-28 19:56:17.860 INFO  33212 --- [http-nio-8080-exec-10] org.example.bsproject.component.WebSocket - root[websocket消息]有新的连接，总数为:1
2024-05-28 19:56:43.812 INFO  33212 --- [http-nio-8080-exec-7] org.example.bsproject.component.WebSocket - [websocket消息]连接断开，总数为:0
2024-05-28 19:56:44.212 INFO  33212 --- [http-nio-8080-exec-8] org.example.bsproject.component.WebSocket - root[websocket消息]有新的连接，总数为:1
2024-05-28 19:56:46.171 INFO  33212 --- [http-nio-8080-exec-6] o.e.b.component.JwtAuthenticationTokenFilter - checking admin username:root
2024-05-28 19:56:46.174 INFO  33212 --- [http-nio-8080-exec-6] o.e.b.component.JwtAuthenticationTokenFilter - authenticated admin:root
2024-05-28 19:56:46.204 INFO  33212 --- [http-nio-8080-exec-6] org.example.bsproject.component.WebSocket - [websocket消息]广播消息:系统公告
2024-05-28 19:59:00.546 INFO  33212 --- [http-nio-8080-exec-2] org.example.bsproject.component.WebSocket - [websocket消息]连接断开，总数为:0
2024-05-28 19:59:00.940 INFO  33212 --- [http-nio-8080-exec-3] org.example.bsproject.component.WebSocket - root[websocket消息]有新的连接，总数为:1
2024-05-28 19:59:02.984 INFO  33212 --- [http-nio-8080-exec-4] o.e.b.component.JwtAuthenticationTokenFilter - checking admin username:root
2024-05-28 19:59:02.987 INFO  33212 --- [http-nio-8080-exec-4] o.e.b.component.JwtAuthenticationTokenFilter - authenticated admin:root
2024-05-28 19:59:02.988 INFO  33212 --- [http-nio-8080-exec-4] org.example.bsproject.component.WebSocket - [websocket消息]广播消息:系统公告
2024-05-28 19:59:48.048 INFO  33212 --- [http-nio-8080-exec-5] org.example.bsproject.component.WebSocket - [websocket消息]连接断开，总数为:0
2024-05-28 19:59:48.451 INFO  33212 --- [http-nio-8080-exec-10] org.example.bsproject.component.WebSocket - root[websocket消息]有新的连接，总数为:1
2024-05-28 19:59:57.115 INFO  33212 --- [http-nio-8080-exec-8] o.e.b.component.JwtAuthenticationTokenFilter - checking admin username:root
2024-05-28 19:59:57.118 INFO  33212 --- [http-nio-8080-exec-8] o.e.b.component.JwtAuthenticationTokenFilter - authenticated admin:root
2024-05-28 19:59:57.118 INFO  33212 --- [http-nio-8080-exec-8] org.example.bsproject.component.WebSocket - [websocket消息]广播消息:系统公告
2024-05-28 20:01:26.081 INFO  33212 --- [http-nio-8080-exec-1] o.e.b.component.JwtAuthenticationTokenFilter - checking admin username:root
2024-05-28 20:01:26.083 INFO  33212 --- [http-nio-8080-exec-1] o.e.b.component.JwtAuthenticationTokenFilter - authenticated admin:root
2024-05-28 20:01:26.083 INFO  33212 --- [http-nio-8080-exec-1] org.example.bsproject.component.WebSocket - [websocket消息]广播消息:系统公告
2024-05-28 20:01:33.798 INFO  33212 --- [http-nio-8080-exec-3] o.e.b.component.JwtAuthenticationTokenFilter - checking admin username:root
2024-05-28 20:01:33.799 INFO  33212 --- [http-nio-8080-exec-3] o.e.b.component.JwtAuthenticationTokenFilter - authenticated admin:root
2024-05-28 20:01:33.800 INFO  33212 --- [http-nio-8080-exec-3] org.example.bsproject.component.WebSocket - [websocket消息]广播消息:系统公告
2024-05-28 20:02:18.521 INFO  33212 --- [http-nio-8080-exec-4] o.e.b.component.JwtAuthenticationTokenFilter - checking admin username:root
2024-05-28 20:02:18.523 INFO  33212 --- [http-nio-8080-exec-4] o.e.b.component.JwtAuthenticationTokenFilter - authenticated admin:root
2024-05-28 20:02:18.525 INFO  33212 --- [http-nio-8080-exec-4] org.example.bsproject.component.WebSocket - [websocket消息]广播消息:系统公告
2024-05-28 20:09:56.821 INFO  33212 --- [http-nio-8080-exec-10] o.e.b.component.JwtAuthenticationTokenFilter - checking admin username:root
2024-05-28 20:09:56.823 INFO  33212 --- [http-nio-8080-exec-10] o.e.b.component.JwtAuthenticationTokenFilter - authenticated admin:root
2024-05-28 20:09:56.824 INFO  33212 --- [http-nio-8080-exec-10] org.example.bsproject.component.WebSocket - [websocket消息]广播消息:系统公告
2024-05-28 20:10:38.423 INFO  33212 --- [http-nio-8080-exec-8] o.e.b.component.JwtAuthenticationTokenFilter - checking admin username:root
2024-05-28 20:10:38.424 INFO  33212 --- [http-nio-8080-exec-8] o.e.b.component.JwtAuthenticationTokenFilter - authenticated admin:root failed
2024-05-28 20:10:38.428 ERROR 33212 --- [http-nio-8080-exec-8] o.a.c.c.C.[.[localhost].[/].[dispatcherServlet] - Servlet.service() for servlet [dispatcherServlet] in context with path [] threw exception
java.lang.RuntimeException: 用户未登录
	at org.example.bsproject.component.JwtAuthenticationTokenFilter.doFilterInternal(JwtAuthenticationTokenFilter.java:83)
	at org.springframework.web.filter.OncePerRequestFilter.doFilter(OncePerRequestFilter.java:117)
	at org.springframework.security.web.FilterChainProxy$VirtualFilterChain.doFilter(FilterChainProxy.java:346)
	at org.springframework.security.web.authentication.logout.LogoutFilter.doFilter(LogoutFilter.java:103)
	at org.springframework.security.web.authentication.logout.LogoutFilter.doFilter(LogoutFilter.java:89)
	at org.springframework.security.web.FilterChainProxy$VirtualFilterChain.doFilter(FilterChainProxy.java:346)
	at org.springframework.web.filter.CorsFilter.doFilterInternal(CorsFilter.java:91)
	at org.springframework.web.filter.OncePerRequestFilter.doFilter(OncePerRequestFilter.java:117)
	at org.springframework.security.web.FilterChainProxy$VirtualFilterChain.doFilter(FilterChainProxy.java:346)
	at org.springframework.security.web.header.HeaderWriterFilter.doHeadersAfter(HeaderWriterFilter.java:90)
	at org.springframework.security.web.header.HeaderWriterFilter.doFilterInternal(HeaderWriterFilter.java:75)
	at org.springframework.web.filter.OncePerRequestFilter.doFilter(OncePerRequestFilter.java:117)
	at org.springframework.security.web.FilterChainProxy$VirtualFilterChain.doFilter(FilterChainProxy.java:346)
	at org.springframework.security.web.context.SecurityContextPersistenceFilter.doFilter(SecurityContextPersistenceFilter.java:110)
	at org.springframework.security.web.context.SecurityContextPersistenceFilter.doFilter(SecurityContextPersistenceFilter.java:80)
	at org.springframework.security.web.FilterChainProxy$VirtualFilterChain.doFilter(FilterChainProxy.java:346)
	at org.springframework.security.web.context.request.async.WebAsyncManagerIntegrationFilter.doFilterInternal(WebAsyncManagerIntegrationFilter.java:55)
	at org.springframework.web.filter.OncePerRequestFilter.doFilter(OncePerRequestFilter.java:117)
	at org.springframework.security.web.FilterChainProxy$VirtualFilterChain.doFilter(FilterChainProxy.java:346)
	at org.springframework.security.web.FilterChainProxy.doFilterInternal(FilterChainProxy.java:221)
	at org.springframework.security.web.FilterChainProxy.doFilter(FilterChainProxy.java:186)
	at org.springframework.web.filter.DelegatingFilterProxy.invokeDelegate(DelegatingFilterProxy.java:354)
	at org.springframework.web.filter.DelegatingFilterProxy.doFilter(DelegatingFilterProxy.java:267)
	at org.apache.catalina.core.ApplicationFilterChain.internalDoFilter(ApplicationFilterChain.java:189)
	at org.apache.catalina.core.ApplicationFilterChain.doFilter(ApplicationFilterChain.java:162)
	at org.springframework.web.filter.RequestContextFilter.doFilterInternal(RequestContextFilter.java:100)
	at org.springframework.web.filter.OncePerRequestFilter.doFilter(OncePerRequestFilter.java:117)
	at org.apache.catalina.core.ApplicationFilterChain.internalDoFilter(ApplicationFilterChain.java:189)
	at org.apache.catalina.core.ApplicationFilterChain.doFilter(ApplicationFilterChain.java:162)
	at org.springframework.web.filter.FormContentFilter.doFilterInternal(FormContentFilter.java:93)
	at org.springframework.web.filter.OncePerRequestFilter.doFilter(OncePerRequestFilter.java:117)
	at org.apache.catalina.core.ApplicationFilterChain.internalDoFilter(ApplicationFilterChain.java:189)
	at org.apache.catalina.core.ApplicationFilterChain.doFilter(ApplicationFilterChain.java:162)
	at org.springframework.web.filter.CharacterEncodingFilter.doFilterInternal(CharacterEncodingFilter.java:201)
	at org.springframework.web.filter.OncePerRequestFilter.doFilter(OncePerRequestFilter.java:117)
	at org.apache.catalina.core.ApplicationFilterChain.internalDoFilter(ApplicationFilterChain.java:189)
	at org.apache.catalina.core.ApplicationFilterChain.doFilter(ApplicationFilterChain.java:162)
	at org.apache.catalina.core.StandardWrapperValve.invoke(StandardWrapperValve.java:197)
	at org.apache.catalina.core.StandardContextValve.invoke(StandardContextValve.java:97)
	at org.apache.catalina.authenticator.AuthenticatorBase.invoke(AuthenticatorBase.java:541)
	at org.apache.catalina.core.StandardHostValve.invoke(StandardHostValve.java:135)
	at org.apache.catalina.valves.ErrorReportValve.invoke(ErrorReportValve.java:92)
	at org.apache.catalina.core.StandardEngineValve.invoke(StandardEngineValve.java:78)
	at org.apache.catalina.connector.CoyoteAdapter.service(CoyoteAdapter.java:360)
	at org.apache.coyote.http11.Http11Processor.service(Http11Processor.java:399)
	at org.apache.coyote.AbstractProcessorLight.process(AbstractProcessorLight.java:65)
	at org.apache.coyote.AbstractProtocol$ConnectionHandler.process(AbstractProtocol.java:893)
	at org.apache.tomcat.util.net.NioEndpoint$SocketProcessor.doRun(NioEndpoint.java:1789)
	at org.apache.tomcat.util.net.SocketProcessorBase.run(SocketProcessorBase.java:49)
	at org.apache.tomcat.util.threads.ThreadPoolExecutor.runWorker(ThreadPoolExecutor.java:1191)
	at org.apache.tomcat.util.threads.ThreadPoolExecutor$Worker.run(ThreadPoolExecutor.java:659)
	at org.apache.tomcat.util.threads.TaskThread$WrappingRunnable.run(TaskThread.java:61)
	at java.lang.Thread.run(Thread.java:750)
2024-05-28 20:10:46.644 INFO  33212 --- [http-nio-8080-exec-9] org.example.bsproject.component.WebSocket - [websocket消息]连接断开，总数为:0
2024-05-28 20:10:47.065 INFO  33212 --- [http-nio-8080-exec-6] org.example.bsproject.component.WebSocket - root[websocket消息]有新的连接，总数为:1
2024-05-28 20:10:47.679 INFO  33212 --- [http-nio-8080-exec-1] org.example.bsproject.component.WebSocket - [websocket消息]连接断开，总数为:0
2024-05-28 20:10:47.695 INFO  33212 --- [http-nio-8080-exec-2] org.example.bsproject.component.WebSocket - root[websocket消息]有新的连接，总数为:1
2024-05-28 20:11:39.569 INFO  33212 --- [http-nio-8080-exec-4] o.e.b.component.JwtAuthenticationTokenFilter - checking admin username:root
2024-05-28 20:11:39.571 INFO  33212 --- [http-nio-8080-exec-4] o.e.b.component.JwtAuthenticationTokenFilter - authenticated admin:root
2024-05-28 20:11:39.572 INFO  33212 --- [http-nio-8080-exec-4] org.example.bsproject.component.WebSocket - [websocket消息]单点消息:kknd
2024-05-28 20:11:53.091 INFO  33212 --- [http-nio-8080-exec-10] o.e.b.component.JwtAuthenticationTokenFilter - checking admin username:root
2024-05-28 20:11:53.092 INFO  33212 --- [http-nio-8080-exec-10] o.e.b.component.JwtAuthenticationTokenFilter - authenticated admin:root
2024-05-28 20:11:53.093 INFO  33212 --- [http-nio-8080-exec-10] org.example.bsproject.component.WebSocket - [websocket消息]单点消息:1
2024-05-28 20:15:56.922 INFO  33212 --- [http-nio-8080-exec-8] org.example.bsproject.component.WebSocket - [websocket消息]连接断开，总数为:0
2024-05-28 20:15:56.924 INFO  33212 --- [http-nio-8080-exec-9] org.example.bsproject.component.WebSocket - root[websocket消息]有新的连接，总数为:1
2024-05-28 20:16:02.594 INFO  33212 --- [http-nio-8080-exec-6] o.e.b.component.JwtAuthenticationTokenFilter - checking admin username:root
2024-05-28 20:16:02.596 INFO  33212 --- [http-nio-8080-exec-6] o.e.b.component.JwtAuthenticationTokenFilter - authenticated admin:root
2024-05-28 20:16:02.597 INFO  33212 --- [http-nio-8080-exec-6] org.example.bsproject.component.WebSocket - [websocket消息]单点消息:kknd
2024-05-28 20:19:21.872 INFO  33212 --- [http-nio-8080-exec-2] org.example.bsproject.component.WebSocket - [websocket消息]连接断开，总数为:0
2024-05-28 20:19:21.875 INFO  33212 --- [http-nio-8080-exec-3] org.example.bsproject.component.WebSocket - root[websocket消息]有新的连接，总数为:1
2024-05-28 20:19:27.654 INFO  33212 --- [http-nio-8080-exec-4] o.e.b.component.JwtAuthenticationTokenFilter - checking admin username:root
2024-05-28 20:19:27.657 INFO  33212 --- [http-nio-8080-exec-4] o.e.b.component.JwtAuthenticationTokenFilter - authenticated admin:root
2024-05-28 20:19:27.658 INFO  33212 --- [http-nio-8080-exec-4] org.example.bsproject.component.WebSocket - [websocket消息]单点消息:kknd
2024-05-28 20:20:06.822 INFO  33212 --- [http-nio-8080-exec-5] org.example.bsproject.component.WebSocket - [websocket消息]连接断开，总数为:0
2024-05-28 20:20:06.825 INFO  33212 --- [http-nio-8080-exec-10] org.example.bsproject.component.WebSocket - root[websocket消息]有新的连接，总数为:1
2024-05-28 20:20:20.691 INFO  33212 --- [http-nio-8080-exec-7] o.e.b.component.JwtAuthenticationTokenFilter - checking admin username:root
2024-05-28 20:20:20.693 INFO  33212 --- [http-nio-8080-exec-7] o.e.b.component.JwtAuthenticationTokenFilter - authenticated admin:root
2024-05-28 20:20:20.694 INFO  33212 --- [http-nio-8080-exec-7] org.example.bsproject.component.WebSocket - [websocket消息]单点消息:kknd
2024-05-28 20:37:36.917 INFO  33212 --- [http-nio-8080-exec-6] o.e.b.component.JwtAuthenticationTokenFilter - checking admin username:root
2024-05-28 20:37:36.920 INFO  33212 --- [http-nio-8080-exec-6] o.e.b.component.JwtAuthenticationTokenFilter - authenticated admin:root
2024-05-28 20:37:36.920 INFO  33212 --- [http-nio-8080-exec-6] org.example.bsproject.component.WebSocket - [websocket消息]单点消息:kknd123
2024-05-28 20:37:50.655 INFO  33212 --- [http-nio-8080-exec-2] o.e.b.component.JwtAuthenticationTokenFilter - checking admin username:root
2024-05-28 20:37:50.657 INFO  33212 --- [http-nio-8080-exec-2] o.e.b.component.JwtAuthenticationTokenFilter - authenticated admin:root
2024-05-28 20:37:50.658 INFO  33212 --- [http-nio-8080-exec-2] org.example.bsproject.component.WebSocket - [websocket消息]单点消息:kknd123
2024-05-28 20:40:18.309 INFO  33212 --- [SpringApplicationShutdownHook] org.example.bsproject.component.WebSocket - [websocket消息]连接断开，总数为:0
2024-05-28 20:40:18.327 INFO  33212 --- [SpringApplicationShutdownHook] com.zaxxer.hikari.HikariDataSource - HikariPool-1 - Shutdown initiated...
2024-05-28 20:40:18.333 INFO  33212 --- [SpringApplicationShutdownHook] com.zaxxer.hikari.HikariDataSource - HikariPool-1 - Shutdown completed.
2024-05-28 20:40:21.913 INFO  4016 --- [main] org.example.bsproject.BSprojectApplication - Starting BSprojectApplication using Java 1.8.0_402 on LAPTOP-I8OFT18R with PID 4016 (W:\JavaProject\BSproject\target\classes started by huang in W:\JavaProject\BSproject)
2024-05-28 20:40:21.914 INFO  4016 --- [main] org.example.bsproject.BSprojectApplication - No active profile set, falling back to 1 default profile: "default"
2024-05-28 20:40:22.252 INFO  4016 --- [main] o.s.d.r.config.RepositoryConfigurationDelegate - Multiple Spring Data modules found, entering strict repository configuration mode
2024-05-28 20:40:22.252 INFO  4016 --- [main] o.s.d.r.config.RepositoryConfigurationDelegate - Bootstrapping Spring Data JDBC repositories in DEFAULT mode.
2024-05-28 20:40:22.262 INFO  4016 --- [main] o.s.d.r.config.RepositoryConfigurationDelegate - Finished Spring Data repository scanning in 7 ms. Found 0 JDBC repository interfaces.
2024-05-28 20:40:22.268 INFO  4016 --- [main] o.s.d.r.config.RepositoryConfigurationDelegate - Multiple Spring Data modules found, entering strict repository configuration mode
2024-05-28 20:40:22.268 INFO  4016 --- [main] o.s.d.r.config.RepositoryConfigurationDelegate - Bootstrapping Spring Data Redis repositories in DEFAULT mode.
2024-05-28 20:40:22.276 INFO  4016 --- [main] o.s.d.r.config.RepositoryConfigurationDelegate - Finished Spring Data repository scanning in 2 ms. Found 0 Redis repository interfaces.
2024-05-28 20:40:22.532 INFO  4016 --- [main] o.s.boot.web.embedded.tomcat.TomcatWebServer - Tomcat initialized with port(s): 8080 (http)
2024-05-28 20:40:22.535 INFO  4016 --- [main] org.apache.coyote.http11.Http11NioProtocol - Initializing ProtocolHandler ["http-nio-8080"]
2024-05-28 20:40:22.537 INFO  4016 --- [main] org.apache.catalina.core.StandardService - Starting service [Tomcat]
2024-05-28 20:40:22.537 INFO  4016 --- [main] org.apache.catalina.core.StandardEngine - Starting Servlet engine: [Apache Tomcat/9.0.68]
2024-05-28 20:40:22.588 INFO  4016 --- [main] o.a.c.core.ContainerBase.[Tomcat].[localhost].[/] - Initializing Spring embedded WebApplicationContext
2024-05-28 20:40:22.588 INFO  4016 --- [main] o.s.b.w.s.c.ServletWebServerApplicationContext - Root WebApplicationContext: initialization completed in 653 ms
2024-05-28 20:40:23.395 INFO  4016 --- [main] o.s.b.a.web.servlet.WelcomePageHandlerMapping - Adding welcome page: class path resource [static/index.html]
2024-05-28 20:40:23.436 INFO  4016 --- [main] o.s.security.web.DefaultSecurityFilterChain - Will secure any request with [org.springframework.security.web.context.request.async.WebAsyncManagerIntegrationFilter@ca8ef3a, org.springframework.security.web.context.SecurityContextPersistenceFilter@7885776b, org.springframework.security.web.header.HeaderWriterFilter@7a9eccc4, org.springframework.web.filter.CorsFilter@17043b04, org.springframework.security.web.authentication.logout.LogoutFilter@999b951, org.example.bsproject.component.JwtAuthenticationTokenFilter@726aa968, org.springframework.security.web.savedrequest.RequestCacheAwareFilter@3472947a, org.springframework.security.web.servletapi.SecurityContextHolderAwareRequestFilter@2404b5a, org.springframework.security.web.authentication.AnonymousAuthenticationFilter@511f5b1d, org.springframework.security.web.session.SessionManagementFilter@3069a360, org.springframework.security.web.access.ExceptionTranslationFilter@4cad79bc, org.springframework.security.web.access.intercept.FilterSecurityInterceptor@16ac5d35]
2024-05-28 20:40:23.519 INFO  4016 --- [main] com.zaxxer.hikari.HikariDataSource - HikariPool-1 - Starting...
2024-05-28 20:40:23.668 INFO  4016 --- [main] com.zaxxer.hikari.HikariDataSource - HikariPool-1 - Start completed.
2024-05-28 20:40:23.744 INFO  4016 --- [main] org.apache.coyote.http11.Http11NioProtocol - Starting ProtocolHandler ["http-nio-8080"]
2024-05-28 20:40:23.755 INFO  4016 --- [main] o.s.boot.web.embedded.tomcat.TomcatWebServer - Tomcat started on port(s): 8080 (http) with context path ''
2024-05-28 20:40:23.760 INFO  4016 --- [main] org.example.bsproject.BSprojectApplication - Started BSprojectApplication in 2.059 seconds (JVM running for 2.519)
2024-05-28 20:40:26.730 INFO  4016 --- [http-nio-8080-exec-1] o.a.c.core.ContainerBase.[Tomcat].[localhost].[/] - Initializing Spring DispatcherServlet 'dispatcherServlet'
2024-05-28 20:40:26.730 INFO  4016 --- [http-nio-8080-exec-1] org.springframework.web.servlet.DispatcherServlet - Initializing Servlet 'dispatcherServlet'
2024-05-28 20:40:26.731 INFO  4016 --- [http-nio-8080-exec-1] org.springframework.web.servlet.DispatcherServlet - Completed initialization in 0 ms
2024-05-28 20:40:26.762 INFO  4016 --- [http-nio-8080-exec-1] org.example.bsproject.component.WebSocket - root[websocket消息]有新的连接，总数为:1
2024-05-28 20:40:49.758 INFO  4016 --- [http-nio-8080-exec-3] o.e.b.component.JwtAuthenticationTokenFilter - checking admin username:root
2024-05-28 20:40:50.367 INFO  4016 --- [http-nio-8080-exec-3] o.e.b.component.JwtAuthenticationTokenFilter - authenticated admin:root
2024-05-28 20:40:50.383 INFO  4016 --- [http-nio-8080-exec-3] org.example.bsproject.component.WebSocket - [websocket消息]单点消息:kknd
2024-05-28 20:42:24.657 INFO  4016 --- [http-nio-8080-exec-4] org.example.bsproject.component.WebSocket - [websocket消息]连接断开，总数为:0
2024-05-28 20:42:24.659 INFO  4016 --- [http-nio-8080-exec-5] org.example.bsproject.component.WebSocket - root[websocket消息]有新的连接，总数为:1
2024-05-28 20:42:34.437 INFO  4016 --- [http-nio-8080-exec-6] org.example.bsproject.component.WebSocket - [websocket消息]连接断开，总数为:0
2024-05-28 20:42:34.440 INFO  4016 --- [http-nio-8080-exec-7] org.example.bsproject.component.WebSocket - root[websocket消息]有新的连接，总数为:1
2024-05-28 20:42:37.065 INFO  4016 --- [http-nio-8080-exec-8] o.e.b.component.JwtAuthenticationTokenFilter - checking admin username:root
2024-05-28 20:42:37.068 INFO  4016 --- [http-nio-8080-exec-8] o.e.b.component.JwtAuthenticationTokenFilter - authenticated admin:root
2024-05-28 20:42:37.068 INFO  4016 --- [http-nio-8080-exec-8] org.example.bsproject.component.WebSocket - [websocket消息]广播消息:系统公告
2024-05-28 20:44:32.597 INFO  4016 --- [SpringApplicationShutdownHook] org.example.bsproject.component.WebSocket - [websocket消息]连接断开，总数为:0
2024-05-28 20:44:32.607 INFO  4016 --- [SpringApplicationShutdownHook] com.zaxxer.hikari.HikariDataSource - HikariPool-1 - Shutdown initiated...
2024-05-28 20:44:32.609 INFO  4016 --- [SpringApplicationShutdownHook] com.zaxxer.hikari.HikariDataSource - HikariPool-1 - Shutdown completed.
2024-05-28 20:44:36.271 INFO  50240 --- [main] org.example.bsproject.BSprojectApplication - Starting BSprojectApplication using Java 1.8.0_402 on LAPTOP-I8OFT18R with PID 50240 (W:\JavaProject\BSproject\target\classes started by huang in W:\JavaProject\BSproject)
2024-05-28 20:44:36.272 INFO  50240 --- [main] org.example.bsproject.BSprojectApplication - No active profile set, falling back to 1 default profile: "default"
2024-05-28 20:44:36.612 INFO  50240 --- [main] o.s.d.r.config.RepositoryConfigurationDelegate - Multiple Spring Data modules found, entering strict repository configuration mode
2024-05-28 20:44:36.613 INFO  50240 --- [main] o.s.d.r.config.RepositoryConfigurationDelegate - Bootstrapping Spring Data JDBC repositories in DEFAULT mode.
2024-05-28 20:44:36.622 INFO  50240 --- [main] o.s.d.r.config.RepositoryConfigurationDelegate - Finished Spring Data repository scanning in 7 ms. Found 0 JDBC repository interfaces.
2024-05-28 20:44:36.627 INFO  50240 --- [main] o.s.d.r.config.RepositoryConfigurationDelegate - Multiple Spring Data modules found, entering strict repository configuration mode
2024-05-28 20:44:36.627 INFO  50240 --- [main] o.s.d.r.config.RepositoryConfigurationDelegate - Bootstrapping Spring Data Redis repositories in DEFAULT mode.
2024-05-28 20:44:36.633 INFO  50240 --- [main] o.s.d.r.config.RepositoryConfigurationDelegate - Finished Spring Data repository scanning in 2 ms. Found 0 Redis repository interfaces.
2024-05-28 20:44:36.869 INFO  50240 --- [main] o.s.boot.web.embedded.tomcat.TomcatWebServer - Tomcat initialized with port(s): 8080 (http)
2024-05-28 20:44:36.873 INFO  50240 --- [main] org.apache.coyote.http11.Http11NioProtocol - Initializing ProtocolHandler ["http-nio-8080"]
2024-05-28 20:44:36.874 INFO  50240 --- [main] org.apache.catalina.core.StandardService - Starting service [Tomcat]
2024-05-28 20:44:36.874 INFO  50240 --- [main] org.apache.catalina.core.StandardEngine - Starting Servlet engine: [Apache Tomcat/9.0.68]
2024-05-28 20:44:36.922 INFO  50240 --- [main] o.a.c.core.ContainerBase.[Tomcat].[localhost].[/] - Initializing Spring embedded WebApplicationContext
2024-05-28 20:44:36.922 INFO  50240 --- [main] o.s.b.w.s.c.ServletWebServerApplicationContext - Root WebApplicationContext: initialization completed in 629 ms
2024-05-28 20:44:37.674 INFO  50240 --- [main] o.s.b.a.web.servlet.WelcomePageHandlerMapping - Adding welcome page: class path resource [static/index.html]
2024-05-28 20:44:37.715 INFO  50240 --- [main] o.s.security.web.DefaultSecurityFilterChain - Will secure any request with [org.springframework.security.web.context.request.async.WebAsyncManagerIntegrationFilter@ca8ef3a, org.springframework.security.web.context.SecurityContextPersistenceFilter@7885776b, org.springframework.security.web.header.HeaderWriterFilter@7a9eccc4, org.springframework.web.filter.CorsFilter@17043b04, org.springframework.security.web.authentication.logout.LogoutFilter@999b951, org.example.bsproject.component.JwtAuthenticationTokenFilter@726aa968, org.springframework.security.web.savedrequest.RequestCacheAwareFilter@3472947a, org.springframework.security.web.servletapi.SecurityContextHolderAwareRequestFilter@2404b5a, org.springframework.security.web.authentication.AnonymousAuthenticationFilter@511f5b1d, org.springframework.security.web.session.SessionManagementFilter@3069a360, org.springframework.security.web.access.ExceptionTranslationFilter@4cad79bc, org.springframework.security.web.access.intercept.FilterSecurityInterceptor@16ac5d35]
2024-05-28 20:44:37.797 INFO  50240 --- [main] com.zaxxer.hikari.HikariDataSource - HikariPool-1 - Starting...
2024-05-28 20:44:37.938 INFO  50240 --- [main] com.zaxxer.hikari.HikariDataSource - HikariPool-1 - Start completed.
2024-05-28 20:44:38.008 INFO  50240 --- [main] org.apache.coyote.http11.Http11NioProtocol - Starting ProtocolHandler ["http-nio-8080"]
2024-05-28 20:44:38.018 INFO  50240 --- [main] o.s.boot.web.embedded.tomcat.TomcatWebServer - Tomcat started on port(s): 8080 (http) with context path ''
2024-05-28 20:44:38.023 INFO  50240 --- [main] org.example.bsproject.BSprojectApplication - Started BSprojectApplication in 1.97 seconds (JVM running for 2.428)
2024-05-28 20:44:40.987 INFO  50240 --- [http-nio-8080-exec-1] o.a.c.core.ContainerBase.[Tomcat].[localhost].[/] - Initializing Spring DispatcherServlet 'dispatcherServlet'
2024-05-28 20:44:40.987 INFO  50240 --- [http-nio-8080-exec-1] org.springframework.web.servlet.DispatcherServlet - Initializing Servlet 'dispatcherServlet'
2024-05-28 20:44:40.988 INFO  50240 --- [http-nio-8080-exec-1] org.springframework.web.servlet.DispatcherServlet - Completed initialization in 1 ms
2024-05-28 20:44:41.018 INFO  50240 --- [http-nio-8080-exec-1] org.example.bsproject.component.WebSocket - root[websocket消息]有新的连接，总数为:1
2024-05-28 20:45:06.919 INFO  50240 --- [http-nio-8080-exec-2] org.example.bsproject.component.WebSocket - [websocket消息]连接断开，总数为:0
2024-05-28 20:45:06.920 INFO  50240 --- [http-nio-8080-exec-3] org.example.bsproject.component.WebSocket - root[websocket消息]有新的连接，总数为:1
2024-05-28 20:45:10.921 INFO  50240 --- [http-nio-8080-exec-4] o.e.b.component.JwtAuthenticationTokenFilter - checking admin username:root
2024-05-28 20:45:11.517 INFO  50240 --- [http-nio-8080-exec-4] o.e.b.component.JwtAuthenticationTokenFilter - authenticated admin:root
2024-05-28 20:45:11.531 INFO  50240 --- [http-nio-8080-exec-4] org.example.bsproject.component.WebSocket - [websocket消息]广播消息:系统公告
2024-05-28 20:45:21.870 INFO  50240 --- [http-nio-8080-exec-6] o.e.b.component.JwtAuthenticationTokenFilter - checking admin username:root
2024-05-28 20:45:21.873 INFO  50240 --- [http-nio-8080-exec-6] o.e.b.component.JwtAuthenticationTokenFilter - authenticated admin:root
2024-05-28 20:45:21.874 INFO  50240 --- [http-nio-8080-exec-6] org.example.bsproject.component.WebSocket - [websocket消息]单点消息:管理员私信
2024-05-28 20:45:38.081 INFO  50240 --- [http-nio-8080-exec-7] org.example.bsproject.component.WebSocket - [websocket消息]连接断开，总数为:0
2024-05-28 20:45:57.806 INFO  50240 --- [http-nio-8080-exec-9] org.example.bsproject.component.WebSocket - root[websocket消息]有新的连接，总数为:1
2024-05-28 20:45:59.769 INFO  50240 --- [http-nio-8080-exec-10] org.example.bsproject.component.WebSocket - [websocket消息]连接断开，总数为:0
2024-05-28 20:45:59.859 INFO  50240 --- [http-nio-8080-exec-1] org.example.bsproject.component.WebSocket - root[websocket消息]有新的连接，总数为:1
2024-05-28 20:46:00.500 INFO  50240 --- [http-nio-8080-exec-2] org.example.bsproject.component.WebSocket - [websocket消息]连接断开，总数为:0
2024-05-28 20:46:00.503 INFO  50240 --- [http-nio-8080-exec-3] org.example.bsproject.component.WebSocket - root[websocket消息]有新的连接，总数为:1
2024-05-28 20:46:08.409 INFO  50240 --- [http-nio-8080-exec-4] org.example.bsproject.component.WebSocket - [websocket消息]连接断开，总数为:0
2024-05-28 20:46:08.472 INFO  50240 --- [http-nio-8080-exec-5] org.example.bsproject.component.WebSocket - root[websocket消息]有新的连接，总数为:1
2024-05-28 20:46:09.152 INFO  50240 --- [http-nio-8080-exec-6] org.example.bsproject.component.WebSocket - [websocket消息]连接断开，总数为:0
2024-05-28 20:46:09.200 INFO  50240 --- [http-nio-8080-exec-7] org.example.bsproject.component.WebSocket - root[websocket消息]有新的连接，总数为:1
2024-05-28 20:46:37.368 INFO  50240 --- [http-nio-8080-exec-8] org.example.bsproject.component.WebSocket - [websocket消息]连接断开，总数为:0
2024-05-28 20:46:37.414 INFO  50240 --- [http-nio-8080-exec-9] org.example.bsproject.component.WebSocket - root[websocket消息]有新的连接，总数为:1
2024-05-28 20:46:38.532 INFO  50240 --- [http-nio-8080-exec-10] org.example.bsproject.component.WebSocket - [websocket消息]连接断开，总数为:0
2024-05-28 20:46:38.577 INFO  50240 --- [http-nio-8080-exec-1] org.example.bsproject.component.WebSocket - root[websocket消息]有新的连接，总数为:1
2024-05-28 20:46:44.105 INFO  50240 --- [http-nio-8080-exec-2] org.example.bsproject.component.WebSocket - [websocket消息]连接断开，总数为:0
2024-05-28 20:47:27.749 INFO  50240 --- [SpringApplicationShutdownHook] com.zaxxer.hikari.HikariDataSource - HikariPool-1 - Shutdown initiated...
2024-05-28 20:47:27.751 INFO  50240 --- [SpringApplicationShutdownHook] com.zaxxer.hikari.HikariDataSource - HikariPool-1 - Shutdown completed.
